#
# There is insufficient memory for the Java Runtime Environment to continue.
# Native memory allocation (malloc) failed to allocate 745456 bytes for Chunk::new
# Possible reasons:
#   The system is out of physical RAM or swap space
#   The process is running with CompressedOops enabled, and the Java Heap may be blocking the growth of the native heap
# Possible solutions:
#   Reduce memory load on the system
#   Increase physical memory or swap space
#   Check if swap backing store is full
#   Decrease Java heap size (-Xmx/-Xms)
#   Decrease number of Java threads
#   Decrease Java thread stack sizes (-Xss)
#   Set larger code cache with -XX:ReservedCodeCacheSize=
#   JVM is running with Unscaled Compressed Oops mode in which the Java heap is
#     placed in the first 4GB address space. The Java Heap base address is the
#     maximum limit for the native heap growth. Please use -XX:HeapBaseMinAddress
#     to set the Java Heap base and to place the Java Heap above 4GB virtual address.
# This output file may be truncated or incomplete.
#
#  Out of Memory Error (arena.cpp:197), pid=20076, tid=21624
#
# JRE version: OpenJDK Runtime Environment Corretto-11.0.26.4.1 (11.0.26+4) (build 11.0.26+4-LTS)
# Java VM: OpenJDK 64-Bit Server VM Corretto-11.0.26.4.1 (11.0.26+4-LTS, mixed mode, tiered, compressed oops, g1 gc, windows-amd64)
# No core dump will be written. Minidumps are not enabled by default on client versions of Windows
#

---------------  S U M M A R Y ------------

Command Line: --add-opens=java.base/java.util=ALL-UNNAMED --add-opens=java.base/java.lang=ALL-UNNAMED --add-opens=java.base/java.lang.invoke=ALL-UNNAMED --add-opens=java.prefs/java.util.prefs=ALL-UNNAMED --add-opens=java.base/java.nio.charset=ALL-UNNAMED --add-opens=java.base/java.net=ALL-UNNAMED --add-opens=java.base/java.util.concurrent.atomic=ALL-UNNAMED -XX:MaxMetaspaceSize=256m -XX:+HeapDumpOnOutOfMemoryError -Xms256m -Xmx512m -Dfile.encoding=UTF-8 -Duser.country=RU -Duser.language=ru -Duser.variant org.gradle.launcher.daemon.bootstrap.GradleDaemon 7.6

Host: Intel(R) Core(TM) i3-10110U CPU @ 2.10GHz, 4 cores, 7G,  Windows 11 , 64 bit Build 26100 (10.0.26100.3775)
Time: Wed Apr 16 15:58:47 2025  Windows 11 , 64 bit Build 26100 (10.0.26100.3775) elapsed time: 103.177889 seconds (0d 0h 1m 43s)

---------------  T H R E A D  ---------------

Current thread (0x00000210a3f9c800):  JavaThread "C2 CompilerThread0" daemon [_thread_in_native, id=21624, stack(0x00000036ddb00000,0x00000036ddc00000)]


Current CompileTask:
C2: 103178 10857   !   4       java.io.ObjectInputStream::readObject0 (671 bytes)

Stack: [0x00000036ddb00000,0x00000036ddc00000]
Native frames: (J=compiled Java code, j=interpreted, Vv=VM code, C=native code)
V  [jvm.dll+0x64644a]
V  [jvm.dll+0x7dac99]
V  [jvm.dll+0x7dc399]
V  [jvm.dll+0x7dca83]
V  [jvm.dll+0x269da5]
V  [jvm.dll+0xc217c]
V  [jvm.dll+0xc272c]
V  [jvm.dll+0x2dc162]
V  [jvm.dll+0x55130b]
V  [jvm.dll+0x2215bb]
V  [jvm.dll+0x22364a]
V  [jvm.dll+0x220cf4]
V  [jvm.dll+0x19ea01]
V  [jvm.dll+0x230cb9]
V  [jvm.dll+0x22ee2f]
V  [jvm.dll+0x79bec1]
V  [jvm.dll+0x794b94]
V  [jvm.dll+0x645205]
C  [ucrtbase.dll+0x37b0]
C  [KERNEL32.DLL+0x2e8d7]
C  [ntdll.dll+0xb14fc]


---------------  P R O C E S S  ---------------

Threads class SMR info:
_java_thread_list=0x00000210a677e000, length=102, elements={
0x0000021087e4c800, 0x00000210a35ec000, 0x00000210a3618000, 0x00000210a3f99800,
0x00000210a3f9a800, 0x00000210a3f9b800, 0x00000210a3f9c800, 0x00000210a3fa7800,
0x00000210a3fb0000, 0x00000210a4127000, 0x00000210a60ba000, 0x00000210a51ac800,
0x00000210a53ae000, 0x00000210a5368800, 0x00000210a6204800, 0x00000210a52aa800,
0x00000210a52ac800, 0x00000210a52ad000, 0x00000210a52ae800, 0x00000210a52ae000,
0x00000210a52af800, 0x00000210a9049000, 0x00000210a904c800, 0x00000210a904b000,
0x00000210a9050800, 0x00000210a904e000, 0x00000210a9054800, 0x00000210aadef000,
0x00000210a9e4d800, 0x00000210a9e4c000, 0x00000210a9e50000, 0x00000210aade7800,
0x00000210aade5000, 0x00000210aade6000, 0x00000210aade9000, 0x00000210aade7000,
0x00000210aadea000, 0x00000210aadeb000, 0x00000210aade8800, 0x00000210aaded800,
0x00000210aadee000, 0x00000210aadec800, 0x00000210aadeb800, 0x00000210aadf2000,
0x00000210aadf1800, 0x00000210aadf0800, 0x00000210aadf0000, 0x00000210aadf3000,
0x00000210aadf4000, 0x00000210a9e43800, 0x00000210a9e44800, 0x00000210a9e42000,
0x00000210a9e45800, 0x00000210a9e43000, 0x00000210a9e48800, 0x00000210a9e48000,
0x00000210a9e46000, 0x00000210a9e49800, 0x00000210a9e47000, 0x00000210a9e4c800,
0x00000210a9e4b000, 0x00000210a9e4a800, 0x00000210a9e4e800, 0x00000210a9e4f000,
0x00000210a9e51000, 0x00000210a904a000, 0x00000210a904b800, 0x00000210a9054000,
0x00000210a9052000, 0x00000210a9051800, 0x00000210a9053000, 0x00000210a9057000,
0x00000210a9058000, 0x00000210a52ab800, 0x00000210a52b0800, 0x00000210a52b1000,
0x00000210a6af0000, 0x00000210a6af1000, 0x00000210a6af2800, 0x00000210a6af3000,
0x00000210a6af4000, 0x00000210a6af1800, 0x00000210a6af5000, 0x00000210a6af5800,
0x00000210a6af6800, 0x00000210a6afa000, 0x00000210a6af9000, 0x00000210a6af7800,
0x00000210a6af8000, 0x00000210a6afa800, 0x00000210a6afe000, 0x00000210a6afb800,
0x00000210a6afd000, 0x00000210a6afc000, 0x00000210a6afe800, 0x00000210a6975800,
0x00000210a6974000, 0x00000210a6977000, 0x00000210a6974800, 0x00000210a6976000,
0x00000210a6979800, 0x00000210a466b800
}

Java Threads: ( => current thread )
  0x0000021087e4c800 JavaThread "main" [_thread_blocked, id=2116, stack(0x00000036dcf00000,0x00000036dd000000)]
  0x00000210a35ec000 JavaThread "Reference Handler" daemon [_thread_blocked, id=6792, stack(0x00000036dd600000,0x00000036dd700000)]
  0x00000210a3618000 JavaThread "Finalizer" daemon [_thread_blocked, id=16204, stack(0x00000036dd700000,0x00000036dd800000)]
  0x00000210a3f99800 JavaThread "Signal Dispatcher" daemon [_thread_blocked, id=9512, stack(0x00000036dd800000,0x00000036dd900000)]
  0x00000210a3f9a800 JavaThread "Attach Listener" daemon [_thread_blocked, id=1668, stack(0x00000036dd900000,0x00000036dda00000)]
  0x00000210a3f9b800 JavaThread "Service Thread" daemon [_thread_blocked, id=19432, stack(0x00000036dda00000,0x00000036ddb00000)]
=>0x00000210a3f9c800 JavaThread "C2 CompilerThread0" daemon [_thread_in_native, id=21624, stack(0x00000036ddb00000,0x00000036ddc00000)]
  0x00000210a3fa7800 JavaThread "C1 CompilerThread0" daemon [_thread_blocked, id=21064, stack(0x00000036ddc00000,0x00000036ddd00000)]
  0x00000210a3fb0000 JavaThread "Sweeper thread" daemon [_thread_blocked, id=21492, stack(0x00000036ddd00000,0x00000036dde00000)]
  0x00000210a4127000 JavaThread "Common-Cleaner" daemon [_thread_blocked, id=19996, stack(0x00000036dde00000,0x00000036ddf00000)]
  0x00000210a60ba000 JavaThread "Daemon health stats" [_thread_blocked, id=23876, stack(0x00000036de400000,0x00000036de500000)]
  0x00000210a51ac800 JavaThread "Incoming local TCP Connector on port 34266" [_thread_in_native, id=3496, stack(0x00000036de000000,0x00000036de100000)]
  0x00000210a53ae000 JavaThread "Daemon periodic checks" [_thread_blocked, id=9712, stack(0x00000036de500000,0x00000036de600000)]
  0x00000210a5368800 JavaThread "Daemon" [_thread_blocked, id=18116, stack(0x00000036de600000,0x00000036de700000)]
  0x00000210a6204800 JavaThread "Daemon worker" [_thread_blocked, id=4688, stack(0x00000036de900000,0x00000036dea00000)]
  0x00000210a52aa800 JavaThread "Cache worker for journal cache (C:\Users\tleva\.gradle\caches\journal-1)" [_thread_blocked, id=20416, stack(0x00000036ded00000,0x00000036dee00000)]
  0x00000210a52ac800 JavaThread "File lock request listener" [_thread_in_native, id=7220, stack(0x00000036dee00000,0x00000036def00000)]
  0x00000210a52ad000 JavaThread "Cache worker for file hash cache (C:\Users\tleva\.gradle\caches\7.6\fileHashes)" [_thread_blocked, id=3628, stack(0x00000036def00000,0x00000036df000000)]
  0x00000210a52ae800 JavaThread "File watcher server" daemon [_thread_in_native, id=9752, stack(0x00000036df100000,0x00000036df200000)]
  0x00000210a52ae000 JavaThread "File watcher consumer" daemon [_thread_blocked, id=2508, stack(0x00000036df200000,0x00000036df300000)]
  0x00000210a52af800 JavaThread "Cache worker for file content cache (C:\Users\tleva\.gradle\caches\7.6\fileContent)" [_thread_blocked, id=23060, stack(0x00000036df500000,0x00000036df600000)]
  0x00000210a9049000 JavaThread "Cache worker for execution history cache (C:\Users\tleva\.gradle\caches\7.6\executionHistory)" [_thread_blocked, id=12348, stack(0x00000036df800000,0x00000036df900000)]
  0x00000210a904c800 JavaThread "jar transforms" [_thread_blocked, id=21340, stack(0x00000036df000000,0x00000036df100000)]
  0x00000210a904b000 JavaThread "jar transforms Thread 2" [_thread_blocked, id=23972, stack(0x00000036dfa00000,0x00000036dfb00000)]
  0x00000210a9050800 JavaThread "jar transforms Thread 3" [_thread_blocked, id=4452, stack(0x00000036dfb00000,0x00000036dfc00000)]
  0x00000210a904e000 JavaThread "jar transforms Thread 4" [_thread_blocked, id=19388, stack(0x00000036dfc00000,0x00000036dfd00000)]
  0x00000210a9054800 JavaThread "Memory manager" [_thread_blocked, id=22284, stack(0x00000036e0000000,0x00000036e0100000)]
  0x00000210aadef000 JavaThread "Cache worker for Java compile cache (C:\Users\tleva\.gradle\caches\7.6\javaCompile)" [_thread_blocked, id=3456, stack(0x00000036e0e00000,0x00000036e0f00000)]
  0x00000210a9e4d800 JavaThread "Exec process" [_thread_in_native, id=18504, stack(0x00000036e3700000,0x00000036e3800000)]
  0x00000210a9e4c000 JavaThread "Exec process Thread 3" [_thread_in_native, id=21996, stack(0x00000036e3a00000,0x00000036e3b00000)]
  0x00000210a9e50000 JavaThread "Exec process Thread 4" [_thread_blocked, id=23260, stack(0x00000036e3b00000,0x00000036e3c00000)]
  0x00000210aade7800 JavaThread "Handler for socket connection from /127.0.0.1:34266 to /127.0.0.1:34302" [_thread_in_native, id=20716, stack(0x00000036dcc00000,0x00000036dcd00000)]
  0x00000210aade5000 JavaThread "Cancel handler" [_thread_blocked, id=7120, stack(0x00000036dcd00000,0x00000036dce00000)]
  0x00000210aade6000 JavaThread "Asynchronous log dispatcher for DefaultDaemonConnection: socket connection from /127.0.0.1:34266 to /127.0.0.1:34302" [_thread_blocked, id=1296, stack(0x00000036dce00000,0x00000036dcf00000)]
  0x00000210aade9000 JavaThread "Stdin handler" [_thread_blocked, id=22960, stack(0x00000036de700000,0x00000036de800000)]
  0x00000210aade7000 JavaThread "Daemon client event forwarder" [_thread_blocked, id=17996, stack(0x00000036de800000,0x00000036de900000)]
  0x00000210aadea000 JavaThread "Cache worker for checksums cache (C:\Users\tleva\IdeaProjects\BDD\.gradle\7.6\checksums)" [_thread_blocked, id=13224, stack(0x00000036dea00000,0x00000036deb00000)]
  0x00000210aadeb000 JavaThread "Cache worker for cache directory md-rule (C:\Users\tleva\.gradle\caches\7.6\md-rule)" [_thread_blocked, id=23708, stack(0x00000036deb00000,0x00000036dec00000)]
  0x00000210aade8800 JavaThread "Cache worker for file hash cache (C:\Users\tleva\IdeaProjects\BDD\.gradle\7.6\fileHashes)" [_thread_blocked, id=18576, stack(0x00000036dec00000,0x00000036ded00000)]
  0x00000210aaded800 JavaThread "Cache worker for cache directory md-supplier (C:\Users\tleva\.gradle\caches\7.6\md-supplier)" [_thread_blocked, id=14292, stack(0x00000036df300000,0x00000036df400000)]
  0x00000210aadee000 JavaThread "Cache worker for dependencies-accessors (C:\Users\tleva\IdeaProjects\BDD\.gradle\7.6\dependencies-accessors)" [_thread_blocked, id=21364, stack(0x00000036df600000,0x00000036df700000)]
  0x00000210aadec800 JavaThread "Cache worker for Build Output Cleanup Cache (C:\Users\tleva\IdeaProjects\BDD\.gradle\buildOutputCleanup)" [_thread_blocked, id=10652, stack(0x00000036df700000,0x00000036df800000)]
  0x00000210aadeb800 JavaThread "Unconstrained build operations" [_thread_blocked, id=17084, stack(0x00000036df900000,0x00000036dfa00000)]
  0x00000210aadf2000 JavaThread "included builds" [_thread_blocked, id=19944, stack(0x00000036dfd00000,0x00000036dfe00000)]
  0x00000210aadf1800 JavaThread "Execution worker" [_thread_blocked, id=24304, stack(0x00000036dfe00000,0x00000036dff00000)]
  0x00000210aadf0800 JavaThread "Execution worker Thread 2" [_thread_blocked, id=7124, stack(0x00000036dff00000,0x00000036e0000000)]
  0x00000210aadf0000 JavaThread "Execution worker Thread 3" [_thread_blocked, id=2952, stack(0x00000036e0200000,0x00000036e0300000)]
  0x00000210aadf3000 JavaThread "Cache worker for execution history cache (C:\Users\tleva\IdeaProjects\BDD\.gradle\7.6\executionHistory)" [_thread_blocked, id=17960, stack(0x00000036e0300000,0x00000036e0400000)]
  0x00000210aadf4000 JavaThread "Unconstrained build operations Thread 2" [_thread_blocked, id=18140, stack(0x00000036e0400000,0x00000036e0500000)]
  0x00000210a9e43800 JavaThread "WorkerExecutor Queue" [_thread_blocked, id=1716, stack(0x00000036e0500000,0x00000036e0600000)]
  0x00000210a9e44800 JavaThread "WorkerExecutor Queue Thread 2" [_thread_blocked, id=9316, stack(0x00000036e0600000,0x00000036e0700000)]
  0x00000210a9e42000 JavaThread "Unconstrained build operations Thread 3" [_thread_blocked, id=11972, stack(0x00000036e0700000,0x00000036e0800000)]
  0x00000210a9e45800 JavaThread "Unconstrained build operations Thread 4" [_thread_blocked, id=7896, stack(0x00000036e0800000,0x00000036e0900000)]
  0x00000210a9e43000 JavaThread "Unconstrained build operations Thread 5" [_thread_blocked, id=23008, stack(0x00000036e0900000,0x00000036e0a00000)]
  0x00000210a9e48800 JavaThread "Unconstrained build operations Thread 6" [_thread_blocked, id=24336, stack(0x00000036e0a00000,0x00000036e0b00000)]
  0x00000210a9e48000 JavaThread "Unconstrained build operations Thread 7" [_thread_blocked, id=23140, stack(0x00000036e0b00000,0x00000036e0c00000)]
  0x00000210a9e46000 JavaThread "Build operations" [_thread_blocked, id=16904, stack(0x00000036e0c00000,0x00000036e0d00000)]
  0x00000210a9e49800 JavaThread "Build operations Thread 2" [_thread_blocked, id=13448, stack(0x00000036e0d00000,0x00000036e0e00000)]
  0x00000210a9e47000 JavaThread "Build operations Thread 3" [_thread_blocked, id=3904, stack(0x00000036e0f00000,0x00000036e1000000)]
  0x00000210a9e4c800 JavaThread "Build operations Thread 4" [_thread_blocked, id=11824, stack(0x00000036e1000000,0x00000036e1100000)]
  0x00000210a9e4b000 JavaThread "Unconstrained build operations Thread 8" [_thread_blocked, id=17836, stack(0x00000036e1100000,0x00000036e1200000)]
  0x00000210a9e4a800 JavaThread "Unconstrained build operations Thread 9" [_thread_blocked, id=8612, stack(0x00000036e1200000,0x00000036e1300000)]
  0x00000210a9e4e800 JavaThread "Unconstrained build operations Thread 10" [_thread_blocked, id=12384, stack(0x00000036e1300000,0x00000036e1400000)]
  0x00000210a9e4f000 JavaThread "Unconstrained build operations Thread 11" [_thread_blocked, id=24180, stack(0x00000036e1400000,0x00000036e1500000)]
  0x00000210a9e51000 JavaThread "Unconstrained build operations Thread 12" [_thread_blocked, id=1624, stack(0x00000036e1500000,0x00000036e1600000)]
  0x00000210a904a000 JavaThread "Unconstrained build operations Thread 13" [_thread_blocked, id=22712, stack(0x00000036e1600000,0x00000036e1700000)]
  0x00000210a904b800 JavaThread "Unconstrained build operations Thread 14" [_thread_blocked, id=17008, stack(0x00000036e1700000,0x00000036e1800000)]
  0x00000210a9054000 JavaThread "Unconstrained build operations Thread 15" [_thread_blocked, id=20576, stack(0x00000036e1800000,0x00000036e1900000)]
  0x00000210a9052000 JavaThread "Unconstrained build operations Thread 16" [_thread_blocked, id=3728, stack(0x00000036e1900000,0x00000036e1a00000)]
  0x00000210a9051800 JavaThread "Unconstrained build operations Thread 17" [_thread_blocked, id=13952, stack(0x00000036e1a00000,0x00000036e1b00000)]
  0x00000210a9053000 JavaThread "Unconstrained build operations Thread 18" [_thread_blocked, id=23896, stack(0x00000036e1b00000,0x00000036e1c00000)]
  0x00000210a9057000 JavaThread "Unconstrained build operations Thread 19" [_thread_blocked, id=14372, stack(0x00000036e1c00000,0x00000036e1d00000)]
  0x00000210a9058000 JavaThread "Unconstrained build operations Thread 20" [_thread_blocked, id=8484, stack(0x00000036e1d00000,0x00000036e1e00000)]
  0x00000210a52ab800 JavaThread "Unconstrained build operations Thread 21" [_thread_blocked, id=3100, stack(0x00000036e1e00000,0x00000036e1f00000)]
  0x00000210a52b0800 JavaThread "Unconstrained build operations Thread 22" [_thread_blocked, id=22164, stack(0x00000036e1f00000,0x00000036e2000000)]
  0x00000210a52b1000 JavaThread "Unconstrained build operations Thread 23" [_thread_blocked, id=16228, stack(0x00000036e2000000,0x00000036e2100000)]
  0x00000210a6af0000 JavaThread "Unconstrained build operations Thread 24" [_thread_blocked, id=23828, stack(0x00000036e2100000,0x00000036e2200000)]
  0x00000210a6af1000 JavaThread "Unconstrained build operations Thread 25" [_thread_blocked, id=20788, stack(0x00000036e2200000,0x00000036e2300000)]
  0x00000210a6af2800 JavaThread "Unconstrained build operations Thread 26" [_thread_blocked, id=5376, stack(0x00000036e2300000,0x00000036e2400000)]
  0x00000210a6af3000 JavaThread "Unconstrained build operations Thread 27" [_thread_blocked, id=2540, stack(0x00000036e2400000,0x00000036e2500000)]
  0x00000210a6af4000 JavaThread "Unconstrained build operations Thread 28" [_thread_blocked, id=15328, stack(0x00000036e2500000,0x00000036e2600000)]
  0x00000210a6af1800 JavaThread "Unconstrained build operations Thread 29" [_thread_blocked, id=1196, stack(0x00000036e2600000,0x00000036e2700000)]
  0x00000210a6af5000 JavaThread "Unconstrained build operations Thread 30" [_thread_blocked, id=14628, stack(0x00000036e2700000,0x00000036e2800000)]
  0x00000210a6af5800 JavaThread "Unconstrained build operations Thread 31" [_thread_blocked, id=5272, stack(0x00000036e2800000,0x00000036e2900000)]
  0x00000210a6af6800 JavaThread "Unconstrained build operations Thread 32" [_thread_blocked, id=2688, stack(0x00000036e2900000,0x00000036e2a00000)]
  0x00000210a6afa000 JavaThread "Unconstrained build operations Thread 33" [_thread_blocked, id=18756, stack(0x00000036e2a00000,0x00000036e2b00000)]
  0x00000210a6af9000 JavaThread "Unconstrained build operations Thread 34" [_thread_blocked, id=6240, stack(0x00000036e2b00000,0x00000036e2c00000)]
  0x00000210a6af7800 JavaThread "Unconstrained build operations Thread 35" [_thread_blocked, id=21708, stack(0x00000036e2c00000,0x00000036e2d00000)]
  0x00000210a6af8000 JavaThread "Unconstrained build operations Thread 36" [_thread_blocked, id=21048, stack(0x00000036e2d00000,0x00000036e2e00000)]
  0x00000210a6afa800 JavaThread "Unconstrained build operations Thread 37" [_thread_blocked, id=19320, stack(0x00000036e2e00000,0x00000036e2f00000)]
  0x00000210a6afe000 JavaThread "Unconstrained build operations Thread 38" [_thread_blocked, id=20680, stack(0x00000036e2f00000,0x00000036e3000000)]
  0x00000210a6afb800 JavaThread "Unconstrained build operations Thread 39" [_thread_blocked, id=17548, stack(0x00000036e3000000,0x00000036e3100000)]
  0x00000210a6afd000 JavaThread "Unconstrained build operations Thread 40" [_thread_blocked, id=20292, stack(0x00000036e3100000,0x00000036e3200000)]
  0x00000210a6afc000 JavaThread "Dispatch org.gradle.api.internal.tasks.testing.results.AttachParentTestResultProcessor@68892c08" [_thread_blocked, id=22272, stack(0x00000036e3200000,0x00000036e3300000)]
  0x00000210a6afe800 JavaThread "Dispatch org.gradle.api.internal.tasks.testing.processors.RestartEveryNTestClassProcessor@57ecce13" [_thread_blocked, id=21736, stack(0x00000036e3300000,0x00000036e3400000)]
  0x00000210a6975800 JavaThread "Incoming local TCP Connector on port 34305" [_thread_blocked, id=3908, stack(0x00000036e3400000,0x00000036e3500000)]
  0x00000210a6974000 JavaThread "Exec process Thread 5" [_thread_in_native, id=2940, stack(0x00000036e3600000,0x00000036e3700000)]
  0x00000210a6977000 JavaThread "/127.0.0.1:34305 to /127.0.0.1:34306 workers" [_thread_blocked, id=16360, stack(0x00000036df400000,0x00000036df500000)]
  0x00000210a6974800 JavaThread "/127.0.0.1:34305 to /127.0.0.1:34306 workers Thread 2" [_thread_blocked, id=7164, stack(0x00000036e3500000,0x00000036e3600000)]
  0x00000210a6976000 JavaThread "/127.0.0.1:34305 to /127.0.0.1:34306 workers Thread 3" [_thread_blocked, id=16640, stack(0x00000036e3800000,0x00000036e3900000)]
  0x00000210a6979800 JavaThread "/127.0.0.1:34305 to /127.0.0.1:34306 workers Thread 4" [_thread_blocked, id=5288, stack(0x00000036e3900000,0x00000036e3a00000)]
  0x00000210a466b800 JavaThread "C2 CompilerThread1" daemon [_thread_blocked, id=19948, stack(0x00000036e0100000,0x00000036e0200000)]

Other Threads:
  0x00000210a35eb000 VMThread "VM Thread" [stack: 0x00000036dd500000,0x00000036dd600000] [id=14160]
  0x00000210a412e800 WatcherThread [stack: 0x00000036ddf00000,0x00000036de000000] [id=13676]
  0x0000021087e64800 GCTaskThread "GC Thread#0" [stack: 0x00000036dd000000,0x00000036dd100000] [id=18160]
  0x00000210a4b16800 GCTaskThread "GC Thread#1" [stack: 0x00000036de100000,0x00000036de200000] [id=6972]
  0x00000210a4b17000 GCTaskThread "GC Thread#2" [stack: 0x00000036de200000,0x00000036de300000] [id=17340]
  0x00000210a484b800 GCTaskThread "GC Thread#3" [stack: 0x00000036de300000,0x00000036de400000] [id=4412]
  0x0000021087e76000 ConcurrentGCThread "G1 Main Marker" [stack: 0x00000036dd100000,0x00000036dd200000] [id=3440]
  0x0000021087e78000 ConcurrentGCThread "G1 Conc#0" [stack: 0x00000036dd200000,0x00000036dd300000] [id=876]
  0x00000210a3482800 ConcurrentGCThread "G1 Refine#0" [stack: 0x00000036dd300000,0x00000036dd400000] [id=14844]
  0x00000210a348a800 ConcurrentGCThread "G1 Young RemSet Sampling" [stack: 0x00000036dd400000,0x00000036dd500000] [id=15808]

Threads with active compile tasks:
C2 CompilerThread0   103280 10857   !   4       java.io.ObjectInputStream::readObject0 (671 bytes)

VM state:not at safepoint (normal execution)

VM Mutex/Monitor currently owned by a thread: None

Heap address: 0x00000000e0000000, size: 512 MB, Compressed Oops mode: 32-bit
Narrow klass base: 0x0000000000000000, Narrow klass shift: 3
Compressed class space size: 260046848 Address: 0x0000000100000000

Heap:
 garbage-first heap   total 262144K, used 138240K [0x00000000e0000000, 0x0000000100000000)
  region size 1024K, 85 young (87040K), 18 survivors (18432K)
 Metaspace       used 81040K, capacity 84286K, committed 84400K, reserved 327680K
  class space    used 10470K, capacity 11687K, committed 11776K, reserved 253952K
Heap Regions: E=young(eden), S=young(survivor), O=old, HS=humongous(starts), HC=humongous(continues), CS=collection set, F=free, A=archive, TAMS=top-at-mark-start (previous, next)
|   0|0x00000000e0000000, 0x00000000e0100000, 0x00000000e0100000|100%|HS|  |TAMS 0x00000000e0100000, 0x00000000e0000000| Complete 
|   1|0x00000000e0100000, 0x00000000e0200000, 0x00000000e0200000|100%|HC|  |TAMS 0x00000000e0200000, 0x00000000e0100000| Complete 
|   2|0x00000000e0200000, 0x00000000e0300000, 0x00000000e0300000|100%|HC|  |TAMS 0x00000000e0300000, 0x00000000e0200000| Complete 
|   3|0x00000000e0300000, 0x00000000e0400000, 0x00000000e0400000|100%| O|  |TAMS 0x00000000e0400000, 0x00000000e0300000| Untracked 
|   4|0x00000000e0400000, 0x00000000e0500000, 0x00000000e0500000|100%| O|  |TAMS 0x00000000e0500000, 0x00000000e0400000| Untracked 
|   5|0x00000000e0500000, 0x00000000e0600000, 0x00000000e0600000|100%| O|  |TAMS 0x00000000e0600000, 0x00000000e0500000| Untracked 
|   6|0x00000000e0600000, 0x00000000e0700000, 0x00000000e0700000|100%| O|  |TAMS 0x00000000e0700000, 0x00000000e0600000| Untracked 
|   7|0x00000000e0700000, 0x00000000e0800000, 0x00000000e0800000|100%| O|  |TAMS 0x00000000e0800000, 0x00000000e0700000| Untracked 
|   8|0x00000000e0800000, 0x00000000e0900000, 0x00000000e0900000|100%| O|  |TAMS 0x00000000e0900000, 0x00000000e0800000| Untracked 
|   9|0x00000000e0900000, 0x00000000e0a00000, 0x00000000e0a00000|100%| O|  |TAMS 0x00000000e0a00000, 0x00000000e0900000| Untracked 
|  10|0x00000000e0a00000, 0x00000000e0b00000, 0x00000000e0b00000|100%| O|  |TAMS 0x00000000e0b00000, 0x00000000e0a00000| Untracked 
|  11|0x00000000e0b00000, 0x00000000e0c00000, 0x00000000e0c00000|100%| O|  |TAMS 0x00000000e0c00000, 0x00000000e0b00000| Untracked 
|  12|0x00000000e0c00000, 0x00000000e0d00000, 0x00000000e0d00000|100%| O|  |TAMS 0x00000000e0d00000, 0x00000000e0c00000| Untracked 
|  13|0x00000000e0d00000, 0x00000000e0e00000, 0x00000000e0e00000|100%| O|  |TAMS 0x00000000e0e00000, 0x00000000e0d00000| Untracked 
|  14|0x00000000e0e00000, 0x00000000e0f00000, 0x00000000e0f00000|100%| O|  |TAMS 0x00000000e0f00000, 0x00000000e0e00000| Untracked 
|  15|0x00000000e0f00000, 0x00000000e1000000, 0x00000000e1000000|100%| O|  |TAMS 0x00000000e1000000, 0x00000000e0f00000| Untracked 
|  16|0x00000000e1000000, 0x00000000e1100000, 0x00000000e1100000|100%| O|  |TAMS 0x00000000e1100000, 0x00000000e1000000| Untracked 
|  17|0x00000000e1100000, 0x00000000e1200000, 0x00000000e1200000|100%| O|  |TAMS 0x00000000e1200000, 0x00000000e1100000| Untracked 
|  18|0x00000000e1200000, 0x00000000e1300000, 0x00000000e1300000|100%| O|  |TAMS 0x00000000e1300000, 0x00000000e1200000| Untracked 
|  19|0x00000000e1300000, 0x00000000e1400000, 0x00000000e1400000|100%| O|  |TAMS 0x00000000e1400000, 0x00000000e1300000| Untracked 
|  20|0x00000000e1400000, 0x00000000e1500000, 0x00000000e1500000|100%| O|  |TAMS 0x00000000e1500000, 0x00000000e1400000| Untracked 
|  21|0x00000000e1500000, 0x00000000e1600000, 0x00000000e1600000|100%| O|  |TAMS 0x00000000e1600000, 0x00000000e1500000| Untracked 
|  22|0x00000000e1600000, 0x00000000e1700000, 0x00000000e1700000|100%| O|  |TAMS 0x00000000e1700000, 0x00000000e1600000| Untracked 
|  23|0x00000000e1700000, 0x00000000e1800000, 0x00000000e1800000|100%| O|  |TAMS 0x00000000e1800000, 0x00000000e1700000| Untracked 
|  24|0x00000000e1800000, 0x00000000e1900000, 0x00000000e1900000|100%| O|  |TAMS 0x00000000e1900000, 0x00000000e1800000| Untracked 
|  25|0x00000000e1900000, 0x00000000e1a00000, 0x00000000e1a00000|100%| O|  |TAMS 0x00000000e1a00000, 0x00000000e1900000| Untracked 
|  26|0x00000000e1a00000, 0x00000000e1b00000, 0x00000000e1b00000|100%| O|  |TAMS 0x00000000e1b00000, 0x00000000e1a00000| Untracked 
|  27|0x00000000e1b00000, 0x00000000e1c00000, 0x00000000e1c00000|100%| O|  |TAMS 0x00000000e1c00000, 0x00000000e1b00000| Untracked 
|  28|0x00000000e1c00000, 0x00000000e1d00000, 0x00000000e1d00000|100%| O|  |TAMS 0x00000000e1d00000, 0x00000000e1c00000| Untracked 
|  29|0x00000000e1d00000, 0x00000000e1e00000, 0x00000000e1e00000|100%| O|  |TAMS 0x00000000e1d36200, 0x00000000e1d00000| Untracked 
|  30|0x00000000e1e00000, 0x00000000e1f00000, 0x00000000e1f00000|100%| O|  |TAMS 0x00000000e1e00000, 0x00000000e1e00000| Untracked 
|  31|0x00000000e1f00000, 0x00000000e2000000, 0x00000000e2000000|100%| O|  |TAMS 0x00000000e1f00000, 0x00000000e1f00000| Untracked 
|  32|0x00000000e2000000, 0x00000000e2100000, 0x00000000e2100000|100%| O|  |TAMS 0x00000000e2000000, 0x00000000e2000000| Untracked 
|  33|0x00000000e2100000, 0x00000000e2200000, 0x00000000e2200000|100%| O|  |TAMS 0x00000000e2100000, 0x00000000e2100000| Untracked 
|  34|0x00000000e2200000, 0x00000000e2300000, 0x00000000e2300000|100%| O|  |TAMS 0x00000000e2200000, 0x00000000e2200000| Untracked 
|  35|0x00000000e2300000, 0x00000000e2400000, 0x00000000e2400000|100%| O|  |TAMS 0x00000000e2300000, 0x00000000e2300000| Untracked 
|  36|0x00000000e2400000, 0x00000000e2500000, 0x00000000e2500000|100%| O|  |TAMS 0x00000000e2400000, 0x00000000e2400000| Untracked 
|  37|0x00000000e2500000, 0x00000000e2600000, 0x00000000e2600000|100%| O|  |TAMS 0x00000000e2500000, 0x00000000e2500000| Untracked 
|  38|0x00000000e2600000, 0x00000000e2700000, 0x00000000e2700000|100%| O|  |TAMS 0x00000000e2600000, 0x00000000e2600000| Untracked 
|  39|0x00000000e2700000, 0x00000000e2800000, 0x00000000e2800000|100%| O|  |TAMS 0x00000000e2700000, 0x00000000e2700000| Untracked 
|  40|0x00000000e2800000, 0x00000000e2900000, 0x00000000e2900000|100%| O|  |TAMS 0x00000000e2800000, 0x00000000e2800000| Untracked 
|  41|0x00000000e2900000, 0x00000000e2a00000, 0x00000000e2a00000|100%| O|  |TAMS 0x00000000e2900000, 0x00000000e2900000| Untracked 
|  42|0x00000000e2a00000, 0x00000000e2b00000, 0x00000000e2b00000|100%| O|  |TAMS 0x00000000e2a00000, 0x00000000e2a00000| Untracked 
|  43|0x00000000e2b00000, 0x00000000e2c00000, 0x00000000e2c00000|100%| O|  |TAMS 0x00000000e2b00000, 0x00000000e2b00000| Untracked 
|  44|0x00000000e2c00000, 0x00000000e2d00000, 0x00000000e2d00000|100%| O|  |TAMS 0x00000000e2c00000, 0x00000000e2c00000| Untracked 
|  45|0x00000000e2d00000, 0x00000000e2e00000, 0x00000000e2e00000|100%| O|  |TAMS 0x00000000e2d00000, 0x00000000e2d00000| Untracked 
|  46|0x00000000e2e00000, 0x00000000e2f00000, 0x00000000e2f00000|100%| O|  |TAMS 0x00000000e2e00000, 0x00000000e2e00000| Untracked 
|  47|0x00000000e2f00000, 0x00000000e3000000, 0x00000000e3000000|100%| O|  |TAMS 0x00000000e2f00000, 0x00000000e2f00000| Untracked 
|  48|0x00000000e3000000, 0x00000000e3100000, 0x00000000e3100000|100%| O|  |TAMS 0x00000000e3000000, 0x00000000e3000000| Untracked 
|  49|0x00000000e3100000, 0x00000000e3200000, 0x00000000e3200000|100%| O|  |TAMS 0x00000000e3100000, 0x00000000e3100000| Untracked 
|  50|0x00000000e3200000, 0x00000000e3300000, 0x00000000e3300000|100%| O|  |TAMS 0x00000000e3200000, 0x00000000e3200000| Untracked 
|  51|0x00000000e3300000, 0x00000000e3400000, 0x00000000e3400000|100%| O|  |TAMS 0x00000000e3300000, 0x00000000e3300000| Untracked 
|  52|0x00000000e3400000, 0x00000000e3400000, 0x00000000e3500000|  0%| F|  |TAMS 0x00000000e3400000, 0x00000000e3400000| Untracked 
|  53|0x00000000e3500000, 0x00000000e3500000, 0x00000000e3600000|  0%| F|  |TAMS 0x00000000e3500000, 0x00000000e3500000| Untracked 
|  54|0x00000000e3600000, 0x00000000e3600000, 0x00000000e3700000|  0%| F|  |TAMS 0x00000000e3600000, 0x00000000e3600000| Untracked 
|  55|0x00000000e3700000, 0x00000000e3700000, 0x00000000e3800000|  0%| F|  |TAMS 0x00000000e3700000, 0x00000000e3700000| Untracked 
|  56|0x00000000e3800000, 0x00000000e3800000, 0x00000000e3900000|  0%| F|  |TAMS 0x00000000e3800000, 0x00000000e3800000| Untracked 
|  57|0x00000000e3900000, 0x00000000e3900000, 0x00000000e3a00000|  0%| F|  |TAMS 0x00000000e3900000, 0x00000000e3900000| Untracked 
|  58|0x00000000e3a00000, 0x00000000e3a00000, 0x00000000e3b00000|  0%| F|  |TAMS 0x00000000e3a00000, 0x00000000e3a00000| Untracked 
|  59|0x00000000e3b00000, 0x00000000e3b00000, 0x00000000e3c00000|  0%| F|  |TAMS 0x00000000e3b00000, 0x00000000e3b00000| Untracked 
|  60|0x00000000e3c00000, 0x00000000e3c00000, 0x00000000e3d00000|  0%| F|  |TAMS 0x00000000e3c00000, 0x00000000e3c00000| Untracked 
|  61|0x00000000e3d00000, 0x00000000e3d00000, 0x00000000e3e00000|  0%| F|  |TAMS 0x00000000e3d00000, 0x00000000e3d00000| Untracked 
|  62|0x00000000e3e00000, 0x00000000e3e00000, 0x00000000e3f00000|  0%| F|  |TAMS 0x00000000e3e00000, 0x00000000e3e00000| Untracked 
|  63|0x00000000e3f00000, 0x00000000e3f00000, 0x00000000e4000000|  0%| F|  |TAMS 0x00000000e3f00000, 0x00000000e3f00000| Untracked 
|  64|0x00000000e4000000, 0x00000000e4000000, 0x00000000e4100000|  0%| F|  |TAMS 0x00000000e4000000, 0x00000000e4000000| Untracked 
|  65|0x00000000e4100000, 0x00000000e4100000, 0x00000000e4200000|  0%| F|  |TAMS 0x00000000e4100000, 0x00000000e4100000| Untracked 
|  66|0x00000000e4200000, 0x00000000e4200000, 0x00000000e4300000|  0%| F|  |TAMS 0x00000000e4200000, 0x00000000e4200000| Untracked 
|  67|0x00000000e4300000, 0x00000000e4300000, 0x00000000e4400000|  0%| F|  |TAMS 0x00000000e4300000, 0x00000000e4300000| Untracked 
|  68|0x00000000e4400000, 0x00000000e4400000, 0x00000000e4500000|  0%| F|  |TAMS 0x00000000e4400000, 0x00000000e4400000| Untracked 
|  69|0x00000000e4500000, 0x00000000e4500000, 0x00000000e4600000|  0%| F|  |TAMS 0x00000000e4500000, 0x00000000e4500000| Untracked 
|  70|0x00000000e4600000, 0x00000000e4600000, 0x00000000e4700000|  0%| F|  |TAMS 0x00000000e4600000, 0x00000000e4600000| Untracked 
|  71|0x00000000e4700000, 0x00000000e4700000, 0x00000000e4800000|  0%| F|  |TAMS 0x00000000e4700000, 0x00000000e4700000| Untracked 
|  72|0x00000000e4800000, 0x00000000e4800000, 0x00000000e4900000|  0%| F|  |TAMS 0x00000000e4800000, 0x00000000e4800000| Untracked 
|  73|0x00000000e4900000, 0x00000000e4900000, 0x00000000e4a00000|  0%| F|  |TAMS 0x00000000e4900000, 0x00000000e4900000| Untracked 
|  74|0x00000000e4a00000, 0x00000000e4a00000, 0x00000000e4b00000|  0%| F|  |TAMS 0x00000000e4a00000, 0x00000000e4a00000| Untracked 
|  75|0x00000000e4b00000, 0x00000000e4b00000, 0x00000000e4c00000|  0%| F|  |TAMS 0x00000000e4b00000, 0x00000000e4b00000| Untracked 
|  76|0x00000000e4c00000, 0x00000000e4c00000, 0x00000000e4d00000|  0%| F|  |TAMS 0x00000000e4c00000, 0x00000000e4c00000| Untracked 
|  77|0x00000000e4d00000, 0x00000000e4d00000, 0x00000000e4e00000|  0%| F|  |TAMS 0x00000000e4d00000, 0x00000000e4d00000| Untracked 
|  78|0x00000000e4e00000, 0x00000000e4e00000, 0x00000000e4f00000|  0%| F|  |TAMS 0x00000000e4e00000, 0x00000000e4e00000| Untracked 
|  79|0x00000000e4f00000, 0x00000000e4f00000, 0x00000000e5000000|  0%| F|  |TAMS 0x00000000e4f00000, 0x00000000e4f00000| Untracked 
|  80|0x00000000e5000000, 0x00000000e5000000, 0x00000000e5100000|  0%| F|  |TAMS 0x00000000e5000000, 0x00000000e5000000| Untracked 
|  81|0x00000000e5100000, 0x00000000e5100000, 0x00000000e5200000|  0%| F|  |TAMS 0x00000000e5100000, 0x00000000e5100000| Untracked 
|  82|0x00000000e5200000, 0x00000000e5200000, 0x00000000e5300000|  0%| F|  |TAMS 0x00000000e5200000, 0x00000000e5200000| Untracked 
|  83|0x00000000e5300000, 0x00000000e5300000, 0x00000000e5400000|  0%| F|  |TAMS 0x00000000e5300000, 0x00000000e5300000| Untracked 
|  84|0x00000000e5400000, 0x00000000e5400000, 0x00000000e5500000|  0%| F|  |TAMS 0x00000000e5400000, 0x00000000e5400000| Untracked 
|  85|0x00000000e5500000, 0x00000000e5500000, 0x00000000e5600000|  0%| F|  |TAMS 0x00000000e5500000, 0x00000000e5500000| Untracked 
|  86|0x00000000e5600000, 0x00000000e5600000, 0x00000000e5700000|  0%| F|  |TAMS 0x00000000e5600000, 0x00000000e5600000| Untracked 
|  87|0x00000000e5700000, 0x00000000e5700000, 0x00000000e5800000|  0%| F|  |TAMS 0x00000000e5700000, 0x00000000e5700000| Untracked 
|  88|0x00000000e5800000, 0x00000000e5800000, 0x00000000e5900000|  0%| F|  |TAMS 0x00000000e5800000, 0x00000000e5800000| Untracked 
|  89|0x00000000e5900000, 0x00000000e5900000, 0x00000000e5a00000|  0%| F|  |TAMS 0x00000000e5900000, 0x00000000e5900000| Untracked 
|  90|0x00000000e5a00000, 0x00000000e5a00000, 0x00000000e5b00000|  0%| F|  |TAMS 0x00000000e5a00000, 0x00000000e5a00000| Untracked 
|  91|0x00000000e5b00000, 0x00000000e5b00000, 0x00000000e5c00000|  0%| F|  |TAMS 0x00000000e5b00000, 0x00000000e5b00000| Untracked 
|  92|0x00000000e5c00000, 0x00000000e5c00000, 0x00000000e5d00000|  0%| F|  |TAMS 0x00000000e5c00000, 0x00000000e5c00000| Untracked 
|  93|0x00000000e5d00000, 0x00000000e5d00000, 0x00000000e5e00000|  0%| F|  |TAMS 0x00000000e5d00000, 0x00000000e5d00000| Untracked 
|  94|0x00000000e5e00000, 0x00000000e5e00000, 0x00000000e5f00000|  0%| F|  |TAMS 0x00000000e5e00000, 0x00000000e5e00000| Untracked 
|  95|0x00000000e5f00000, 0x00000000e6000000, 0x00000000e6000000|100%| S|CS|TAMS 0x00000000e5f00000, 0x00000000e5f00000| Complete 
|  96|0x00000000e6000000, 0x00000000e6100000, 0x00000000e6100000|100%| S|CS|TAMS 0x00000000e6000000, 0x00000000e6000000| Complete 
|  97|0x00000000e6100000, 0x00000000e6200000, 0x00000000e6200000|100%| S|CS|TAMS 0x00000000e6100000, 0x00000000e6100000| Complete 
|  98|0x00000000e6200000, 0x00000000e6300000, 0x00000000e6300000|100%| S|CS|TAMS 0x00000000e6200000, 0x00000000e6200000| Complete 
|  99|0x00000000e6300000, 0x00000000e6400000, 0x00000000e6400000|100%| S|CS|TAMS 0x00000000e6300000, 0x00000000e6300000| Complete 
| 100|0x00000000e6400000, 0x00000000e6500000, 0x00000000e6500000|100%| S|CS|TAMS 0x00000000e6400000, 0x00000000e6400000| Complete 
| 101|0x00000000e6500000, 0x00000000e6600000, 0x00000000e6600000|100%| S|CS|TAMS 0x00000000e6500000, 0x00000000e6500000| Complete 
| 102|0x00000000e6600000, 0x00000000e6700000, 0x00000000e6700000|100%| S|CS|TAMS 0x00000000e6600000, 0x00000000e6600000| Complete 
| 103|0x00000000e6700000, 0x00000000e6800000, 0x00000000e6800000|100%| S|CS|TAMS 0x00000000e6700000, 0x00000000e6700000| Complete 
| 104|0x00000000e6800000, 0x00000000e6900000, 0x00000000e6900000|100%| S|CS|TAMS 0x00000000e6800000, 0x00000000e6800000| Complete 
| 105|0x00000000e6900000, 0x00000000e6a00000, 0x00000000e6a00000|100%| S|CS|TAMS 0x00000000e6900000, 0x00000000e6900000| Complete 
| 106|0x00000000e6a00000, 0x00000000e6b00000, 0x00000000e6b00000|100%| S|CS|TAMS 0x00000000e6a00000, 0x00000000e6a00000| Complete 
| 107|0x00000000e6b00000, 0x00000000e6c00000, 0x00000000e6c00000|100%| S|CS|TAMS 0x00000000e6b00000, 0x00000000e6b00000| Complete 
| 108|0x00000000e6c00000, 0x00000000e6d00000, 0x00000000e6d00000|100%| S|CS|TAMS 0x00000000e6c00000, 0x00000000e6c00000| Complete 
| 109|0x00000000e6d00000, 0x00000000e6e00000, 0x00000000e6e00000|100%| S|CS|TAMS 0x00000000e6d00000, 0x00000000e6d00000| Complete 
| 110|0x00000000e6e00000, 0x00000000e6f00000, 0x00000000e6f00000|100%| S|CS|TAMS 0x00000000e6e00000, 0x00000000e6e00000| Complete 
| 111|0x00000000e6f00000, 0x00000000e7000000, 0x00000000e7000000|100%| S|CS|TAMS 0x00000000e6f00000, 0x00000000e6f00000| Complete 
| 112|0x00000000e7000000, 0x00000000e7100000, 0x00000000e7100000|100%| S|CS|TAMS 0x00000000e7000000, 0x00000000e7000000| Complete 
| 113|0x00000000e7100000, 0x00000000e7100000, 0x00000000e7200000|  0%| F|  |TAMS 0x00000000e7100000, 0x00000000e7100000| Untracked 
| 114|0x00000000e7200000, 0x00000000e7200000, 0x00000000e7300000|  0%| F|  |TAMS 0x00000000e7200000, 0x00000000e7200000| Untracked 
| 115|0x00000000e7300000, 0x00000000e7300000, 0x00000000e7400000|  0%| F|  |TAMS 0x00000000e7300000, 0x00000000e7300000| Untracked 
| 116|0x00000000e7400000, 0x00000000e7400000, 0x00000000e7500000|  0%| F|  |TAMS 0x00000000e7400000, 0x00000000e7400000| Untracked 
| 117|0x00000000e7500000, 0x00000000e7500000, 0x00000000e7600000|  0%| F|  |TAMS 0x00000000e7500000, 0x00000000e7500000| Untracked 
| 118|0x00000000e7600000, 0x00000000e7600000, 0x00000000e7700000|  0%| F|  |TAMS 0x00000000e7600000, 0x00000000e7600000| Untracked 
| 119|0x00000000e7700000, 0x00000000e7700000, 0x00000000e7800000|  0%| F|  |TAMS 0x00000000e7700000, 0x00000000e7700000| Untracked 
| 120|0x00000000e7800000, 0x00000000e7800000, 0x00000000e7900000|  0%| F|  |TAMS 0x00000000e7800000, 0x00000000e7800000| Untracked 
| 121|0x00000000e7900000, 0x00000000e7900000, 0x00000000e7a00000|  0%| F|  |TAMS 0x00000000e7900000, 0x00000000e7900000| Untracked 
| 122|0x00000000e7a00000, 0x00000000e7a00000, 0x00000000e7b00000|  0%| F|  |TAMS 0x00000000e7a00000, 0x00000000e7a00000| Untracked 
| 123|0x00000000e7b00000, 0x00000000e7b00000, 0x00000000e7c00000|  0%| F|  |TAMS 0x00000000e7b00000, 0x00000000e7b00000| Untracked 
| 124|0x00000000e7c00000, 0x00000000e7c00000, 0x00000000e7d00000|  0%| F|  |TAMS 0x00000000e7c00000, 0x00000000e7c00000| Untracked 
| 125|0x00000000e7d00000, 0x00000000e7d00000, 0x00000000e7e00000|  0%| F|  |TAMS 0x00000000e7d00000, 0x00000000e7d00000| Untracked 
| 126|0x00000000e7e00000, 0x00000000e7e00000, 0x00000000e7f00000|  0%| F|  |TAMS 0x00000000e7e00000, 0x00000000e7e00000| Untracked 
| 127|0x00000000e7f00000, 0x00000000e7f00000, 0x00000000e8000000|  0%| F|  |TAMS 0x00000000e7f00000, 0x00000000e7f00000| Untracked 
| 128|0x00000000e8000000, 0x00000000e8000000, 0x00000000e8100000|  0%| F|  |TAMS 0x00000000e8000000, 0x00000000e8000000| Untracked 
| 129|0x00000000e8100000, 0x00000000e8100000, 0x00000000e8200000|  0%| F|  |TAMS 0x00000000e8100000, 0x00000000e8100000| Untracked 
| 130|0x00000000e8200000, 0x00000000e8200000, 0x00000000e8300000|  0%| F|  |TAMS 0x00000000e8200000, 0x00000000e8200000| Untracked 
| 131|0x00000000e8300000, 0x00000000e8300000, 0x00000000e8400000|  0%| F|  |TAMS 0x00000000e8300000, 0x00000000e8300000| Untracked 
| 132|0x00000000e8400000, 0x00000000e8400000, 0x00000000e8500000|  0%| F|  |TAMS 0x00000000e8400000, 0x00000000e8400000| Untracked 
| 133|0x00000000e8500000, 0x00000000e8500000, 0x00000000e8600000|  0%| F|  |TAMS 0x00000000e8500000, 0x00000000e8500000| Untracked 
| 134|0x00000000e8600000, 0x00000000e8600000, 0x00000000e8700000|  0%| F|  |TAMS 0x00000000e8600000, 0x00000000e8600000| Untracked 
| 135|0x00000000e8700000, 0x00000000e8700000, 0x00000000e8800000|  0%| F|  |TAMS 0x00000000e8700000, 0x00000000e8700000| Untracked 
| 136|0x00000000e8800000, 0x00000000e8800000, 0x00000000e8900000|  0%| F|  |TAMS 0x00000000e8800000, 0x00000000e8800000| Untracked 
| 137|0x00000000e8900000, 0x00000000e8900000, 0x00000000e8a00000|  0%| F|  |TAMS 0x00000000e8900000, 0x00000000e8900000| Untracked 
| 138|0x00000000e8a00000, 0x00000000e8a00000, 0x00000000e8b00000|  0%| F|  |TAMS 0x00000000e8a00000, 0x00000000e8a00000| Untracked 
| 139|0x00000000e8b00000, 0x00000000e8b00000, 0x00000000e8c00000|  0%| F|  |TAMS 0x00000000e8b00000, 0x00000000e8b00000| Untracked 
| 140|0x00000000e8c00000, 0x00000000e8c00000, 0x00000000e8d00000|  0%| F|  |TAMS 0x00000000e8c00000, 0x00000000e8c00000| Untracked 
| 141|0x00000000e8d00000, 0x00000000e8d00000, 0x00000000e8e00000|  0%| F|  |TAMS 0x00000000e8d00000, 0x00000000e8d00000| Untracked 
| 142|0x00000000e8e00000, 0x00000000e8e00000, 0x00000000e8f00000|  0%| F|  |TAMS 0x00000000e8e00000, 0x00000000e8e00000| Untracked 
| 143|0x00000000e8f00000, 0x00000000e8f00000, 0x00000000e9000000|  0%| F|  |TAMS 0x00000000e8f00000, 0x00000000e8f00000| Untracked 
| 144|0x00000000e9000000, 0x00000000e9000000, 0x00000000e9100000|  0%| F|  |TAMS 0x00000000e9000000, 0x00000000e9000000| Untracked 
| 145|0x00000000e9100000, 0x00000000e9100000, 0x00000000e9200000|  0%| F|  |TAMS 0x00000000e9100000, 0x00000000e9100000| Untracked 
| 146|0x00000000e9200000, 0x00000000e9200000, 0x00000000e9300000|  0%| F|  |TAMS 0x00000000e9200000, 0x00000000e9200000| Untracked 
| 147|0x00000000e9300000, 0x00000000e9300000, 0x00000000e9400000|  0%| F|  |TAMS 0x00000000e9300000, 0x00000000e9300000| Untracked 
| 148|0x00000000e9400000, 0x00000000e9400000, 0x00000000e9500000|  0%| F|  |TAMS 0x00000000e9400000, 0x00000000e9400000| Untracked 
| 149|0x00000000e9500000, 0x00000000e9500000, 0x00000000e9600000|  0%| F|  |TAMS 0x00000000e9500000, 0x00000000e9500000| Untracked 
| 150|0x00000000e9600000, 0x00000000e9600000, 0x00000000e9700000|  0%| F|  |TAMS 0x00000000e9600000, 0x00000000e9600000| Untracked 
| 151|0x00000000e9700000, 0x00000000e9700000, 0x00000000e9800000|  0%| F|  |TAMS 0x00000000e9700000, 0x00000000e9700000| Untracked 
| 152|0x00000000e9800000, 0x00000000e9800000, 0x00000000e9900000|  0%| F|  |TAMS 0x00000000e9800000, 0x00000000e9800000| Untracked 
| 153|0x00000000e9900000, 0x00000000e9900000, 0x00000000e9a00000|  0%| F|  |TAMS 0x00000000e9900000, 0x00000000e9900000| Untracked 
| 154|0x00000000e9a00000, 0x00000000e9a00000, 0x00000000e9b00000|  0%| F|  |TAMS 0x00000000e9a00000, 0x00000000e9a00000| Untracked 
| 155|0x00000000e9b00000, 0x00000000e9b00000, 0x00000000e9c00000|  0%| F|  |TAMS 0x00000000e9b00000, 0x00000000e9b00000| Untracked 
| 156|0x00000000e9c00000, 0x00000000e9c00000, 0x00000000e9d00000|  0%| F|  |TAMS 0x00000000e9c00000, 0x00000000e9c00000| Untracked 
| 157|0x00000000e9d00000, 0x00000000e9d00000, 0x00000000e9e00000|  0%| F|  |TAMS 0x00000000e9d00000, 0x00000000e9d00000| Untracked 
| 158|0x00000000e9e00000, 0x00000000e9e00000, 0x00000000e9f00000|  0%| F|  |TAMS 0x00000000e9e00000, 0x00000000e9e00000| Untracked 
| 159|0x00000000e9f00000, 0x00000000e9f00000, 0x00000000ea000000|  0%| F|  |TAMS 0x00000000e9f00000, 0x00000000e9f00000| Untracked 
| 160|0x00000000ea000000, 0x00000000ea000000, 0x00000000ea100000|  0%| F|  |TAMS 0x00000000ea000000, 0x00000000ea000000| Untracked 
| 161|0x00000000ea100000, 0x00000000ea100000, 0x00000000ea200000|  0%| F|  |TAMS 0x00000000ea100000, 0x00000000ea100000| Untracked 
| 162|0x00000000ea200000, 0x00000000ea200000, 0x00000000ea300000|  0%| F|  |TAMS 0x00000000ea200000, 0x00000000ea200000| Untracked 
| 163|0x00000000ea300000, 0x00000000ea300000, 0x00000000ea400000|  0%| F|  |TAMS 0x00000000ea300000, 0x00000000ea300000| Untracked 
| 164|0x00000000ea400000, 0x00000000ea400000, 0x00000000ea500000|  0%| F|  |TAMS 0x00000000ea400000, 0x00000000ea400000| Untracked 
| 165|0x00000000ea500000, 0x00000000ea500000, 0x00000000ea600000|  0%| F|  |TAMS 0x00000000ea500000, 0x00000000ea500000| Untracked 
| 166|0x00000000ea600000, 0x00000000ea600000, 0x00000000ea700000|  0%| F|  |TAMS 0x00000000ea600000, 0x00000000ea600000| Untracked 
| 167|0x00000000ea700000, 0x00000000ea700000, 0x00000000ea800000|  0%| F|  |TAMS 0x00000000ea700000, 0x00000000ea700000| Untracked 
| 168|0x00000000ea800000, 0x00000000ea800000, 0x00000000ea900000|  0%| F|  |TAMS 0x00000000ea800000, 0x00000000ea800000| Untracked 
| 169|0x00000000ea900000, 0x00000000ea900000, 0x00000000eaa00000|  0%| F|  |TAMS 0x00000000ea900000, 0x00000000ea900000| Untracked 
| 170|0x00000000eaa00000, 0x00000000eaa00000, 0x00000000eab00000|  0%| F|  |TAMS 0x00000000eaa00000, 0x00000000eaa00000| Untracked 
| 171|0x00000000eab00000, 0x00000000eab00000, 0x00000000eac00000|  0%| F|  |TAMS 0x00000000eab00000, 0x00000000eab00000| Untracked 
| 172|0x00000000eac00000, 0x00000000eac00000, 0x00000000ead00000|  0%| F|  |TAMS 0x00000000eac00000, 0x00000000eac00000| Untracked 
| 173|0x00000000ead00000, 0x00000000ead00000, 0x00000000eae00000|  0%| F|  |TAMS 0x00000000ead00000, 0x00000000ead00000| Untracked 
| 174|0x00000000eae00000, 0x00000000eae00000, 0x00000000eaf00000|  0%| F|  |TAMS 0x00000000eae00000, 0x00000000eae00000| Untracked 
| 175|0x00000000eaf00000, 0x00000000eaf00000, 0x00000000eb000000|  0%| F|  |TAMS 0x00000000eaf00000, 0x00000000eaf00000| Untracked 
| 176|0x00000000eb000000, 0x00000000eb000000, 0x00000000eb100000|  0%| F|  |TAMS 0x00000000eb000000, 0x00000000eb000000| Untracked 
| 177|0x00000000eb100000, 0x00000000eb100000, 0x00000000eb200000|  0%| F|  |TAMS 0x00000000eb100000, 0x00000000eb100000| Untracked 
| 178|0x00000000eb200000, 0x00000000eb200000, 0x00000000eb300000|  0%| F|  |TAMS 0x00000000eb200000, 0x00000000eb200000| Untracked 
| 179|0x00000000eb300000, 0x00000000eb300000, 0x00000000eb400000|  0%| F|  |TAMS 0x00000000eb300000, 0x00000000eb300000| Untracked 
| 180|0x00000000eb400000, 0x00000000eb400000, 0x00000000eb500000|  0%| F|  |TAMS 0x00000000eb400000, 0x00000000eb400000| Untracked 
| 181|0x00000000eb500000, 0x00000000eb500000, 0x00000000eb600000|  0%| F|  |TAMS 0x00000000eb500000, 0x00000000eb500000| Untracked 
| 182|0x00000000eb600000, 0x00000000eb600000, 0x00000000eb700000|  0%| F|  |TAMS 0x00000000eb600000, 0x00000000eb600000| Untracked 
| 183|0x00000000eb700000, 0x00000000eb700000, 0x00000000eb800000|  0%| F|  |TAMS 0x00000000eb700000, 0x00000000eb700000| Untracked 
| 184|0x00000000eb800000, 0x00000000eb800000, 0x00000000eb900000|  0%| F|  |TAMS 0x00000000eb800000, 0x00000000eb800000| Untracked 
| 185|0x00000000eb900000, 0x00000000eb900000, 0x00000000eba00000|  0%| F|  |TAMS 0x00000000eb900000, 0x00000000eb900000| Untracked 
| 186|0x00000000eba00000, 0x00000000eba00000, 0x00000000ebb00000|  0%| F|  |TAMS 0x00000000eba00000, 0x00000000eba00000| Untracked 
| 187|0x00000000ebb00000, 0x00000000ebb00000, 0x00000000ebc00000|  0%| F|  |TAMS 0x00000000ebb00000, 0x00000000ebb00000| Untracked 
| 188|0x00000000ebc00000, 0x00000000ebc00000, 0x00000000ebd00000|  0%| F|  |TAMS 0x00000000ebc00000, 0x00000000ebc00000| Untracked 
| 189|0x00000000ebd00000, 0x00000000ebd42888, 0x00000000ebe00000| 25%| E|  |TAMS 0x00000000ebd00000, 0x00000000ebd00000| Complete 
| 190|0x00000000ebe00000, 0x00000000ebf00000, 0x00000000ebf00000|100%| E|CS|TAMS 0x00000000ebe00000, 0x00000000ebe00000| Complete 
| 191|0x00000000ebf00000, 0x00000000ec000000, 0x00000000ec000000|100%| E|CS|TAMS 0x00000000ebf00000, 0x00000000ebf00000| Complete 
| 192|0x00000000ec000000, 0x00000000ec100000, 0x00000000ec100000|100%| E|CS|TAMS 0x00000000ec000000, 0x00000000ec000000| Complete 
| 193|0x00000000ec100000, 0x00000000ec200000, 0x00000000ec200000|100%| E|CS|TAMS 0x00000000ec100000, 0x00000000ec100000| Complete 
| 194|0x00000000ec200000, 0x00000000ec300000, 0x00000000ec300000|100%| E|CS|TAMS 0x00000000ec200000, 0x00000000ec200000| Complete 
| 195|0x00000000ec300000, 0x00000000ec400000, 0x00000000ec400000|100%| E|CS|TAMS 0x00000000ec300000, 0x00000000ec300000| Complete 
| 196|0x00000000ec400000, 0x00000000ec500000, 0x00000000ec500000|100%| E|CS|TAMS 0x00000000ec400000, 0x00000000ec400000| Complete 
| 197|0x00000000ec500000, 0x00000000ec600000, 0x00000000ec600000|100%| E|CS|TAMS 0x00000000ec500000, 0x00000000ec500000| Complete 
| 198|0x00000000ec600000, 0x00000000ec700000, 0x00000000ec700000|100%| E|  |TAMS 0x00000000ec600000, 0x00000000ec600000| Complete 
| 199|0x00000000ec700000, 0x00000000ec800000, 0x00000000ec800000|100%| E|CS|TAMS 0x00000000ec700000, 0x00000000ec700000| Complete 
| 200|0x00000000ec800000, 0x00000000ec900000, 0x00000000ec900000|100%| E|CS|TAMS 0x00000000ec800000, 0x00000000ec800000| Complete 
| 201|0x00000000ec900000, 0x00000000eca00000, 0x00000000eca00000|100%| E|CS|TAMS 0x00000000ec900000, 0x00000000ec900000| Complete 
| 202|0x00000000eca00000, 0x00000000ecb00000, 0x00000000ecb00000|100%| E|CS|TAMS 0x00000000eca00000, 0x00000000eca00000| Complete 
| 203|0x00000000ecb00000, 0x00000000ecc00000, 0x00000000ecc00000|100%| E|CS|TAMS 0x00000000ecb00000, 0x00000000ecb00000| Complete 
| 204|0x00000000ecc00000, 0x00000000ecd00000, 0x00000000ecd00000|100%| E|CS|TAMS 0x00000000ecc00000, 0x00000000ecc00000| Complete 
| 205|0x00000000ecd00000, 0x00000000ece00000, 0x00000000ece00000|100%| E|CS|TAMS 0x00000000ecd00000, 0x00000000ecd00000| Complete 
| 206|0x00000000ece00000, 0x00000000ecf00000, 0x00000000ecf00000|100%| E|CS|TAMS 0x00000000ece00000, 0x00000000ece00000| Complete 
| 207|0x00000000ecf00000, 0x00000000ed000000, 0x00000000ed000000|100%| E|CS|TAMS 0x00000000ecf00000, 0x00000000ecf00000| Complete 
| 208|0x00000000ed000000, 0x00000000ed100000, 0x00000000ed100000|100%| E|CS|TAMS 0x00000000ed000000, 0x00000000ed000000| Complete 
| 209|0x00000000ed100000, 0x00000000ed200000, 0x00000000ed200000|100%| E|CS|TAMS 0x00000000ed100000, 0x00000000ed100000| Complete 
| 210|0x00000000ed200000, 0x00000000ed300000, 0x00000000ed300000|100%| E|CS|TAMS 0x00000000ed200000, 0x00000000ed200000| Complete 
| 211|0x00000000ed300000, 0x00000000ed400000, 0x00000000ed400000|100%| E|CS|TAMS 0x00000000ed300000, 0x00000000ed300000| Complete 
| 212|0x00000000ed400000, 0x00000000ed500000, 0x00000000ed500000|100%| E|CS|TAMS 0x00000000ed400000, 0x00000000ed400000| Complete 
| 213|0x00000000ed500000, 0x00000000ed600000, 0x00000000ed600000|100%| E|CS|TAMS 0x00000000ed500000, 0x00000000ed500000| Complete 
| 214|0x00000000ed600000, 0x00000000ed700000, 0x00000000ed700000|100%| E|CS|TAMS 0x00000000ed600000, 0x00000000ed600000| Complete 
| 215|0x00000000ed700000, 0x00000000ed800000, 0x00000000ed800000|100%| E|CS|TAMS 0x00000000ed700000, 0x00000000ed700000| Complete 
| 216|0x00000000ed800000, 0x00000000ed900000, 0x00000000ed900000|100%| E|CS|TAMS 0x00000000ed800000, 0x00000000ed800000| Complete 
| 217|0x00000000ed900000, 0x00000000eda00000, 0x00000000eda00000|100%| E|CS|TAMS 0x00000000ed900000, 0x00000000ed900000| Complete 
| 218|0x00000000eda00000, 0x00000000edb00000, 0x00000000edb00000|100%| E|CS|TAMS 0x00000000eda00000, 0x00000000eda00000| Complete 
| 219|0x00000000edb00000, 0x00000000edc00000, 0x00000000edc00000|100%| E|CS|TAMS 0x00000000edb00000, 0x00000000edb00000| Complete 
| 220|0x00000000edc00000, 0x00000000edd00000, 0x00000000edd00000|100%| E|CS|TAMS 0x00000000edc00000, 0x00000000edc00000| Complete 
| 221|0x00000000edd00000, 0x00000000ede00000, 0x00000000ede00000|100%| E|CS|TAMS 0x00000000edd00000, 0x00000000edd00000| Complete 
| 222|0x00000000ede00000, 0x00000000edf00000, 0x00000000edf00000|100%| E|CS|TAMS 0x00000000ede00000, 0x00000000ede00000| Complete 
| 223|0x00000000edf00000, 0x00000000ee000000, 0x00000000ee000000|100%| E|CS|TAMS 0x00000000edf00000, 0x00000000edf00000| Complete 
| 224|0x00000000ee000000, 0x00000000ee100000, 0x00000000ee100000|100%| E|CS|TAMS 0x00000000ee000000, 0x00000000ee000000| Complete 
| 225|0x00000000ee100000, 0x00000000ee200000, 0x00000000ee200000|100%| E|CS|TAMS 0x00000000ee100000, 0x00000000ee100000| Complete 
| 226|0x00000000ee200000, 0x00000000ee300000, 0x00000000ee300000|100%| E|CS|TAMS 0x00000000ee200000, 0x00000000ee200000| Complete 
| 227|0x00000000ee300000, 0x00000000ee400000, 0x00000000ee400000|100%| E|CS|TAMS 0x00000000ee300000, 0x00000000ee300000| Complete 
| 228|0x00000000ee400000, 0x00000000ee500000, 0x00000000ee500000|100%| E|CS|TAMS 0x00000000ee400000, 0x00000000ee400000| Complete 
| 229|0x00000000ee500000, 0x00000000ee600000, 0x00000000ee600000|100%| E|CS|TAMS 0x00000000ee500000, 0x00000000ee500000| Complete 
| 230|0x00000000ee600000, 0x00000000ee700000, 0x00000000ee700000|100%| E|CS|TAMS 0x00000000ee600000, 0x00000000ee600000| Complete 
| 231|0x00000000ee700000, 0x00000000ee800000, 0x00000000ee800000|100%| E|CS|TAMS 0x00000000ee700000, 0x00000000ee700000| Complete 
| 232|0x00000000ee800000, 0x00000000ee900000, 0x00000000ee900000|100%| E|CS|TAMS 0x00000000ee800000, 0x00000000ee800000| Complete 
| 233|0x00000000ee900000, 0x00000000eea00000, 0x00000000eea00000|100%| E|CS|TAMS 0x00000000ee900000, 0x00000000ee900000| Complete 
| 234|0x00000000eea00000, 0x00000000eeb00000, 0x00000000eeb00000|100%| E|CS|TAMS 0x00000000eea00000, 0x00000000eea00000| Complete 
| 235|0x00000000eeb00000, 0x00000000eec00000, 0x00000000eec00000|100%| E|CS|TAMS 0x00000000eeb00000, 0x00000000eeb00000| Complete 
| 236|0x00000000eec00000, 0x00000000eed00000, 0x00000000eed00000|100%| E|CS|TAMS 0x00000000eec00000, 0x00000000eec00000| Complete 
| 237|0x00000000eed00000, 0x00000000eee00000, 0x00000000eee00000|100%| E|CS|TAMS 0x00000000eed00000, 0x00000000eed00000| Complete 
| 238|0x00000000eee00000, 0x00000000eef00000, 0x00000000eef00000|100%| E|CS|TAMS 0x00000000eee00000, 0x00000000eee00000| Complete 
| 239|0x00000000eef00000, 0x00000000ef000000, 0x00000000ef000000|100%| E|CS|TAMS 0x00000000eef00000, 0x00000000eef00000| Complete 
| 240|0x00000000ef000000, 0x00000000ef100000, 0x00000000ef100000|100%| E|CS|TAMS 0x00000000ef000000, 0x00000000ef000000| Complete 
| 241|0x00000000ef100000, 0x00000000ef200000, 0x00000000ef200000|100%| E|CS|TAMS 0x00000000ef100000, 0x00000000ef100000| Complete 
| 242|0x00000000ef200000, 0x00000000ef300000, 0x00000000ef300000|100%| E|CS|TAMS 0x00000000ef200000, 0x00000000ef200000| Complete 
| 243|0x00000000ef300000, 0x00000000ef400000, 0x00000000ef400000|100%| E|CS|TAMS 0x00000000ef300000, 0x00000000ef300000| Complete 
| 244|0x00000000ef400000, 0x00000000ef500000, 0x00000000ef500000|100%| E|CS|TAMS 0x00000000ef400000, 0x00000000ef400000| Complete 
| 245|0x00000000ef500000, 0x00000000ef600000, 0x00000000ef600000|100%| E|CS|TAMS 0x00000000ef500000, 0x00000000ef500000| Complete 
| 246|0x00000000ef600000, 0x00000000ef700000, 0x00000000ef700000|100%| E|CS|TAMS 0x00000000ef600000, 0x00000000ef600000| Complete 
| 247|0x00000000ef700000, 0x00000000ef800000, 0x00000000ef800000|100%| E|CS|TAMS 0x00000000ef700000, 0x00000000ef700000| Complete 
| 248|0x00000000ef800000, 0x00000000ef900000, 0x00000000ef900000|100%| E|CS|TAMS 0x00000000ef800000, 0x00000000ef800000| Complete 
| 249|0x00000000ef900000, 0x00000000efa00000, 0x00000000efa00000|100%| E|CS|TAMS 0x00000000ef900000, 0x00000000ef900000| Complete 
| 250|0x00000000efa00000, 0x00000000efb00000, 0x00000000efb00000|100%| E|CS|TAMS 0x00000000efa00000, 0x00000000efa00000| Complete 
| 251|0x00000000efb00000, 0x00000000efc00000, 0x00000000efc00000|100%| E|CS|TAMS 0x00000000efb00000, 0x00000000efb00000| Complete 
| 252|0x00000000efc00000, 0x00000000efd00000, 0x00000000efd00000|100%| E|CS|TAMS 0x00000000efc00000, 0x00000000efc00000| Complete 
| 253|0x00000000efd00000, 0x00000000efe00000, 0x00000000efe00000|100%| E|CS|TAMS 0x00000000efd00000, 0x00000000efd00000| Complete 
| 254|0x00000000efe00000, 0x00000000eff00000, 0x00000000eff00000|100%| E|CS|TAMS 0x00000000efe00000, 0x00000000efe00000| Complete 
| 255|0x00000000eff00000, 0x00000000f0000000, 0x00000000f0000000|100%| E|CS|TAMS 0x00000000eff00000, 0x00000000eff00000| Complete 

Card table byte_map: [0x000002109fdf0000,0x000002109fef0000] _byte_map_base: 0x000002109f6f0000

Marking Bits (Prev, Next): (CMBitMap*) 0x0000021087e730a0, (CMBitMap*) 0x0000021087e73068
 Prev Bits: [0x00000210a07f0000, 0x00000210a0ff0000)
 Next Bits: [0x000002109fff0000, 0x00000210a07f0000)

Polling page: 0x0000021086640000

Metaspace:

Usage:
  Non-class:     70.90 MB capacity,    68.92 MB ( 97%) used,     1.70 MB (  2%) free+waste,   293.00 KB ( <1%) overhead. 
      Class:     11.41 MB capacity,    10.23 MB ( 90%) used,     1.05 MB (  9%) free+waste,   141.56 KB (  1%) overhead. 
       Both:     82.31 MB capacity,    79.14 MB ( 96%) used,     2.75 MB (  3%) free+waste,   434.56 KB ( <1%) overhead. 

Virtual space:
  Non-class space:       72.00 MB reserved,      70.92 MB ( 99%) committed 
      Class space:      248.00 MB reserved,      11.50 MB (  5%) committed 
             Both:      320.00 MB reserved,      82.42 MB ( 26%) committed 

Chunk freelists:
   Non-Class:  25.00 KB
       Class:  0 bytes
        Both:  25.00 KB

MaxMetaspaceSize: 256.00 MB
CompressedClassSpaceSize: 248.00 MB
Initial GC threshold: 20.80 MB
Current GC threshold: 98.41 MB
CDS: off

CodeHeap 'non-profiled nmethods': size=120064Kb used=6359Kb max_used=6359Kb free=113704Kb
 bounds [0x0000021098180000, 0x00000210987c0000, 0x000002109f6c0000]
CodeHeap 'profiled nmethods': size=120000Kb used=24012Kb max_used=24012Kb free=95987Kb
 bounds [0x0000021090c50000, 0x00000210923d0000, 0x0000021098180000]
CodeHeap 'non-nmethods': size=5696Kb used=2350Kb max_used=2404Kb free=3346Kb
 bounds [0x00000210906c0000, 0x0000021090930000, 0x0000021090c50000]
 total_blobs=11600 nmethods=10730 adapters=782
 compilation: enabled
              stopped_count=0, restarted_count=0
 full_count=0

Compilation events (20 events):
Event: 102.981 Thread 0x00000210a3fa7800 nmethod 10879 0x00000210923bf310 code [0x00000210923bf540, 0x00000210923bfa58]
Event: 102.982 Thread 0x00000210a3fa7800 10880       3       org.gradle.internal.operations.DefaultBuildOperationListenerManager$ProgressShieldingBuildOperationListener::progress (25 bytes)
Event: 102.982 Thread 0x00000210a3fa7800 nmethod 10880 0x00000210923bfc90 code [0x00000210923bfe60, 0x00000210923c0138]
Event: 102.983 Thread 0x00000210a3fa7800 10881       3       java.io.StringWriter::<init> (24 bytes)
Event: 102.983 Thread 0x00000210a3fa7800 nmethod 10881 0x00000210923c0290 code [0x00000210923c0480, 0x00000210923c0848]
Event: 102.985 Thread 0x00000210a3fa7800 10882       3       java.io.StringWriter::toString (8 bytes)
Event: 102.986 Thread 0x00000210a3fa7800 nmethod 10882 0x00000210923c0990 code [0x00000210923c0b40, 0x00000210923c0c68]
Event: 103.014 Thread 0x00000210a3fa7800 10883       1       java.util.concurrent.ThreadPoolExecutor::getQueue (5 bytes)
Event: 103.075 Thread 0x00000210a3fa7800 nmethod 10883 0x00000210987b4810 code [0x00000210987b49c0, 0x00000210987b4a78]
Event: 103.079 Thread 0x00000210a466b800 nmethod 10873% 0x00000210987b4b10 code [0x00000210987b4ce0, 0x00000210987b5378]
Event: 103.079 Thread 0x00000210a466b800 10884       4       org.gradle.internal.serialize.kryo.KryoBackedEncoder::writeSmallInt (11 bytes)
Event: 103.081 Thread 0x00000210a466b800 nmethod 10884 0x00000210987b5690 code [0x00000210987b5840, 0x00000210987b58e8]
Event: 103.081 Thread 0x00000210a466b800 10876       4       java.io.Bits::putInt (36 bytes)
Event: 103.085 Thread 0x00000210a466b800 nmethod 10876 0x00000210987b5a10 code [0x00000210987b5ba0, 0x00000210987b5c78]
Event: 103.097 Thread 0x00000210a3fa7800 10885       3       org.gradle.launcher.daemon.server.exec.LogToClient$AsynchronousLogDispatcher$1::onOutput (44 bytes)
Event: 103.099 Thread 0x00000210a3fa7800 nmethod 10885 0x00000210923c0d10 code [0x00000210923c0f60, 0x00000210923c1958]
Event: 103.099 Thread 0x00000210a3fa7800 10886       3       org.gradle.launcher.daemon.server.exec.LogToClient$AsynchronousLogDispatcher$1::isMatchingBuildLogLevel (27 bytes)
Event: 103.100 Thread 0x00000210a3fa7800 nmethod 10886 0x00000210923c1c10 code [0x00000210923c1e00, 0x00000210923c2168]
Event: 103.100 Thread 0x00000210a3fa7800 10887       3       net.rubygrapefruit.platform.internal.jni.AbstractFileEventFunctions$NativeFileWatcherCallback::reportChangeEvent (21 bytes)
Event: 103.101 Thread 0x00000210a3fa7800 nmethod 10887 0x00000210923c2290 code [0x00000210923c2480, 0x00000210923c29d8]

GC Heap History (20 events):
Event: 6.048 GC heap before
{Heap before GC invocations=3 (full 0):
 garbage-first heap   total 262144K, used 57692K [0x00000000e0000000, 0x0000000100000000)
  region size 1024K, 46 young (47104K), 4 survivors (4096K)
 Metaspace       used 18826K, capacity 19251K, committed 19584K, reserved 272384K
  class space    used 2184K, capacity 2316K, committed 2432K, reserved 253952K
}
Event: 6.060 GC heap after
{Heap after GC invocations=4 (full 0):
 garbage-first heap   total 262144K, used 17589K [0x00000000e0000000, 0x0000000100000000)
  region size 1024K, 6 young (6144K), 6 survivors (6144K)
 Metaspace       used 18826K, capacity 19251K, committed 19584K, reserved 272384K
  class space    used 2184K, capacity 2316K, committed 2432K, reserved 253952K
}
Event: 6.435 GC heap before
{Heap before GC invocations=4 (full 0):
 garbage-first heap   total 262144K, used 32949K [0x00000000e0000000, 0x0000000100000000)
  region size 1024K, 22 young (22528K), 6 survivors (6144K)
 Metaspace       used 20803K, capacity 21177K, committed 21296K, reserved 274432K
  class space    used 2468K, capacity 2617K, committed 2688K, reserved 253952K
}
Event: 6.446 GC heap after
{Heap after GC invocations=5 (full 0):
 garbage-first heap   total 262144K, used 18320K [0x00000000e0000000, 0x0000000100000000)
  region size 1024K, 4 young (4096K), 4 survivors (4096K)
 Metaspace       used 20803K, capacity 21177K, committed 21296K, reserved 274432K
  class space    used 2468K, capacity 2617K, committed 2688K, reserved 253952K
}
Event: 8.034 GC heap before
{Heap before GC invocations=6 (full 0):
 garbage-first heap   total 262144K, used 79760K [0x00000000e0000000, 0x0000000100000000)
  region size 1024K, 64 young (65536K), 4 survivors (4096K)
 Metaspace       used 26743K, capacity 27337K, committed 27440K, reserved 278528K
  class space    used 3437K, capacity 3657K, committed 3712K, reserved 253952K
}
Event: 8.053 GC heap after
{Heap after GC invocations=7 (full 0):
 garbage-first heap   total 262144K, used 20392K [0x00000000e0000000, 0x0000000100000000)
  region size 1024K, 6 young (6144K), 6 survivors (6144K)
 Metaspace       used 26743K, capacity 27337K, committed 27440K, reserved 278528K
  class space    used 3437K, capacity 3657K, committed 3712K, reserved 253952K
}
Event: 10.343 GC heap before
{Heap before GC invocations=7 (full 0):
 garbage-first heap   total 262144K, used 95144K [0x00000000e0000000, 0x0000000100000000)
  region size 1024K, 80 young (81920K), 6 survivors (6144K)
 Metaspace       used 34962K, capacity 35819K, committed 35888K, reserved 286720K
  class space    used 4604K, capacity 4958K, committed 4992K, reserved 253952K
}
Event: 10.369 GC heap after
{Heap after GC invocations=8 (full 0):
 garbage-first heap   total 262144K, used 23250K [0x00000000e0000000, 0x0000000100000000)
  region size 1024K, 9 young (9216K), 9 survivors (9216K)
 Metaspace       used 34962K, capacity 35819K, committed 35888K, reserved 286720K
  class space    used 4604K, capacity 4958K, committed 4992K, reserved 253952K
}
Event: 14.127 GC heap before
{Heap before GC invocations=9 (full 0):
 garbage-first heap   total 262144K, used 141010K [0x00000000e0000000, 0x0000000100000000)
  region size 1024K, 121 young (123904K), 9 survivors (9216K)
 Metaspace       used 46092K, capacity 47289K, committed 47536K, reserved 296960K
  class space    used 5950K, capacity 6388K, committed 6400K, reserved 253952K
}
Event: 14.172 GC heap after
{Heap after GC invocations=10 (full 0):
 garbage-first heap   total 262144K, used 31140K [0x00000000e0000000, 0x0000000100000000)
  region size 1024K, 14 young (14336K), 14 survivors (14336K)
 Metaspace       used 46092K, capacity 47289K, committed 47536K, reserved 296960K
  class space    used 5950K, capacity 6388K, committed 6400K, reserved 253952K
}
Event: 18.097 GC heap before
{Heap before GC invocations=10 (full 0):
 garbage-first heap   total 262144K, used 173476K [0x00000000e0000000, 0x0000000100000000)
  region size 1024K, 153 young (156672K), 14 survivors (14336K)
 Metaspace       used 56182K, capacity 58049K, committed 58160K, reserved 305152K
  class space    used 7372K, capacity 8048K, committed 8064K, reserved 253952K
}
Event: 18.141 GC heap after
{Heap after GC invocations=11 (full 0):
 garbage-first heap   total 262144K, used 39024K [0x00000000e0000000, 0x0000000100000000)
  region size 1024K, 16 young (16384K), 16 survivors (16384K)
 Metaspace       used 56182K, capacity 58049K, committed 58160K, reserved 305152K
  class space    used 7372K, capacity 8048K, committed 8064K, reserved 253952K
}
Event: 19.112 GC heap before
{Heap before GC invocations=11 (full 0):
 garbage-first heap   total 262144K, used 71792K [0x00000000e0000000, 0x0000000100000000)
  region size 1024K, 49 young (50176K), 16 survivors (16384K)
 Metaspace       used 58100K, capacity 60090K, committed 60208K, reserved 307200K
  class space    used 7729K, capacity 8488K, committed 8576K, reserved 253952K
}
Event: 19.190 GC heap after
{Heap after GC invocations=12 (full 0):
 garbage-first heap   total 262144K, used 41176K [0x00000000e0000000, 0x0000000100000000)
  region size 1024K, 11 young (11264K), 11 survivors (11264K)
 Metaspace       used 58100K, capacity 60090K, committed 60208K, reserved 307200K
  class space    used 7729K, capacity 8488K, committed 8576K, reserved 253952K
}
Event: 24.785 GC heap before
{Heap before GC invocations=13 (full 0):
 garbage-first heap   total 262144K, used 183512K [0x00000000e0000000, 0x0000000100000000)
  region size 1024K, 151 young (154624K), 11 survivors (11264K)
 Metaspace       used 70321K, capacity 72949K, committed 73136K, reserved 317440K
  class space    used 9292K, capacity 10229K, committed 10240K, reserved 253952K
}
Event: 24.839 GC heap after
{Heap after GC invocations=14 (full 0):
 garbage-first heap   total 262144K, used 54702K [0x00000000e0000000, 0x0000000100000000)
  region size 1024K, 16 young (16384K), 16 survivors (16384K)
 Metaspace       used 70321K, capacity 72949K, committed 73136K, reserved 317440K
  class space    used 9292K, capacity 10229K, committed 10240K, reserved 253952K
}
Event: 35.041 GC heap before
{Heap before GC invocations=14 (full 0):
 garbage-first heap   total 262144K, used 189870K [0x00000000e0000000, 0x0000000100000000)
  region size 1024K, 149 young (152576K), 16 survivors (16384K)
 Metaspace       used 75124K, capacity 77891K, committed 78128K, reserved 321536K
  class space    used 9822K, capacity 10865K, committed 10880K, reserved 253952K
}
Event: 35.088 GC heap after
{Heap after GC invocations=15 (full 0):
 garbage-first heap   total 262144K, used 58640K [0x00000000e0000000, 0x0000000100000000)
  region size 1024K, 10 young (10240K), 10 survivors (10240K)
 Metaspace       used 75124K, capacity 77891K, committed 78128K, reserved 321536K
  class space    used 9822K, capacity 10865K, committed 10880K, reserved 253952K
}
Event: 90.905 GC heap before
{Heap before GC invocations=15 (full 0):
 garbage-first heap   total 262144K, used 193808K [0x00000000e0000000, 0x0000000100000000)
  region size 1024K, 143 young (146432K), 10 survivors (10240K)
 Metaspace       used 79145K, capacity 82424K, committed 82608K, reserved 325632K
  class space    used 10275K, capacity 11470K, committed 11520K, reserved 253952K
}
Event: 90.974 GC heap after
{Heap after GC invocations=16 (full 0):
 garbage-first heap   total 262144K, used 71680K [0x00000000e0000000, 0x0000000100000000)
  region size 1024K, 18 young (18432K), 18 survivors (18432K)
 Metaspace       used 79145K, capacity 82424K, committed 82608K, reserved 325632K
  class space    used 10275K, capacity 11470K, committed 11520K, reserved 253952K
}

Deoptimization events (20 events):
Event: 92.724 Thread 0x00000210a6afe800 Uncommon trap: trap_request=0xffffffc6 fr.pc=0x0000021098343af8 relative=0x0000000000000778
Event: 92.724 Thread 0x00000210a6afe800 Uncommon trap: reason=bimorphic_or_optimized_type_check action=maybe_recompile pc=0x0000021098343af8 method=java.util.regex.Pattern$Start.match(Ljava/util/regex/Matcher;ILjava/lang/CharSequence;)Z @ 44 c2
Event: 92.724 Thread 0x00000210a6afe800 DEOPT PACKING pc=0x0000021098343af8 sp=0x00000036e33fdc10
Event: 92.724 Thread 0x00000210a6afe800 DEOPT UNPACKING pc=0x000002109070a1af sp=0x00000036e33fdbf0 mode 2
Event: 101.214 Thread 0x00000210a6979800 Uncommon trap: trap_request=0xffffff4d fr.pc=0x000002109852fb30 relative=0x0000000000000cf0
Event: 101.214 Thread 0x00000210a6979800 Uncommon trap: reason=unstable_if action=reinterpret pc=0x000002109852fb30 method=com.esotericsoftware.kryo.io.Input.readUtf8Length(I)I @ 46 c2
Event: 101.214 Thread 0x00000210a6979800 DEOPT PACKING pc=0x000002109852fb30 sp=0x00000036e39feba0
Event: 101.214 Thread 0x00000210a6979800 DEOPT UNPACKING pc=0x000002109070a1af sp=0x00000036e39fea38 mode 2
Event: 101.229 Thread 0x00000210aade7000 Uncommon trap: trap_request=0xffffff7e fr.pc=0x000002109879adcc relative=0x000000000000070c
Event: 101.229 Thread 0x00000210aade7000 Uncommon trap: reason=predicate action=maybe_recompile pc=0x000002109879adcc method=java.util.TimSort.binarySort([Ljava/lang/Object;IIILjava/util/Comparator;)V @ 34 c2
Event: 101.229 Thread 0x00000210aade7000 DEOPT PACKING pc=0x000002109879adcc sp=0x00000036de8fbc20
Event: 101.229 Thread 0x00000210aade7000 DEOPT UNPACKING pc=0x000002109070a1af sp=0x00000036de8fbbe0 mode 2
Event: 101.253 Thread 0x00000210a6afc000 Uncommon trap: trap_request=0xffffff4d fr.pc=0x00000210987211a4 relative=0x00000000000016a4
Event: 101.253 Thread 0x00000210a6afc000 Uncommon trap: reason=unstable_if action=reinterpret pc=0x00000210987211a4 method=java.util.regex.Pattern.escape(ZZZ)I @ 916 c2
Event: 101.253 Thread 0x00000210a6afc000 DEOPT PACKING pc=0x00000210987211a4 sp=0x00000036e32fba30
Event: 101.253 Thread 0x00000210a6afc000 DEOPT UNPACKING pc=0x000002109070a1af sp=0x00000036e32fb9d0 mode 2
Event: 102.964 Thread 0x00000210a6979800 Uncommon trap: trap_request=0xffffff4d fr.pc=0x000002109852b088 relative=0x0000000000000be8
Event: 102.964 Thread 0x00000210a6979800 Uncommon trap: reason=unstable_if action=reinterpret pc=0x000002109852b088 method=com.esotericsoftware.kryo.io.Input.readUtf8Length(I)I @ 46 c2
Event: 102.964 Thread 0x00000210a6979800 DEOPT PACKING pc=0x000002109852b088 sp=0x00000036e39feb20
Event: 102.964 Thread 0x00000210a6979800 DEOPT UNPACKING pc=0x000002109070a1af sp=0x00000036e39fea78 mode 2

Classes redefined (0 events):
No events

Internal exceptions (20 events):
Event: 92.014 Thread 0x00000210aadf2000 Exception <a 'sun/nio/fs/WindowsException'{0x00000000ed6d1798}> (0x00000000ed6d1798) thrown at [s\src\hotspot\share\prims\jni.cpp, line 617]
Event: 92.085 Thread 0x00000210aadf2000 Exception <a 'sun/nio/fs/WindowsException'{0x00000000ed342f68}> (0x00000000ed342f68) thrown at [s\src\hotspot\share\prims\jni.cpp, line 617]
Event: 92.085 Thread 0x00000210aadf2000 Exception <a 'sun/nio/fs/WindowsException'{0x00000000ed344338}> (0x00000000ed344338) thrown at [s\src\hotspot\share\prims\jni.cpp, line 617]
Event: 92.085 Thread 0x00000210aadf2000 Exception <a 'sun/nio/fs/WindowsException'{0x00000000ed344ac0}> (0x00000000ed344ac0) thrown at [s\src\hotspot\share\prims\jni.cpp, line 617]
Event: 92.086 Thread 0x00000210aadf2000 Exception <a 'sun/nio/fs/WindowsException'{0x00000000ed345f08}> (0x00000000ed345f08) thrown at [s\src\hotspot\share\prims\jni.cpp, line 617]
Event: 92.579 Thread 0x00000210aadf0000 Exception <a 'java/security/PrivilegedActionException'{0x00000000ec9f3518}> (0x00000000ec9f3518) thrown at [s\src\hotspot\share\prims\jvm.cpp, line 1306]
Event: 92.579 Thread 0x00000210aadf0000 Exception <a 'java/security/PrivilegedActionException'{0x00000000ec9f47d8}> (0x00000000ec9f47d8) thrown at [s\src\hotspot\share\prims\jvm.cpp, line 1306]
Event: 92.582 Thread 0x00000210aadf0000 Exception <a 'java/security/PrivilegedActionException'{0x00000000ec9f9d68}> (0x00000000ec9f9d68) thrown at [s\src\hotspot\share\prims\jvm.cpp, line 1306]
Event: 92.582 Thread 0x00000210aadf0000 Exception <a 'java/security/PrivilegedActionException'{0x00000000ec9fb028}> (0x00000000ec9fb028) thrown at [s\src\hotspot\share\prims\jvm.cpp, line 1306]
Event: 101.225 Thread 0x00000210aade7000 Exception <a 'java/lang/NoSuchMethodError'{0x00000000ec1bae30}: <clinit>> (0x00000000ec1bae30) thrown at [s\src\hotspot\share\prims\jni.cpp, line 1372]
Event: 101.228 Thread 0x00000210a6afc000 Exception <a 'java/lang/ClassNotFoundException'{0x00000000ec1e0320}: org/gradle/internal/serialize/PlaceholderExceptionBeanInfo> (0x00000000ec1e0320) thrown at [s\src\hotspot\share\classfile\systemDictionary.cpp, line 230]
Event: 101.228 Thread 0x00000210a6afc000 Exception <a 'java/lang/ClassNotFoundException'{0x00000000ec1e93d8}: java/lang/RuntimeExceptionBeanInfo> (0x00000000ec1e93d8) thrown at [s\src\hotspot\share\classfile\systemDictionary.cpp, line 230]
Event: 101.228 Thread 0x00000210aade7000 Exception <a 'java/lang/NoSuchMethodError'{0x00000000ec1f3068}: <clinit>> (0x00000000ec1f3068) thrown at [s\src\hotspot\share\prims\jni.cpp, line 1372]
Event: 101.229 Thread 0x00000210a6afc000 Exception <a 'java/lang/ClassNotFoundException'{0x00000000ec1fb278}: java/lang/ExceptionBeanInfo> (0x00000000ec1fb278) thrown at [s\src\hotspot\share\classfile\systemDictionary.cpp, line 230]
Event: 101.229 Thread 0x00000210aade7000 Exception <a 'java/lang/NoSuchMethodError'{0x00000000ec1f5570}: <clinit>> (0x00000000ec1f5570) thrown at [s\src\hotspot\share\prims\jni.cpp, line 1372]
Event: 101.229 Thread 0x00000210a6afc000 Exception <a 'java/lang/ClassNotFoundException'{0x00000000ec003fe8}: java/lang/ThrowableBeanInfo> (0x00000000ec003fe8) thrown at [s\src\hotspot\share\classfile\systemDictionary.cpp, line 230]
Event: 101.230 Thread 0x00000210a6afc000 Exception <a 'java/lang/ClassNotFoundException'{0x00000000ec00c8b8}: java/lang/ThrowableCustomizer> (0x00000000ec00c8b8) thrown at [s\src\hotspot\share\classfile\systemDictionary.cpp, line 230]
Event: 101.232 Thread 0x00000210a6afc000 Exception <a 'java/lang/ClassNotFoundException'{0x00000000ec01d898}: java/lang/ExceptionCustomizer> (0x00000000ec01d898) thrown at [s\src\hotspot\share\classfile\systemDictionary.cpp, line 230]
Event: 101.232 Thread 0x00000210a6afc000 Exception <a 'java/lang/ClassNotFoundException'{0x00000000ec0293d8}: java/lang/RuntimeExceptionCustomizer> (0x00000000ec0293d8) thrown at [s\src\hotspot\share\classfile\systemDictionary.cpp, line 230]
Event: 101.234 Thread 0x00000210a6afc000 Exception <a 'java/lang/ClassNotFoundException'{0x00000000ec0414f0}: org/gradle/internal/serialize/PlaceholderExceptionCustomizer> (0x00000000ec0414f0) thrown at [s\src\hotspot\share\classfile\systemDictionary.cpp, line 230]

Events (20 events):
Event: 102.885 loading class io/netty/handler/codec/CodecException done
Event: 102.885 loading class org/gradle/internal/serialize/ExceptionPlaceholder$4
Event: 102.885 loading class org/gradle/internal/serialize/ExceptionPlaceholder$4 done
Event: 102.887 loading class io/netty/handler/codec/EncoderException
Event: 102.887 loading class io/netty/handler/codec/EncoderException done
Event: 102.900 Thread 0x00000210a466b800 Thread added: 0x00000210a466b800
Event: 102.900 loading class org/openqa/selenium/SessionNotCreatedException
Event: 102.900 loading class org/openqa/selenium/SessionNotCreatedException done
Event: 102.901 loading class org/openqa/selenium/SessionNotCreatedException
Event: 102.901 loading class org/openqa/selenium/SessionNotCreatedException done
Event: 102.905 loading class org/openqa/selenium/WebDriverException
Event: 102.905 loading class org/openqa/selenium/WebDriverException done
Event: 102.905 loading class org/openqa/selenium/WebDriverException
Event: 102.905 loading class org/openqa/selenium/WebDriverException done
Event: 102.955 loading class org/openqa/selenium/SessionNotCreatedException
Event: 102.955 loading class org/openqa/selenium/SessionNotCreatedException done
Event: 102.968 Executing VM operation: RevokeBias
Event: 102.968 Executing VM operation: RevokeBias done
Event: 102.972 Executing VM operation: RevokeBias
Event: 102.972 Executing VM operation: RevokeBias done


Dynamic libraries:
0x00007ff681ac0000 - 0x00007ff681ace000 	C:\Users\tleva\.jdks\corretto-11.0.26\bin\java.exe
0x00007ffa4eae0000 - 0x00007ffa4ed40000 	C:\WINDOWS\SYSTEM32\ntdll.dll
0x00007ffa4dac0000 - 0x00007ffa4db87000 	C:\WINDOWS\System32\KERNEL32.DLL
0x00007ffa4c060000 - 0x00007ffa4c42a000 	C:\WINDOWS\System32\KERNELBASE.dll
0x00007ffa4bcc0000 - 0x00007ffa4be0b000 	C:\WINDOWS\System32\ucrtbase.dll
0x00007ffa3cf80000 - 0x00007ffa3cf9b000 	C:\Users\tleva\.jdks\corretto-11.0.26\bin\VCRUNTIME140.dll
0x00007ffa3ce80000 - 0x00007ffa3ce97000 	C:\Users\tleva\.jdks\corretto-11.0.26\bin\jli.dll
0x00007ffa4cee0000 - 0x00007ffa4d0ac000 	C:\WINDOWS\System32\USER32.dll
0x00007ffa4be10000 - 0x00007ffa4be37000 	C:\WINDOWS\System32\win32u.dll
0x00007ffa2f470000 - 0x00007ffa2f707000 	C:\WINDOWS\WinSxS\amd64_microsoft.windows.common-controls_6595b64144ccf1df_6.0.26100.3624_none_3e086962e3345f24\COMCTL32.dll
0x00007ffa4e7d0000 - 0x00007ffa4e879000 	C:\WINDOWS\System32\msvcrt.dll
0x00007ffa4e4b0000 - 0x00007ffa4e4da000 	C:\WINDOWS\System32\GDI32.dll
0x00007ffa4c650000 - 0x00007ffa4c781000 	C:\WINDOWS\System32\gdi32full.dll
0x00007ffa4bfb0000 - 0x00007ffa4c053000 	C:\WINDOWS\System32\msvcp_win.dll
0x00007ffa4c9e0000 - 0x00007ffa4ca0f000 	C:\WINDOWS\System32\IMM32.DLL
0x00007ffa45950000 - 0x00007ffa4595c000 	C:\Users\tleva\.jdks\corretto-11.0.26\bin\vcruntime140_1.dll
0x00007ffa1aa20000 - 0x00007ffa1aaad000 	C:\Users\tleva\.jdks\corretto-11.0.26\bin\msvcp140.dll
0x00007ff9d7ab0000 - 0x00007ff9d8675000 	C:\Users\tleva\.jdks\corretto-11.0.26\bin\server\jvm.dll
0x00007ffa4d5b0000 - 0x00007ffa4d662000 	C:\WINDOWS\System32\ADVAPI32.dll
0x00007ffa4e720000 - 0x00007ffa4e7c6000 	C:\WINDOWS\System32\sechost.dll
0x00007ffa4e600000 - 0x00007ffa4e716000 	C:\WINDOWS\System32\RPCRT4.dll
0x00007ffa4dc20000 - 0x00007ffa4dc94000 	C:\WINDOWS\System32\WS2_32.dll
0x00007ffa4ca20000 - 0x00007ffa4ca28000 	C:\WINDOWS\System32\PSAPI.DLL
0x00007ffa3c9d0000 - 0x00007ffa3ca06000 	C:\WINDOWS\SYSTEM32\WINMM.dll
0x00007ffa428b0000 - 0x00007ffa428bb000 	C:\WINDOWS\SYSTEM32\VERSION.dll
0x00007ffa4aaa0000 - 0x00007ffa4aaba000 	C:\WINDOWS\SYSTEM32\kernel.appcore.dll
0x00007ffa44660000 - 0x00007ffa44670000 	C:\Users\tleva\.jdks\corretto-11.0.26\bin\verify.dll
0x00007ffa3c320000 - 0x00007ffa3c561000 	C:\WINDOWS\SYSTEM32\DBGHELP.DLL
0x00007ffa4d670000 - 0x00007ffa4d9f2000 	C:\WINDOWS\System32\combase.dll
0x00007ffa4e3d0000 - 0x00007ffa4e4a6000 	C:\WINDOWS\System32\OLEAUT32.dll
0x00007ff9c9d80000 - 0x00007ff9c9db9000 	C:\WINDOWS\SYSTEM32\dbgcore.DLL
0x00007ffa4c5b0000 - 0x00007ffa4c649000 	C:\WINDOWS\System32\bcryptPrimitives.dll
0x00007ffa3c9a0000 - 0x00007ffa3c9c8000 	C:\Users\tleva\.jdks\corretto-11.0.26\bin\java.dll
0x00007ffa42d80000 - 0x00007ffa42d8a000 	C:\Users\tleva\.jdks\corretto-11.0.26\bin\jimage.dll
0x00007ffa3c960000 - 0x00007ffa3c978000 	C:\Users\tleva\.jdks\corretto-11.0.26\bin\zip.dll
0x00007ffa4dca0000 - 0x00007ffa4e3c9000 	C:\WINDOWS\System32\SHELL32.dll
0x00007ffa4be40000 - 0x00007ffa4bfa8000 	C:\WINDOWS\System32\wintypes.dll
0x00007ffa49940000 - 0x00007ffa4a192000 	C:\WINDOWS\SYSTEM32\windows.storage.dll
0x00007ffa4e510000 - 0x00007ffa4e5fd000 	C:\WINDOWS\System32\SHCORE.dll
0x00007ffa4da00000 - 0x00007ffa4da64000 	C:\WINDOWS\System32\shlwapi.dll
0x00007ffa4bbd0000 - 0x00007ffa4bbff000 	C:\WINDOWS\SYSTEM32\profapi.dll
0x00007ffa3c940000 - 0x00007ffa3c959000 	C:\Users\tleva\.jdks\corretto-11.0.26\bin\net.dll
0x00007ffa3f310000 - 0x00007ffa3f42d000 	C:\WINDOWS\SYSTEM32\WINHTTP.dll
0x00007ffa4aff0000 - 0x00007ffa4b05a000 	C:\WINDOWS\system32\mswsock.dll
0x00007ffa3c8a0000 - 0x00007ffa3c8b2000 	C:\Users\tleva\.jdks\corretto-11.0.26\bin\nio.dll
0x00007ffa2f340000 - 0x00007ffa2f367000 	C:\Users\tleva\.gradle\native\68d5fa5c4cc2d200863cafc0d521ce42e7d3e7ee720ec0a83991735586a16f82\windows-amd64\native-platform.dll
0x00007ff9d5f50000 - 0x00007ff9d6094000 	C:\Users\tleva\.gradle\native\e376f236ea51e6404a007f0833ffe2c6e607c4080706a723a18a27aeea778392\windows-amd64\native-platform-file-events.dll
0x00007ffa3dfd0000 - 0x00007ffa3dfd9000 	C:\Users\tleva\.jdks\corretto-11.0.26\bin\management.dll
0x00007ffa3d960000 - 0x00007ffa3d96b000 	C:\Users\tleva\.jdks\corretto-11.0.26\bin\management_ext.dll
0x00007ffa4b290000 - 0x00007ffa4b2ac000 	C:\WINDOWS\SYSTEM32\CRYPTSP.dll
0x00007ffa4aa00000 - 0x00007ffa4aa3a000 	C:\WINDOWS\system32\rsaenh.dll
0x00007ffa4b090000 - 0x00007ffa4b0bb000 	C:\WINDOWS\SYSTEM32\USERENV.dll
0x00007ffa4bba0000 - 0x00007ffa4bbc6000 	C:\WINDOWS\SYSTEM32\bcrypt.dll
0x00007ffa4b2b0000 - 0x00007ffa4b2bc000 	C:\WINDOWS\SYSTEM32\CRYPTBASE.dll
0x00007ffa4a550000 - 0x00007ffa4a583000 	C:\WINDOWS\SYSTEM32\IPHLPAPI.DLL
0x00007ffa4ca30000 - 0x00007ffa4ca3a000 	C:\WINDOWS\System32\NSI.dll
0x00007ffa428c0000 - 0x00007ffa428df000 	C:\WINDOWS\SYSTEM32\dhcpcsvc6.DLL
0x00007ffa3f170000 - 0x00007ffa3f195000 	C:\WINDOWS\SYSTEM32\dhcpcsvc.DLL
0x00007ffa4a5a0000 - 0x00007ffa4a6c5000 	C:\WINDOWS\SYSTEM32\DNSAPI.dll

dbghelp: loaded successfully - version: 4.0.5 - missing functions: none
symbol engine: initialized successfully - sym options: 0x614 - pdb path: .;C:\Users\tleva\.jdks\corretto-11.0.26\bin;C:\WINDOWS\SYSTEM32;C:\WINDOWS\WinSxS\amd64_microsoft.windows.common-controls_6595b64144ccf1df_6.0.26100.3624_none_3e086962e3345f24;C:\Users\tleva\.jdks\corretto-11.0.26\bin\server;C:\Users\tleva\.gradle\native\68d5fa5c4cc2d200863cafc0d521ce42e7d3e7ee720ec0a83991735586a16f82\windows-amd64;C:\Users\tleva\.gradle\native\e376f236ea51e6404a007f0833ffe2c6e607c4080706a723a18a27aeea778392\windows-amd64

VM Arguments:
jvm_args: --add-opens=java.base/java.util=ALL-UNNAMED --add-opens=java.base/java.lang=ALL-UNNAMED --add-opens=java.base/java.lang.invoke=ALL-UNNAMED --add-opens=java.prefs/java.util.prefs=ALL-UNNAMED --add-opens=java.base/java.nio.charset=ALL-UNNAMED --add-opens=java.base/java.net=ALL-UNNAMED --add-opens=java.base/java.util.concurrent.atomic=ALL-UNNAMED -XX:MaxMetaspaceSize=256m -XX:+HeapDumpOnOutOfMemoryError -Xms256m -Xmx512m -Dfile.encoding=UTF-8 -Duser.country=RU -Duser.language=ru -Duser.variant 
java_command: org.gradle.launcher.daemon.bootstrap.GradleDaemon 7.6
java_class_path (initial): C:\Users\tleva\.gradle\wrapper\dists\gradle-7.6-bin\9l9tetv7ltxvx3i8an4pb86ye\gradle-7.6\lib\gradle-launcher-7.6.jar
Launcher Type: SUN_STANDARD

[Global flags]
     intx CICompilerCount                          = 3                                         {product} {ergonomic}
   size_t CompressedClassSpaceSize                 = 260046848                                 {product} {ergonomic}
     uint ConcGCThreads                            = 1                                         {product} {ergonomic}
     uint G1ConcRefinementThreads                  = 4                                         {product} {ergonomic}
   size_t G1HeapRegionSize                         = 1048576                                   {product} {ergonomic}
    uintx GCDrainStackTargetSize                   = 64                                        {product} {ergonomic}
     bool HeapDumpOnOutOfMemoryError               = true                                   {manageable} {command line}
   size_t InitialHeapSize                          = 268435456                                 {product} {command line}
   size_t MarkStackSize                            = 4194304                                   {product} {ergonomic}
   size_t MaxHeapSize                              = 536870912                                 {product} {command line}
   size_t MaxMetaspaceSize                         = 268435456                                 {product} {command line}
   size_t MaxNewSize                               = 321912832                                 {product} {ergonomic}
   size_t MinHeapDeltaBytes                        = 1048576                                   {product} {ergonomic}
    uintx NonNMethodCodeHeapSize                   = 5830732                                {pd product} {ergonomic}
    uintx NonProfiledCodeHeapSize                  = 122913754                              {pd product} {ergonomic}
    uintx ProfiledCodeHeapSize                     = 122913754                              {pd product} {ergonomic}
    uintx ReservedCodeCacheSize                    = 251658240                              {pd product} {ergonomic}
     bool SegmentedCodeCache                       = true                                      {product} {ergonomic}
     bool UseCompressedClassPointers               = true                                 {lp64_product} {ergonomic}
     bool UseCompressedOops                        = true                                 {lp64_product} {ergonomic}
     bool UseG1GC                                  = true                                      {product} {ergonomic}
     bool UseLargePagesIndividualAllocation        = false                                  {pd product} {ergonomic}

Logging:
Log output configuration:
 #0: stdout all=warning uptime,level,tags
 #1: stderr all=off uptime,level,tags

Environment Variables:
PATH=C:\WINDOWS\system32;C:\WINDOWS;C:\WINDOWS\System32\Wbem;C:\WINDOWS\System32\WindowsPowerShell\v1.0\;C:\WINDOWS\System32\OpenSSH\;C:\Program Files\Git\cmd;C:\Users\tleva\AppData\Local\Programs\Eclipse Adoptium\jdk-11.0.25.9-hotspot\bin;C:\Users\tleva\AppData\Local\Microsoft\WindowsApps;C:\Users\tleva\AppData\Local\Programs\Microsoft VS Code\bin;
USERNAME=tleva
OS=Windows_NT
PROCESSOR_IDENTIFIER=Intel64 Family 6 Model 142 Stepping 12, GenuineIntel
TMP=C:\Users\tleva\AppData\Local\Temp
TEMP=C:\Users\tleva\AppData\Local\Temp



---------------  S Y S T E M  ---------------

OS: Windows 11 , 64 bit Build 26100 (10.0.26100.3775)
OS uptime: 5 days 15:24 hours
Hyper-V role detected

CPU:total 4 (initial active 4) (2 cores per cpu, 2 threads per core) family 6 model 142 stepping 12 microcode 0xde, cmov, cx8, fxsr, mmx, sse, sse2, sse3, ssse3, sse4.1, sse4.2, popcnt, avx, avx2, aes, clmul, erms, 3dnowpref, lzcnt, ht, tsc, tscinvbit, bmi1, bmi2, adx, fma

Memory: 4k page, system-wide physical 8025M (768M free)
TotalPageFile size 23385M (AvailPageFile size 4M)
current process WorkingSet (physical memory assigned to process): 444M, peak: 462M
current process commit charge ("private bytes"): 508M, peak: 527M

vm_info: OpenJDK 64-Bit Server VM (11.0.26+4-LTS) for windows-amd64 JRE (11.0.26+4-LTS), built on Jan 13 2025 17:23:34 by "Administrator" with MS VC++ 16.10 / 16.11 (VS2019)

END.
