#
# There is insufficient memory for the Java Runtime Environment to continue.
# Native memory allocation (malloc) failed to allocate 58736 bytes for Chunk::new
# Possible reasons:
#   The system is out of physical RAM or swap space
#   The process is running with CompressedOops enabled, and the Java Heap may be blocking the growth of the native heap
# Possible solutions:
#   Reduce memory load on the system
#   Increase physical memory or swap space
#   Check if swap backing store is full
#   Decrease Java heap size (-Xmx/-Xms)
#   Decrease number of Java threads
#   Decrease Java thread stack sizes (-Xss)
#   Set larger code cache with -XX:ReservedCodeCacheSize=
#   JVM is running with Unscaled Compressed Oops mode in which the Java heap is
#     placed in the first 4GB address space. The Java Heap base address is the
#     maximum limit for the native heap growth. Please use -XX:HeapBaseMinAddress
#     to set the Java Heap base and to place the Java Heap above 4GB virtual address.
# This output file may be truncated or incomplete.
#
#  Out of Memory Error (arena.cpp:197), pid=10384, tid=5696
#
# JRE version: OpenJDK Runtime Environment Corretto-11.0.26.4.1 (11.0.26+4) (build 11.0.26+4-LTS)
# Java VM: OpenJDK 64-Bit Server VM Corretto-11.0.26.4.1 (11.0.26+4-LTS, mixed mode, tiered, compressed oops, g1 gc, windows-amd64)
# No core dump will be written. Minidumps are not enabled by default on client versions of Windows
#

---------------  S U M M A R Y ------------

Command Line: --add-opens=java.base/java.util=ALL-UNNAMED --add-opens=java.base/java.lang=ALL-UNNAMED --add-opens=java.base/java.lang.invoke=ALL-UNNAMED --add-opens=java.prefs/java.util.prefs=ALL-UNNAMED --add-opens=java.base/java.nio.charset=ALL-UNNAMED --add-opens=java.base/java.net=ALL-UNNAMED --add-opens=java.base/java.util.concurrent.atomic=ALL-UNNAMED -XX:MaxMetaspaceSize=256m -XX:+HeapDumpOnOutOfMemoryError -Xms256m -Xmx512m -Dfile.encoding=UTF-8 -Duser.country=RU -Duser.language=ru -Duser.variant org.gradle.launcher.daemon.bootstrap.GradleDaemon 7.6

Host: Intel(R) Core(TM) i3-10110U CPU @ 2.10GHz, 4 cores, 7G,  Windows 11 , 64 bit Build 26100 (10.0.26100.3775)
Time: Wed Apr 16 15:13:02 2025  Windows 11 , 64 bit Build 26100 (10.0.26100.3775) elapsed time: 1867.576059 seconds (0d 0h 31m 7s)

---------------  T H R E A D  ---------------

Current thread (0x00000206b3e01000):  JavaThread "C2 CompilerThread0" daemon [_thread_in_native, id=5696, stack(0x0000004534000000,0x0000004534100000)]


Current CompileTask:
C2:1867576 12430       4       org.gradle.internal.event.AbstractBroadcastDispatch::dispatch (65 bytes)

Stack: [0x0000004534000000,0x0000004534100000]
Native frames: (J=compiled Java code, j=interpreted, Vv=VM code, C=native code)
V  [jvm.dll+0x64644a]
V  [jvm.dll+0x7dac99]
V  [jvm.dll+0x7dc399]
V  [jvm.dll+0x7dca83]
V  [jvm.dll+0x269da5]
V  [jvm.dll+0xc217c]
V  [jvm.dll+0xc272c]
V  [jvm.dll+0x37a297]
V  [jvm.dll+0x1b3a94]
V  [jvm.dll+0x221f4f]
V  [jvm.dll+0x220e08]
V  [jvm.dll+0x19ea01]
V  [jvm.dll+0x230cb9]
V  [jvm.dll+0x22ee2f]
V  [jvm.dll+0x79bec1]
V  [jvm.dll+0x794b94]
V  [jvm.dll+0x645205]
C  [ucrtbase.dll+0x37b0]
C  [KERNEL32.DLL+0x2e8d7]
C  [ntdll.dll+0xb14fc]


---------------  P R O C E S S  ---------------

Threads class SMR info:
_java_thread_list=0x00000206bd9d7710, length=101, elements={
0x00000206984ac800, 0x00000206b3466000, 0x00000206b3468000, 0x00000206b3df9800,
0x00000206b3dfc800, 0x00000206b3dfe800, 0x00000206b3e01000, 0x00000206b3487800,
0x00000206b348a800, 0x00000206b3f92000, 0x00000206b675b000, 0x00000206b4b6f000,
0x00000206b66c9000, 0x00000206b68fc000, 0x00000206b68fa800, 0x00000206b68fe800,
0x00000206b68ff800, 0x00000206b6900000, 0x00000206b68fe000, 0x00000206b6901000,
0x00000206b761b000, 0x00000206b761c000, 0x00000206b761e800, 0x00000206b761d000,
0x00000206b7625000, 0x00000206b761a800, 0x00000206b7619800, 0x00000206b761f800,
0x00000206b761d800, 0x00000206b7621800, 0x00000206b7623800, 0x00000206b7626800,
0x00000206b7624000, 0x00000206b7627800, 0x00000206b7628000, 0x00000206b68fb800,
0x00000206b68fd000, 0x00000206b94ec800, 0x00000206b94eb000, 0x00000206b94ea000,
0x00000206b94ee000, 0x00000206b94ed800, 0x00000206b94eb800, 0x00000206b94f1800,
0x00000206b94f0000, 0x00000206b94f0800, 0x00000206b94ef000, 0x00000206b94f4000,
0x00000206b94f4800, 0x00000206b94f2800, 0x00000206b94f5800, 0x00000206b94f3000,
0x00000206b94f7000, 0x00000206b94f9000, 0x00000206b94f8000, 0x00000206b94f6800,
0x00000206bb6be800, 0x00000206bb6be000, 0x00000206bb6bd000, 0x00000206bb6bc800,
0x00000206bb6c0800, 0x00000206bb6c2000, 0x00000206bb6bf800, 0x00000206bb6c3800,
0x00000206bb6c3000, 0x00000206bb6c1000, 0x00000206bb6c4800, 0x00000206bb6c5000,
0x00000206bb6c7800, 0x00000206bb6c6000, 0x00000206bb6c8800, 0x00000206bb6c9800,
0x00000206bb6c7000, 0x00000206bb6ca000, 0x00000206bb6cb000, 0x00000206bc039800,
0x00000206bc03a800, 0x00000206bc03b000, 0x00000206bc039000, 0x00000206bc03e800,
0x00000206bc03d000, 0x00000206bc03c000, 0x00000206bc03f800, 0x00000206bc040000,
0x00000206bc03d800, 0x00000206bc043800, 0x00000206bc041800, 0x00000206bc042800,
0x00000206bc041000, 0x00000206bc046000, 0x00000206bc046800, 0x00000206bc045000,
0x00000206bc044000, 0x00000206bc047800, 0x00000206bbbe9000, 0x00000206bbbec000,
0x00000206bbbe9800, 0x00000206bbbeb800, 0x00000206bbbed000, 0x00000206bbbea800,
0x00000206bbbee800
}

Java Threads: ( => current thread )
  0x00000206984ac800 JavaThread "main" [_thread_blocked, id=23508, stack(0x0000004533400000,0x0000004533500000)]
  0x00000206b3466000 JavaThread "Reference Handler" daemon [_thread_blocked, id=22384, stack(0x0000004533b00000,0x0000004533c00000)]
  0x00000206b3468000 JavaThread "Finalizer" daemon [_thread_blocked, id=9044, stack(0x0000004533c00000,0x0000004533d00000)]
  0x00000206b3df9800 JavaThread "Signal Dispatcher" daemon [_thread_blocked, id=23152, stack(0x0000004533d00000,0x0000004533e00000)]
  0x00000206b3dfc800 JavaThread "Attach Listener" daemon [_thread_blocked, id=13164, stack(0x0000004533e00000,0x0000004533f00000)]
  0x00000206b3dfe800 JavaThread "Service Thread" daemon [_thread_blocked, id=18676, stack(0x0000004533f00000,0x0000004534000000)]
=>0x00000206b3e01000 JavaThread "C2 CompilerThread0" daemon [_thread_in_native, id=5696, stack(0x0000004534000000,0x0000004534100000)]
  0x00000206b3487800 JavaThread "C1 CompilerThread0" daemon [_thread_blocked, id=10004, stack(0x0000004534100000,0x0000004534200000)]
  0x00000206b348a800 JavaThread "Sweeper thread" daemon [_thread_blocked, id=13728, stack(0x0000004534200000,0x0000004534300000)]
  0x00000206b3f92000 JavaThread "Common-Cleaner" daemon [_thread_blocked, id=20576, stack(0x0000004534300000,0x0000004534400000)]
  0x00000206b675b000 JavaThread "Daemon health stats" [_thread_blocked, id=20948, stack(0x0000004534900000,0x0000004534a00000)]
  0x00000206b4b6f000 JavaThread "Incoming local TCP Connector on port 33447" [_thread_in_native, id=552, stack(0x0000004534800000,0x0000004534900000)]
  0x00000206b66c9000 JavaThread "Daemon periodic checks" [_thread_blocked, id=14992, stack(0x0000004534a00000,0x0000004534b00000)]
  0x00000206b68fc000 JavaThread "Cache worker for journal cache (C:\Users\tleva\.gradle\caches\journal-1)" [_thread_blocked, id=8968, stack(0x0000004535200000,0x0000004535300000)]
  0x00000206b68fa800 JavaThread "File lock request listener" [_thread_in_native, id=3544, stack(0x0000004535300000,0x0000004535400000)]
  0x00000206b68fe800 JavaThread "Cache worker for file hash cache (C:\Users\tleva\.gradle\caches\7.6\fileHashes)" [_thread_blocked, id=19572, stack(0x0000004535400000,0x0000004535500000)]
  0x00000206b68ff800 JavaThread "File watcher server" daemon [_thread_in_native, id=13824, stack(0x0000004535600000,0x0000004535700000)]
  0x00000206b6900000 JavaThread "File watcher consumer" daemon [_thread_blocked, id=3156, stack(0x0000004535700000,0x0000004535800000)]
  0x00000206b68fe000 JavaThread "jar transforms" [_thread_blocked, id=19064, stack(0x0000004535800000,0x0000004535900000)]
  0x00000206b6901000 JavaThread "jar transforms Thread 2" [_thread_blocked, id=21108, stack(0x0000004535900000,0x0000004535a00000)]
  0x00000206b761b000 JavaThread "jar transforms Thread 3" [_thread_blocked, id=20196, stack(0x0000004535a00000,0x0000004535b00000)]
  0x00000206b761c000 JavaThread "jar transforms Thread 4" [_thread_blocked, id=22440, stack(0x0000004535b00000,0x0000004535c00000)]
  0x00000206b761e800 JavaThread "Cache worker for file content cache (C:\Users\tleva\.gradle\caches\7.6\fileContent)" [_thread_blocked, id=19016, stack(0x0000004535d00000,0x0000004535e00000)]
  0x00000206b761d000 JavaThread "Cache worker for execution history cache (C:\Users\tleva\.gradle\caches\7.6\executionHistory)" [_thread_blocked, id=5684, stack(0x0000004536100000,0x0000004536200000)]
  0x00000206b7625000 JavaThread "Memory manager" [_thread_blocked, id=23036, stack(0x0000004536400000,0x0000004536500000)]
  0x00000206b761a800 JavaThread "Daemon Thread 4" [_thread_blocked, id=19264, stack(0x0000004533100000,0x0000004533200000)]
  0x00000206b7619800 JavaThread "Handler for socket connection from /127.0.0.1:33447 to /127.0.0.1:34063" [_thread_in_native, id=20220, stack(0x0000004533200000,0x0000004533300000)]
  0x00000206b761f800 JavaThread "Cancel handler" [_thread_blocked, id=18148, stack(0x0000004533300000,0x0000004533400000)]
  0x00000206b761d800 JavaThread "Daemon worker Thread 3" [_thread_blocked, id=21620, stack(0x0000004534b00000,0x0000004534c00000)]
  0x00000206b7621800 JavaThread "Asynchronous log dispatcher for DefaultDaemonConnection: socket connection from /127.0.0.1:33447 to /127.0.0.1:34063" [_thread_blocked, id=5904, stack(0x0000004534c00000,0x0000004534d00000)]
  0x00000206b7623800 JavaThread "Stdin handler" [_thread_blocked, id=17120, stack(0x0000004534d00000,0x0000004534e00000)]
  0x00000206b7626800 JavaThread "Daemon client event forwarder" [_thread_blocked, id=20120, stack(0x0000004534e00000,0x0000004534f00000)]
  0x00000206b7624000 JavaThread "Cache worker for checksums cache (C:\Users\tleva\IdeaProjects\BDD\.gradle\7.6\checksums)" [_thread_blocked, id=13576, stack(0x0000004534f00000,0x0000004535000000)]
  0x00000206b7627800 JavaThread "Cache worker for cache directory md-rule (C:\Users\tleva\.gradle\caches\7.6\md-rule)" [_thread_blocked, id=1716, stack(0x0000004535000000,0x0000004535100000)]
  0x00000206b7628000 JavaThread "Cache worker for file hash cache (C:\Users\tleva\IdeaProjects\BDD\.gradle\7.6\fileHashes)" [_thread_blocked, id=15600, stack(0x0000004535100000,0x0000004535200000)]
  0x00000206b68fb800 JavaThread "Cache worker for cache directory md-supplier (C:\Users\tleva\.gradle\caches\7.6\md-supplier)" [_thread_blocked, id=17696, stack(0x0000004535500000,0x0000004535600000)]
  0x00000206b68fd000 JavaThread "Cache worker for dependencies-accessors (C:\Users\tleva\IdeaProjects\BDD\.gradle\7.6\dependencies-accessors)" [_thread_blocked, id=11356, stack(0x0000004535e00000,0x0000004535f00000)]
  0x00000206b94ec800 JavaThread "Cache worker for Build Output Cleanup Cache (C:\Users\tleva\IdeaProjects\BDD\.gradle\buildOutputCleanup)" [_thread_blocked, id=24368, stack(0x0000004535f00000,0x0000004536000000)]
  0x00000206b94eb000 JavaThread "Unconstrained build operations" [_thread_blocked, id=21548, stack(0x0000004536000000,0x0000004536100000)]
  0x00000206b94ea000 JavaThread "included builds" [_thread_blocked, id=19236, stack(0x0000004536200000,0x0000004536300000)]
  0x00000206b94ee000 JavaThread "Execution worker" [_thread_blocked, id=21472, stack(0x0000004536300000,0x0000004536400000)]
  0x00000206b94ed800 JavaThread "Execution worker Thread 2" [_thread_blocked, id=3504, stack(0x0000004536500000,0x0000004536600000)]
  0x00000206b94eb800 JavaThread "Execution worker Thread 3" [_thread_blocked, id=14292, stack(0x0000004536600000,0x0000004536700000)]
  0x00000206b94f1800 JavaThread "Cache worker for execution history cache (C:\Users\tleva\IdeaProjects\BDD\.gradle\7.6\executionHistory)" [_thread_blocked, id=13264, stack(0x0000004536700000,0x0000004536800000)]
  0x00000206b94f0000 JavaThread "Unconstrained build operations Thread 2" [_thread_blocked, id=7000, stack(0x0000004536800000,0x0000004536900000)]
  0x00000206b94f0800 JavaThread "WorkerExecutor Queue" [_thread_blocked, id=20184, stack(0x0000004536900000,0x0000004536a00000)]
  0x00000206b94ef000 JavaThread "WorkerExecutor Queue Thread 2" [_thread_blocked, id=8324, stack(0x0000004536a00000,0x0000004536b00000)]
  0x00000206b94f4000 JavaThread "Unconstrained build operations Thread 3" [_thread_blocked, id=11576, stack(0x0000004536b00000,0x0000004536c00000)]
  0x00000206b94f4800 JavaThread "Unconstrained build operations Thread 4" [_thread_blocked, id=20988, stack(0x0000004536c00000,0x0000004536d00000)]
  0x00000206b94f2800 JavaThread "Unconstrained build operations Thread 5" [_thread_blocked, id=14100, stack(0x0000004536d00000,0x0000004536e00000)]
  0x00000206b94f5800 JavaThread "Unconstrained build operations Thread 6" [_thread_blocked, id=5332, stack(0x0000004536e00000,0x0000004536f00000)]
  0x00000206b94f3000 JavaThread "Unconstrained build operations Thread 7" [_thread_blocked, id=23212, stack(0x0000004536f00000,0x0000004537000000)]
  0x00000206b94f7000 JavaThread "Cache worker for Java compile cache (C:\Users\tleva\.gradle\caches\7.6\javaCompile)" [_thread_blocked, id=11368, stack(0x0000004537000000,0x0000004537100000)]
  0x00000206b94f9000 JavaThread "Build operations" [_thread_blocked, id=18960, stack(0x0000004537100000,0x0000004537200000)]
  0x00000206b94f8000 JavaThread "Build operations Thread 2" [_thread_blocked, id=19208, stack(0x0000004537200000,0x0000004537300000)]
  0x00000206b94f6800 JavaThread "Build operations Thread 3" [_thread_blocked, id=8976, stack(0x0000004537300000,0x0000004537400000)]
  0x00000206bb6be800 JavaThread "Build operations Thread 4" [_thread_blocked, id=13520, stack(0x0000004537400000,0x0000004537500000)]
  0x00000206bb6be000 JavaThread "Unconstrained build operations Thread 8" [_thread_blocked, id=21416, stack(0x0000004537500000,0x0000004537600000)]
  0x00000206bb6bd000 JavaThread "Unconstrained build operations Thread 9" [_thread_blocked, id=19892, stack(0x0000004537600000,0x0000004537700000)]
  0x00000206bb6bc800 JavaThread "Unconstrained build operations Thread 10" [_thread_blocked, id=20416, stack(0x0000004537700000,0x0000004537800000)]
  0x00000206bb6c0800 JavaThread "Unconstrained build operations Thread 11" [_thread_blocked, id=6212, stack(0x0000004537800000,0x0000004537900000)]
  0x00000206bb6c2000 JavaThread "Unconstrained build operations Thread 12" [_thread_blocked, id=2104, stack(0x0000004537900000,0x0000004537a00000)]
  0x00000206bb6bf800 JavaThread "Unconstrained build operations Thread 13" [_thread_blocked, id=21340, stack(0x0000004537a00000,0x0000004537b00000)]
  0x00000206bb6c3800 JavaThread "Unconstrained build operations Thread 14" [_thread_blocked, id=15940, stack(0x0000004537b00000,0x0000004537c00000)]
  0x00000206bb6c3000 JavaThread "Unconstrained build operations Thread 15" [_thread_blocked, id=3728, stack(0x0000004537c00000,0x0000004537d00000)]
  0x00000206bb6c1000 JavaThread "Unconstrained build operations Thread 16" [_thread_blocked, id=18688, stack(0x0000004537d00000,0x0000004537e00000)]
  0x00000206bb6c4800 JavaThread "Unconstrained build operations Thread 17" [_thread_blocked, id=21576, stack(0x0000004537e00000,0x0000004537f00000)]
  0x00000206bb6c5000 JavaThread "Unconstrained build operations Thread 18" [_thread_blocked, id=19192, stack(0x0000004537f00000,0x0000004538000000)]
  0x00000206bb6c7800 JavaThread "Unconstrained build operations Thread 19" [_thread_blocked, id=12792, stack(0x0000004538000000,0x0000004538100000)]
  0x00000206bb6c6000 JavaThread "Unconstrained build operations Thread 20" [_thread_blocked, id=22224, stack(0x0000004538100000,0x0000004538200000)]
  0x00000206bb6c8800 JavaThread "Unconstrained build operations Thread 21" [_thread_blocked, id=2016, stack(0x0000004538200000,0x0000004538300000)]
  0x00000206bb6c9800 JavaThread "Unconstrained build operations Thread 22" [_thread_blocked, id=21632, stack(0x0000004538300000,0x0000004538400000)]
  0x00000206bb6c7000 JavaThread "Unconstrained build operations Thread 23" [_thread_blocked, id=7720, stack(0x0000004538400000,0x0000004538500000)]
  0x00000206bb6ca000 JavaThread "Unconstrained build operations Thread 24" [_thread_blocked, id=12892, stack(0x0000004538500000,0x0000004538600000)]
  0x00000206bb6cb000 JavaThread "Unconstrained build operations Thread 25" [_thread_blocked, id=8464, stack(0x0000004538600000,0x0000004538700000)]
  0x00000206bc039800 JavaThread "Unconstrained build operations Thread 26" [_thread_blocked, id=7164, stack(0x0000004538700000,0x0000004538800000)]
  0x00000206bc03a800 JavaThread "Unconstrained build operations Thread 27" [_thread_blocked, id=744, stack(0x0000004538800000,0x0000004538900000)]
  0x00000206bc03b000 JavaThread "Unconstrained build operations Thread 28" [_thread_blocked, id=20208, stack(0x0000004538900000,0x0000004538a00000)]
  0x00000206bc039000 JavaThread "Unconstrained build operations Thread 29" [_thread_blocked, id=11200, stack(0x0000004538a00000,0x0000004538b00000)]
  0x00000206bc03e800 JavaThread "Unconstrained build operations Thread 30" [_thread_blocked, id=9860, stack(0x0000004538b00000,0x0000004538c00000)]
  0x00000206bc03d000 JavaThread "Unconstrained build operations Thread 31" [_thread_blocked, id=22072, stack(0x0000004538c00000,0x0000004538d00000)]
  0x00000206bc03c000 JavaThread "Unconstrained build operations Thread 32" [_thread_blocked, id=3168, stack(0x0000004538d00000,0x0000004538e00000)]
  0x00000206bc03f800 JavaThread "Unconstrained build operations Thread 33" [_thread_blocked, id=15996, stack(0x0000004538e00000,0x0000004538f00000)]
  0x00000206bc040000 JavaThread "Unconstrained build operations Thread 34" [_thread_blocked, id=21532, stack(0x0000004538f00000,0x0000004539000000)]
  0x00000206bc03d800 JavaThread "Unconstrained build operations Thread 35" [_thread_blocked, id=4152, stack(0x0000004539000000,0x0000004539100000)]
  0x00000206bc043800 JavaThread "Unconstrained build operations Thread 36" [_thread_blocked, id=17280, stack(0x0000004539100000,0x0000004539200000)]
  0x00000206bc041800 JavaThread "Unconstrained build operations Thread 37" [_thread_blocked, id=13028, stack(0x0000004539200000,0x0000004539300000)]
  0x00000206bc042800 JavaThread "Unconstrained build operations Thread 38" [_thread_blocked, id=15372, stack(0x0000004539300000,0x0000004539400000)]
  0x00000206bc041000 JavaThread "Unconstrained build operations Thread 39" [_thread_blocked, id=6100, stack(0x0000004539400000,0x0000004539500000)]
  0x00000206bc046000 JavaThread "Unconstrained build operations Thread 40" [_thread_blocked, id=22016, stack(0x0000004539500000,0x0000004539600000)]
  0x00000206bc046800 JavaThread "Dispatch org.gradle.api.internal.tasks.testing.results.AttachParentTestResultProcessor@c72cada" [_thread_in_Java, id=19000, stack(0x0000004539600000,0x0000004539700000)]
  0x00000206bc045000 JavaThread "Dispatch org.gradle.api.internal.tasks.testing.processors.RestartEveryNTestClassProcessor@1c87621f" [_thread_blocked, id=7536, stack(0x0000004539700000,0x0000004539800000)]
  0x00000206bc044000 JavaThread "Incoming local TCP Connector on port 34067" [_thread_blocked, id=4844, stack(0x0000004539800000,0x0000004539900000)]
  0x00000206bc047800 JavaThread "Exec process" [_thread_in_native, id=21312, stack(0x0000004539900000,0x0000004539a00000)]
  0x00000206bbbe9000 JavaThread "Exec process Thread 2" [_thread_blocked, id=5008, stack(0x0000004539b00000,0x0000004539c00000)]
  0x00000206bbbec000 JavaThread "Exec process Thread 3" [_thread_in_native, id=23944, stack(0x0000004539c00000,0x0000004539d00000)]
  0x00000206bbbe9800 JavaThread "Exec process Thread 4" [_thread_in_native, id=8140, stack(0x0000004539d00000,0x0000004539e00000)]
  0x00000206bbbeb800 JavaThread "/127.0.0.1:34067 to /127.0.0.1:34068 workers" [_thread_blocked, id=712, stack(0x0000004539a00000,0x0000004539b00000)]
  0x00000206bbbed000 JavaThread "/127.0.0.1:34067 to /127.0.0.1:34068 workers Thread 2" [_thread_blocked, id=22196, stack(0x0000004539e00000,0x0000004539f00000)]
  0x00000206bbbea800 JavaThread "/127.0.0.1:34067 to /127.0.0.1:34068 workers Thread 3" [_thread_blocked, id=22532, stack(0x0000004539f00000,0x000000453a000000)]
  0x00000206bbbee800 JavaThread "/127.0.0.1:34067 to /127.0.0.1:34068 workers Thread 4" [_thread_in_native, id=9232, stack(0x000000453a000000,0x000000453a100000)]

Other Threads:
  0x00000206b3443000 VMThread "VM Thread" [stack: 0x0000004533a00000,0x0000004533b00000] [id=3212]
  0x00000206b3fbe000 WatcherThread [stack: 0x0000004534400000,0x0000004534500000] [id=15928]
  0x00000206984c6000 GCTaskThread "GC Thread#0" [stack: 0x0000004533500000,0x0000004533600000] [id=21024]
  0x00000206b419d000 GCTaskThread "GC Thread#1" [stack: 0x0000004534500000,0x0000004534600000] [id=15828]
  0x00000206b47f0800 GCTaskThread "GC Thread#2" [stack: 0x0000004534600000,0x0000004534700000] [id=16952]
  0x00000206b47f1800 GCTaskThread "GC Thread#3" [stack: 0x0000004534700000,0x0000004534800000] [id=24432]
  0x00000206984d7000 ConcurrentGCThread "G1 Main Marker" [stack: 0x0000004533600000,0x0000004533700000] [id=6772]
  0x00000206984d8800 ConcurrentGCThread "G1 Conc#0" [stack: 0x0000004533700000,0x0000004533800000] [id=16892]
  0x000002069857e800 ConcurrentGCThread "G1 Refine#0" [stack: 0x0000004533800000,0x0000004533900000] [id=19856]
  0x00000206b32dc800 ConcurrentGCThread "G1 Young RemSet Sampling" [stack: 0x0000004533900000,0x0000004533a00000] [id=8532]

Threads with active compile tasks:
C2 CompilerThread0  1867613 12430       4       org.gradle.internal.event.AbstractBroadcastDispatch::dispatch (65 bytes)
C1 CompilerThread0  1867613 12462       3       org.gradle.internal.operations.DefaultBuildOperationListenerManager$1::progress (47 bytes)

VM state:not at safepoint (normal execution)

VM Mutex/Monitor currently owned by a thread: None

Heap address: 0x00000000e0000000, size: 512 MB, Compressed Oops mode: 32-bit
Narrow klass base: 0x0000000000000000, Narrow klass shift: 3
Compressed class space size: 260046848 Address: 0x0000000100000000

Heap:
 garbage-first heap   total 262144K, used 203264K [0x00000000e0000000, 0x0000000100000000)
  region size 1024K, 108 young (110592K), 15 survivors (15360K)
 Metaspace       used 97547K, capacity 100885K, committed 101792K, reserved 342016K
  class space    used 12571K, capacity 13761K, committed 14080K, reserved 253952K
Heap Regions: E=young(eden), S=young(survivor), O=old, HS=humongous(starts), HC=humongous(continues), CS=collection set, F=free, A=archive, TAMS=top-at-mark-start (previous, next)
|   0|0x00000000e0000000, 0x00000000e0100000, 0x00000000e0100000|100%|HS|  |TAMS 0x00000000e0100000, 0x00000000e0000000| Complete 
|   1|0x00000000e0100000, 0x00000000e0200000, 0x00000000e0200000|100%|HC|  |TAMS 0x00000000e0200000, 0x00000000e0100000| Complete 
|   2|0x00000000e0200000, 0x00000000e0300000, 0x00000000e0300000|100%|HC|  |TAMS 0x00000000e0300000, 0x00000000e0200000| Complete 
|   3|0x00000000e0300000, 0x00000000e0400000, 0x00000000e0400000|100%| O|  |TAMS 0x00000000e0400000, 0x00000000e0300000| Untracked 
|   4|0x00000000e0400000, 0x00000000e0500000, 0x00000000e0500000|100%| O|  |TAMS 0x00000000e0500000, 0x00000000e0400000| Untracked 
|   5|0x00000000e0500000, 0x00000000e0600000, 0x00000000e0600000|100%| O|  |TAMS 0x00000000e0600000, 0x00000000e0500000| Complete 
|   6|0x00000000e0600000, 0x00000000e0700000, 0x00000000e0700000|100%| O|  |TAMS 0x00000000e0700000, 0x00000000e0600000| Untracked 
|   7|0x00000000e0700000, 0x00000000e0800000, 0x00000000e0800000|100%| O|  |TAMS 0x00000000e0800000, 0x00000000e0700000| Untracked 
|   8|0x00000000e0800000, 0x00000000e0900000, 0x00000000e0900000|100%| O|  |TAMS 0x00000000e0900000, 0x00000000e0800000| Untracked 
|   9|0x00000000e0900000, 0x00000000e0a00000, 0x00000000e0a00000|100%| O|  |TAMS 0x00000000e0a00000, 0x00000000e0900000| Untracked 
|  10|0x00000000e0a00000, 0x00000000e0b00000, 0x00000000e0b00000|100%| O|  |TAMS 0x00000000e0b00000, 0x00000000e0a00000| Complete 
|  11|0x00000000e0b00000, 0x00000000e0c00000, 0x00000000e0c00000|100%| O|  |TAMS 0x00000000e0c00000, 0x00000000e0b00000| Untracked 
|  12|0x00000000e0c00000, 0x00000000e0d00000, 0x00000000e0d00000|100%| O|  |TAMS 0x00000000e0d00000, 0x00000000e0c00000| Untracked 
|  13|0x00000000e0d00000, 0x00000000e0e00000, 0x00000000e0e00000|100%| O|  |TAMS 0x00000000e0e00000, 0x00000000e0d00000| Untracked 
|  14|0x00000000e0e00000, 0x00000000e0f00000, 0x00000000e0f00000|100%|HS|  |TAMS 0x00000000e0f00000, 0x00000000e0e00000| Complete 
|  15|0x00000000e0f00000, 0x00000000e1000000, 0x00000000e1000000|100%|HC|  |TAMS 0x00000000e1000000, 0x00000000e0f00000| Complete 
|  16|0x00000000e1000000, 0x00000000e1100000, 0x00000000e1100000|100%|HC|  |TAMS 0x00000000e1100000, 0x00000000e1000000| Complete 
|  17|0x00000000e1100000, 0x00000000e1200000, 0x00000000e1200000|100%|HC|  |TAMS 0x00000000e1200000, 0x00000000e1100000| Complete 
|  18|0x00000000e1200000, 0x00000000e1300000, 0x00000000e1300000|100%|HC|  |TAMS 0x00000000e1300000, 0x00000000e1200000| Complete 
|  19|0x00000000e1300000, 0x00000000e1400000, 0x00000000e1400000|100%|HC|  |TAMS 0x00000000e1400000, 0x00000000e1300000| Complete 
|  20|0x00000000e1400000, 0x00000000e1500000, 0x00000000e1500000|100%|HS|  |TAMS 0x00000000e1500000, 0x00000000e1400000| Complete 
|  21|0x00000000e1500000, 0x00000000e1600000, 0x00000000e1600000|100%|HC|  |TAMS 0x00000000e1600000, 0x00000000e1500000| Complete 
|  22|0x00000000e1600000, 0x00000000e1700000, 0x00000000e1700000|100%|HC|  |TAMS 0x00000000e1700000, 0x00000000e1600000| Complete 
|  23|0x00000000e1700000, 0x00000000e1800000, 0x00000000e1800000|100%|HS|  |TAMS 0x00000000e1800000, 0x00000000e1700000| Complete 
|  24|0x00000000e1800000, 0x00000000e1900000, 0x00000000e1900000|100%|HC|  |TAMS 0x00000000e1900000, 0x00000000e1800000| Complete 
|  25|0x00000000e1900000, 0x00000000e1a00000, 0x00000000e1a00000|100%| O|  |TAMS 0x00000000e1a00000, 0x00000000e1900000| Untracked 
|  26|0x00000000e1a00000, 0x00000000e1b00000, 0x00000000e1b00000|100%| O|  |TAMS 0x00000000e1b00000, 0x00000000e1a00000| Untracked 
|  27|0x00000000e1b00000, 0x00000000e1c00000, 0x00000000e1c00000|100%| O|  |TAMS 0x00000000e1c00000, 0x00000000e1b00000| Complete 
|  28|0x00000000e1c00000, 0x00000000e1d00000, 0x00000000e1d00000|100%| O|  |TAMS 0x00000000e1d00000, 0x00000000e1c00000| Untracked 
|  29|0x00000000e1d00000, 0x00000000e1e00000, 0x00000000e1e00000|100%| O|  |TAMS 0x00000000e1e00000, 0x00000000e1d00000| Untracked 
|  30|0x00000000e1e00000, 0x00000000e1f00000, 0x00000000e1f00000|100%| O|  |TAMS 0x00000000e1f00000, 0x00000000e1e00000| Complete 
|  31|0x00000000e1f00000, 0x00000000e2000000, 0x00000000e2000000|100%|HS|  |TAMS 0x00000000e2000000, 0x00000000e1f00000| Complete 
|  32|0x00000000e2000000, 0x00000000e2100000, 0x00000000e2100000|100%|HC|  |TAMS 0x00000000e2100000, 0x00000000e2000000| Complete 
|  33|0x00000000e2100000, 0x00000000e2200000, 0x00000000e2200000|100%|HS|  |TAMS 0x00000000e2200000, 0x00000000e2100000| Complete 
|  34|0x00000000e2200000, 0x00000000e2300000, 0x00000000e2300000|100%|HC|  |TAMS 0x00000000e2300000, 0x00000000e2200000| Complete 
|  35|0x00000000e2300000, 0x00000000e2400000, 0x00000000e2400000|100%|HC|  |TAMS 0x00000000e2400000, 0x00000000e2300000| Complete 
|  36|0x00000000e2400000, 0x00000000e2500000, 0x00000000e2500000|100%|HC|  |TAMS 0x00000000e2500000, 0x00000000e2400000| Complete 
|  37|0x00000000e2500000, 0x00000000e2600000, 0x00000000e2600000|100%|HC|  |TAMS 0x00000000e2600000, 0x00000000e2500000| Complete 
|  38|0x00000000e2600000, 0x00000000e2700000, 0x00000000e2700000|100%|HC|  |TAMS 0x00000000e2700000, 0x00000000e2600000| Complete 
|  39|0x00000000e2700000, 0x00000000e2800000, 0x00000000e2800000|100%|HS|  |TAMS 0x00000000e2800000, 0x00000000e2700000| Complete 
|  40|0x00000000e2800000, 0x00000000e2900000, 0x00000000e2900000|100%| O|  |TAMS 0x00000000e2900000, 0x00000000e2800000| Complete 
|  41|0x00000000e2900000, 0x00000000e2a00000, 0x00000000e2a00000|100%| O|  |TAMS 0x00000000e2a00000, 0x00000000e2900000| Complete 
|  42|0x00000000e2a00000, 0x00000000e2b00000, 0x00000000e2b00000|100%| O|  |TAMS 0x00000000e2b00000, 0x00000000e2a00000| Untracked 
|  43|0x00000000e2b00000, 0x00000000e2c00000, 0x00000000e2c00000|100%| O|  |TAMS 0x00000000e2c00000, 0x00000000e2b00000| Complete 
|  44|0x00000000e2c00000, 0x00000000e2d00000, 0x00000000e2d00000|100%|HS|  |TAMS 0x00000000e2d00000, 0x00000000e2c00000| Complete 
|  45|0x00000000e2d00000, 0x00000000e2e00000, 0x00000000e2e00000|100%|HS|  |TAMS 0x00000000e2e00000, 0x00000000e2d00000| Complete 
|  46|0x00000000e2e00000, 0x00000000e2f00000, 0x00000000e2f00000|100%|HC|  |TAMS 0x00000000e2f00000, 0x00000000e2e00000| Complete 
|  47|0x00000000e2f00000, 0x00000000e3000000, 0x00000000e3000000|100%|HC|  |TAMS 0x00000000e3000000, 0x00000000e2f00000| Complete 
|  48|0x00000000e3000000, 0x00000000e3100000, 0x00000000e3100000|100%|HC|  |TAMS 0x00000000e3100000, 0x00000000e3000000| Complete 
|  49|0x00000000e3100000, 0x00000000e3200000, 0x00000000e3200000|100%|HC|  |TAMS 0x00000000e3200000, 0x00000000e3100000| Complete 
|  50|0x00000000e3200000, 0x00000000e3300000, 0x00000000e3300000|100%|HC|  |TAMS 0x00000000e3300000, 0x00000000e3200000| Complete 
|  51|0x00000000e3300000, 0x00000000e3400000, 0x00000000e3400000|100%|HS|  |TAMS 0x00000000e3400000, 0x00000000e3300000| Complete 
|  52|0x00000000e3400000, 0x00000000e3500000, 0x00000000e3500000|100%|HC|  |TAMS 0x00000000e3500000, 0x00000000e3400000| Complete 
|  53|0x00000000e3500000, 0x00000000e3600000, 0x00000000e3600000|100%|HC|  |TAMS 0x00000000e3600000, 0x00000000e3500000| Complete 
|  54|0x00000000e3600000, 0x00000000e3700000, 0x00000000e3700000|100%|HS|  |TAMS 0x00000000e3700000, 0x00000000e3600000| Complete 
|  55|0x00000000e3700000, 0x00000000e3800000, 0x00000000e3800000|100%|HC|  |TAMS 0x00000000e3800000, 0x00000000e3700000| Complete 
|  56|0x00000000e3800000, 0x00000000e3900000, 0x00000000e3900000|100%|HS|  |TAMS 0x00000000e3900000, 0x00000000e3800000| Complete 
|  57|0x00000000e3900000, 0x00000000e3a00000, 0x00000000e3a00000|100%| O|  |TAMS 0x00000000e3a00000, 0x00000000e3900000| Complete 
|  58|0x00000000e3a00000, 0x00000000e3b00000, 0x00000000e3b00000|100%| O|  |TAMS 0x00000000e3b00000, 0x00000000e3a00000| Untracked 
|  59|0x00000000e3b00000, 0x00000000e3c00000, 0x00000000e3c00000|100%| O|  |TAMS 0x00000000e3c00000, 0x00000000e3b00000| Complete 
|  60|0x00000000e3c00000, 0x00000000e3d00000, 0x00000000e3d00000|100%| O|  |TAMS 0x00000000e3d00000, 0x00000000e3c00000| Complete 
|  61|0x00000000e3d00000, 0x00000000e3e00000, 0x00000000e3e00000|100%| O|  |TAMS 0x00000000e3e00000, 0x00000000e3d00000| Complete 
|  62|0x00000000e3e00000, 0x00000000e3f00000, 0x00000000e3f00000|100%| O|  |TAMS 0x00000000e3f00000, 0x00000000e3e00000| Untracked 
|  63|0x00000000e3f00000, 0x00000000e4000000, 0x00000000e4000000|100%| O|  |TAMS 0x00000000e4000000, 0x00000000e3f00000| Complete 
|  64|0x00000000e4000000, 0x00000000e4100000, 0x00000000e4100000|100%| O|  |TAMS 0x00000000e4100000, 0x00000000e4000000| Complete 
|  65|0x00000000e4100000, 0x00000000e4200000, 0x00000000e4200000|100%| O|  |TAMS 0x00000000e4200000, 0x00000000e4100000| Complete 
|  66|0x00000000e4200000, 0x00000000e4300000, 0x00000000e4300000|100%| O|  |TAMS 0x00000000e4300000, 0x00000000e4200000| Complete 
|  67|0x00000000e4300000, 0x00000000e4400000, 0x00000000e4400000|100%| O|  |TAMS 0x00000000e4400000, 0x00000000e4300000| Complete 
|  68|0x00000000e4400000, 0x00000000e4500000, 0x00000000e4500000|100%| O|  |TAMS 0x00000000e4500000, 0x00000000e4400000| Complete 
|  69|0x00000000e4500000, 0x00000000e4600000, 0x00000000e4600000|100%| O|  |TAMS 0x00000000e4600000, 0x00000000e4500000| Complete 
|  70|0x00000000e4600000, 0x00000000e4700000, 0x00000000e4700000|100%| O|  |TAMS 0x00000000e4700000, 0x00000000e4600000| Complete 
|  71|0x00000000e4700000, 0x00000000e4800000, 0x00000000e4800000|100%| O|  |TAMS 0x00000000e4800000, 0x00000000e4700000| Untracked 
|  72|0x00000000e4800000, 0x00000000e4900000, 0x00000000e4900000|100%| O|  |TAMS 0x00000000e4900000, 0x00000000e4800000| Complete 
|  73|0x00000000e4900000, 0x00000000e4a00000, 0x00000000e4a00000|100%| O|  |TAMS 0x00000000e4a00000, 0x00000000e4900000| Complete 
|  74|0x00000000e4a00000, 0x00000000e4b00000, 0x00000000e4b00000|100%| O|  |TAMS 0x00000000e4b00000, 0x00000000e4a00000| Complete 
|  75|0x00000000e4b00000, 0x00000000e4c00000, 0x00000000e4c00000|100%| O|  |TAMS 0x00000000e4c00000, 0x00000000e4b00000| Complete 
|  76|0x00000000e4c00000, 0x00000000e4d00000, 0x00000000e4d00000|100%| O|  |TAMS 0x00000000e4d00000, 0x00000000e4c00000| Complete 
|  77|0x00000000e4d00000, 0x00000000e4e00000, 0x00000000e4e00000|100%| O|  |TAMS 0x00000000e4e00000, 0x00000000e4d00000| Complete 
|  78|0x00000000e4e00000, 0x00000000e4f00000, 0x00000000e4f00000|100%| O|  |TAMS 0x00000000e4f00000, 0x00000000e4e00000| Complete 
|  79|0x00000000e4f00000, 0x00000000e5000000, 0x00000000e5000000|100%| O|  |TAMS 0x00000000e5000000, 0x00000000e4f00000| Complete 
|  80|0x00000000e5000000, 0x00000000e5100000, 0x00000000e5100000|100%| O|  |TAMS 0x00000000e5100000, 0x00000000e5000000| Complete 
|  81|0x00000000e5100000, 0x00000000e5200000, 0x00000000e5200000|100%| O|  |TAMS 0x00000000e5200000, 0x00000000e5100000| Untracked 
|  82|0x00000000e5200000, 0x00000000e5300000, 0x00000000e5300000|100%| O|  |TAMS 0x00000000e5300000, 0x00000000e5200000| Untracked 
|  83|0x00000000e5300000, 0x00000000e5400000, 0x00000000e5400000|100%| O|  |TAMS 0x00000000e5400000, 0x00000000e5300000| Untracked 
|  84|0x00000000e5400000, 0x00000000e5500000, 0x00000000e5500000|100%| O|  |TAMS 0x00000000e5500000, 0x00000000e5400000| Complete 
|  85|0x00000000e5500000, 0x00000000e5600000, 0x00000000e5600000|100%| O|  |TAMS 0x00000000e5600000, 0x00000000e5500000| Complete 
|  86|0x00000000e5600000, 0x00000000e5700000, 0x00000000e5700000|100%| O|  |TAMS 0x00000000e5700000, 0x00000000e5600000| Untracked 
|  87|0x00000000e5700000, 0x00000000e5800000, 0x00000000e5800000|100%| O|  |TAMS 0x00000000e5800000, 0x00000000e5700000| Untracked 
|  88|0x00000000e5800000, 0x00000000e5900000, 0x00000000e5900000|100%| O|  |TAMS 0x00000000e5900000, 0x00000000e5800000| Untracked 
|  89|0x00000000e5900000, 0x00000000e5a00000, 0x00000000e5a00000|100%| O|  |TAMS 0x00000000e5a00000, 0x00000000e5900000| Complete 
|  90|0x00000000e5a00000, 0x00000000e5b00000, 0x00000000e5b00000|100%| O|  |TAMS 0x00000000e5b00000, 0x00000000e5a00000| Complete 
|  91|0x00000000e5b00000, 0x00000000e5c00000, 0x00000000e5c00000|100%| O|  |TAMS 0x00000000e5c00000, 0x00000000e5b00000| Complete 
|  92|0x00000000e5c00000, 0x00000000e5c00000, 0x00000000e5d00000|  0%| F|  |TAMS 0x00000000e5c00000, 0x00000000e5c00000| Untracked 
|  93|0x00000000e5d00000, 0x00000000e5d00000, 0x00000000e5e00000|  0%| F|  |TAMS 0x00000000e5d00000, 0x00000000e5d00000| Untracked 
|  94|0x00000000e5e00000, 0x00000000e5e00000, 0x00000000e5f00000|  0%| F|  |TAMS 0x00000000e5e00000, 0x00000000e5e00000| Untracked 
|  95|0x00000000e5f00000, 0x00000000e5f00000, 0x00000000e6000000|  0%| F|  |TAMS 0x00000000e5f00000, 0x00000000e5f00000| Untracked 
|  96|0x00000000e6000000, 0x00000000e6000000, 0x00000000e6100000|  0%| F|  |TAMS 0x00000000e6000000, 0x00000000e6000000| Untracked 
|  97|0x00000000e6100000, 0x00000000e6100000, 0x00000000e6200000|  0%| F|  |TAMS 0x00000000e6100000, 0x00000000e6100000| Untracked 
|  98|0x00000000e6200000, 0x00000000e6200000, 0x00000000e6300000|  0%| F|  |TAMS 0x00000000e6200000, 0x00000000e6200000| Untracked 
|  99|0x00000000e6300000, 0x00000000e6300000, 0x00000000e6400000|  0%| F|  |TAMS 0x00000000e6300000, 0x00000000e6300000| Untracked 
| 100|0x00000000e6400000, 0x00000000e6400000, 0x00000000e6500000|  0%| F|  |TAMS 0x00000000e6400000, 0x00000000e6400000| Untracked 
| 101|0x00000000e6500000, 0x00000000e6500000, 0x00000000e6600000|  0%| F|  |TAMS 0x00000000e6500000, 0x00000000e6500000| Untracked 
| 102|0x00000000e6600000, 0x00000000e6600000, 0x00000000e6700000|  0%| F|  |TAMS 0x00000000e6600000, 0x00000000e6600000| Untracked 
| 103|0x00000000e6700000, 0x00000000e6700000, 0x00000000e6800000|  0%| F|  |TAMS 0x00000000e6700000, 0x00000000e6700000| Untracked 
| 104|0x00000000e6800000, 0x00000000e6800000, 0x00000000e6900000|  0%| F|  |TAMS 0x00000000e6800000, 0x00000000e6800000| Untracked 
| 105|0x00000000e6900000, 0x00000000e6900000, 0x00000000e6a00000|  0%| F|  |TAMS 0x00000000e6900000, 0x00000000e6900000| Untracked 
| 106|0x00000000e6a00000, 0x00000000e6a00000, 0x00000000e6b00000|  0%| F|  |TAMS 0x00000000e6a00000, 0x00000000e6a00000| Untracked 
| 107|0x00000000e6b00000, 0x00000000e6b00000, 0x00000000e6c00000|  0%| F|  |TAMS 0x00000000e6b00000, 0x00000000e6b00000| Untracked 
| 108|0x00000000e6c00000, 0x00000000e6c00000, 0x00000000e6d00000|  0%| F|  |TAMS 0x00000000e6c00000, 0x00000000e6c00000| Untracked 
| 109|0x00000000e6d00000, 0x00000000e6d00000, 0x00000000e6e00000|  0%| F|  |TAMS 0x00000000e6d00000, 0x00000000e6d00000| Untracked 
| 110|0x00000000e6e00000, 0x00000000e6e00000, 0x00000000e6f00000|  0%| F|  |TAMS 0x00000000e6e00000, 0x00000000e6e00000| Untracked 
| 111|0x00000000e6f00000, 0x00000000e6f00000, 0x00000000e7000000|  0%| F|  |TAMS 0x00000000e6f00000, 0x00000000e6f00000| Untracked 
| 112|0x00000000e7000000, 0x00000000e7000000, 0x00000000e7100000|  0%| F|  |TAMS 0x00000000e7000000, 0x00000000e7000000| Untracked 
| 113|0x00000000e7100000, 0x00000000e7100000, 0x00000000e7200000|  0%| F|  |TAMS 0x00000000e7100000, 0x00000000e7100000| Untracked 
| 114|0x00000000e7200000, 0x00000000e7200000, 0x00000000e7300000|  0%| F|  |TAMS 0x00000000e7200000, 0x00000000e7200000| Untracked 
| 115|0x00000000e7300000, 0x00000000e7300000, 0x00000000e7400000|  0%| F|  |TAMS 0x00000000e7300000, 0x00000000e7300000| Untracked 
| 116|0x00000000e7400000, 0x00000000e7400000, 0x00000000e7500000|  0%| F|  |TAMS 0x00000000e7400000, 0x00000000e7400000| Untracked 
| 117|0x00000000e7500000, 0x00000000e7500000, 0x00000000e7600000|  0%| F|  |TAMS 0x00000000e7500000, 0x00000000e7500000| Untracked 
| 118|0x00000000e7600000, 0x00000000e7600000, 0x00000000e7700000|  0%| F|  |TAMS 0x00000000e7600000, 0x00000000e7600000| Untracked 
| 119|0x00000000e7700000, 0x00000000e7700000, 0x00000000e7800000|  0%| F|  |TAMS 0x00000000e7700000, 0x00000000e7700000| Untracked 
| 120|0x00000000e7800000, 0x00000000e7800000, 0x00000000e7900000|  0%| F|  |TAMS 0x00000000e7800000, 0x00000000e7800000| Untracked 
| 121|0x00000000e7900000, 0x00000000e7900000, 0x00000000e7a00000|  0%| F|  |TAMS 0x00000000e7900000, 0x00000000e7900000| Untracked 
| 122|0x00000000e7a00000, 0x00000000e7a00000, 0x00000000e7b00000|  0%| F|  |TAMS 0x00000000e7a00000, 0x00000000e7a00000| Untracked 
| 123|0x00000000e7b00000, 0x00000000e7b00000, 0x00000000e7c00000|  0%| F|  |TAMS 0x00000000e7b00000, 0x00000000e7b00000| Untracked 
| 124|0x00000000e7c00000, 0x00000000e7c00000, 0x00000000e7d00000|  0%| F|  |TAMS 0x00000000e7c00000, 0x00000000e7c00000| Untracked 
| 125|0x00000000e7d00000, 0x00000000e7d00000, 0x00000000e7e00000|  0%| F|  |TAMS 0x00000000e7d00000, 0x00000000e7d00000| Untracked 
| 126|0x00000000e7e00000, 0x00000000e7e00000, 0x00000000e7f00000|  0%| F|  |TAMS 0x00000000e7e00000, 0x00000000e7e00000| Untracked 
| 127|0x00000000e7f00000, 0x00000000e7f00000, 0x00000000e8000000|  0%| F|  |TAMS 0x00000000e7f00000, 0x00000000e7f00000| Untracked 
| 128|0x00000000e8000000, 0x00000000e8000000, 0x00000000e8100000|  0%| F|  |TAMS 0x00000000e8000000, 0x00000000e8000000| Untracked 
| 129|0x00000000e8100000, 0x00000000e8100000, 0x00000000e8200000|  0%| F|  |TAMS 0x00000000e8100000, 0x00000000e8100000| Untracked 
| 130|0x00000000e8200000, 0x00000000e8200000, 0x00000000e8300000|  0%| F|  |TAMS 0x00000000e8200000, 0x00000000e8200000| Untracked 
| 131|0x00000000e8300000, 0x00000000e8300000, 0x00000000e8400000|  0%| F|  |TAMS 0x00000000e8300000, 0x00000000e8300000| Untracked 
| 132|0x00000000e8400000, 0x00000000e8400000, 0x00000000e8500000|  0%| F|  |TAMS 0x00000000e8400000, 0x00000000e8400000| Untracked 
| 133|0x00000000e8500000, 0x00000000e8500000, 0x00000000e8600000|  0%| F|  |TAMS 0x00000000e8500000, 0x00000000e8500000| Untracked 
| 134|0x00000000e8600000, 0x00000000e8600000, 0x00000000e8700000|  0%| F|  |TAMS 0x00000000e8600000, 0x00000000e8600000| Untracked 
| 135|0x00000000e8700000, 0x00000000e8700000, 0x00000000e8800000|  0%| F|  |TAMS 0x00000000e8700000, 0x00000000e8700000| Untracked 
| 136|0x00000000e8800000, 0x00000000e8800000, 0x00000000e8900000|  0%| F|  |TAMS 0x00000000e8800000, 0x00000000e8800000| Untracked 
| 137|0x00000000e8900000, 0x00000000e8900000, 0x00000000e8a00000|  0%| F|  |TAMS 0x00000000e8900000, 0x00000000e8900000| Untracked 
| 138|0x00000000e8a00000, 0x00000000e8a00000, 0x00000000e8b00000|  0%| F|  |TAMS 0x00000000e8a00000, 0x00000000e8a00000| Untracked 
| 139|0x00000000e8b00000, 0x00000000e8b00000, 0x00000000e8c00000|  0%| F|  |TAMS 0x00000000e8b00000, 0x00000000e8b00000| Untracked 
| 140|0x00000000e8c00000, 0x00000000e8c00000, 0x00000000e8d00000|  0%| F|  |TAMS 0x00000000e8c00000, 0x00000000e8c00000| Untracked 
| 141|0x00000000e8d00000, 0x00000000e8d00000, 0x00000000e8e00000|  0%| F|  |TAMS 0x00000000e8d00000, 0x00000000e8d00000| Untracked 
| 142|0x00000000e8e00000, 0x00000000e8e00000, 0x00000000e8f00000|  0%| F|  |TAMS 0x00000000e8e00000, 0x00000000e8e00000| Untracked 
| 143|0x00000000e8f00000, 0x00000000e8f00000, 0x00000000e9000000|  0%| F|  |TAMS 0x00000000e8f00000, 0x00000000e8f00000| Untracked 
| 144|0x00000000e9000000, 0x00000000e9000000, 0x00000000e9100000|  0%| F|  |TAMS 0x00000000e9000000, 0x00000000e9000000| Untracked 
| 145|0x00000000e9100000, 0x00000000e9100000, 0x00000000e9200000|  0%| F|  |TAMS 0x00000000e9100000, 0x00000000e9100000| Untracked 
| 146|0x00000000e9200000, 0x00000000e9200000, 0x00000000e9300000|  0%| F|  |TAMS 0x00000000e9200000, 0x00000000e9200000| Untracked 
| 147|0x00000000e9300000, 0x00000000e9300000, 0x00000000e9400000|  0%| F|  |TAMS 0x00000000e9300000, 0x00000000e9300000| Untracked 
| 148|0x00000000e9400000, 0x00000000e94eb7c8, 0x00000000e9500000| 91%| E|  |TAMS 0x00000000e9400000, 0x00000000e9400000| Complete 
| 149|0x00000000e9500000, 0x00000000e9600000, 0x00000000e9600000|100%| E|CS|TAMS 0x00000000e9500000, 0x00000000e9500000| Complete 
| 150|0x00000000e9600000, 0x00000000e9700000, 0x00000000e9700000|100%| E|CS|TAMS 0x00000000e9600000, 0x00000000e9600000| Complete 
| 151|0x00000000e9700000, 0x00000000e9800000, 0x00000000e9800000|100%| E|CS|TAMS 0x00000000e9700000, 0x00000000e9700000| Complete 
| 152|0x00000000e9800000, 0x00000000e9900000, 0x00000000e9900000|100%| E|CS|TAMS 0x00000000e9800000, 0x00000000e9800000| Complete 
| 153|0x00000000e9900000, 0x00000000e9a00000, 0x00000000e9a00000|100%| E|CS|TAMS 0x00000000e9900000, 0x00000000e9900000| Complete 
| 154|0x00000000e9a00000, 0x00000000e9b00000, 0x00000000e9b00000|100%| E|CS|TAMS 0x00000000e9a00000, 0x00000000e9a00000| Complete 
| 155|0x00000000e9b00000, 0x00000000e9c00000, 0x00000000e9c00000|100%| E|CS|TAMS 0x00000000e9b00000, 0x00000000e9b00000| Complete 
| 156|0x00000000e9c00000, 0x00000000e9d00000, 0x00000000e9d00000|100%| E|CS|TAMS 0x00000000e9c00000, 0x00000000e9c00000| Complete 
| 157|0x00000000e9d00000, 0x00000000e9e00000, 0x00000000e9e00000|100%| E|CS|TAMS 0x00000000e9d00000, 0x00000000e9d00000| Complete 
| 158|0x00000000e9e00000, 0x00000000e9f00000, 0x00000000e9f00000|100%| E|CS|TAMS 0x00000000e9e00000, 0x00000000e9e00000| Complete 
| 159|0x00000000e9f00000, 0x00000000ea000000, 0x00000000ea000000|100%| E|CS|TAMS 0x00000000e9f00000, 0x00000000e9f00000| Complete 
| 160|0x00000000ea000000, 0x00000000ea100000, 0x00000000ea100000|100%| E|CS|TAMS 0x00000000ea000000, 0x00000000ea000000| Complete 
| 161|0x00000000ea100000, 0x00000000ea200000, 0x00000000ea200000|100%| E|CS|TAMS 0x00000000ea100000, 0x00000000ea100000| Complete 
| 162|0x00000000ea200000, 0x00000000ea300000, 0x00000000ea300000|100%| E|CS|TAMS 0x00000000ea200000, 0x00000000ea200000| Complete 
| 163|0x00000000ea300000, 0x00000000ea400000, 0x00000000ea400000|100%| E|CS|TAMS 0x00000000ea300000, 0x00000000ea300000| Complete 
| 164|0x00000000ea400000, 0x00000000ea500000, 0x00000000ea500000|100%| E|CS|TAMS 0x00000000ea400000, 0x00000000ea400000| Complete 
| 165|0x00000000ea500000, 0x00000000ea600000, 0x00000000ea600000|100%| E|CS|TAMS 0x00000000ea500000, 0x00000000ea500000| Complete 
| 166|0x00000000ea600000, 0x00000000ea700000, 0x00000000ea700000|100%| E|CS|TAMS 0x00000000ea600000, 0x00000000ea600000| Complete 
| 167|0x00000000ea700000, 0x00000000ea800000, 0x00000000ea800000|100%| E|CS|TAMS 0x00000000ea700000, 0x00000000ea700000| Complete 
| 168|0x00000000ea800000, 0x00000000ea900000, 0x00000000ea900000|100%| E|CS|TAMS 0x00000000ea800000, 0x00000000ea800000| Complete 
| 169|0x00000000ea900000, 0x00000000eaa00000, 0x00000000eaa00000|100%| E|CS|TAMS 0x00000000ea900000, 0x00000000ea900000| Complete 
| 170|0x00000000eaa00000, 0x00000000eab00000, 0x00000000eab00000|100%| E|CS|TAMS 0x00000000eaa00000, 0x00000000eaa00000| Complete 
| 171|0x00000000eab00000, 0x00000000eac00000, 0x00000000eac00000|100%| E|CS|TAMS 0x00000000eab00000, 0x00000000eab00000| Complete 
| 172|0x00000000eac00000, 0x00000000ead00000, 0x00000000ead00000|100%| E|CS|TAMS 0x00000000eac00000, 0x00000000eac00000| Complete 
| 173|0x00000000ead00000, 0x00000000eae00000, 0x00000000eae00000|100%| E|CS|TAMS 0x00000000ead00000, 0x00000000ead00000| Complete 
| 174|0x00000000eae00000, 0x00000000eae80000, 0x00000000eaf00000| 50%| S|CS|TAMS 0x00000000eae00000, 0x00000000eae00000| Complete 
| 175|0x00000000eaf00000, 0x00000000eb000000, 0x00000000eb000000|100%| S|CS|TAMS 0x00000000eaf00000, 0x00000000eaf00000| Complete 
| 176|0x00000000eb000000, 0x00000000eb100000, 0x00000000eb100000|100%| S|CS|TAMS 0x00000000eb000000, 0x00000000eb000000| Complete 
| 177|0x00000000eb100000, 0x00000000eb200000, 0x00000000eb200000|100%| S|CS|TAMS 0x00000000eb100000, 0x00000000eb100000| Complete 
| 178|0x00000000eb200000, 0x00000000eb300000, 0x00000000eb300000|100%| S|CS|TAMS 0x00000000eb200000, 0x00000000eb200000| Complete 
| 179|0x00000000eb300000, 0x00000000eb400000, 0x00000000eb400000|100%| S|CS|TAMS 0x00000000eb300000, 0x00000000eb300000| Complete 
| 180|0x00000000eb400000, 0x00000000eb500000, 0x00000000eb500000|100%| S|CS|TAMS 0x00000000eb400000, 0x00000000eb400000| Complete 
| 181|0x00000000eb500000, 0x00000000eb600000, 0x00000000eb600000|100%| S|CS|TAMS 0x00000000eb500000, 0x00000000eb500000| Complete 
| 182|0x00000000eb600000, 0x00000000eb700000, 0x00000000eb700000|100%| S|CS|TAMS 0x00000000eb600000, 0x00000000eb600000| Complete 
| 183|0x00000000eb700000, 0x00000000eb800000, 0x00000000eb800000|100%| S|CS|TAMS 0x00000000eb700000, 0x00000000eb700000| Complete 
| 184|0x00000000eb800000, 0x00000000eb900000, 0x00000000eb900000|100%| S|CS|TAMS 0x00000000eb800000, 0x00000000eb800000| Complete 
| 185|0x00000000eb900000, 0x00000000eba00000, 0x00000000eba00000|100%| S|CS|TAMS 0x00000000eb900000, 0x00000000eb900000| Complete 
| 186|0x00000000eba00000, 0x00000000ebb00000, 0x00000000ebb00000|100%| S|CS|TAMS 0x00000000eba00000, 0x00000000eba00000| Complete 
| 187|0x00000000ebb00000, 0x00000000ebc00000, 0x00000000ebc00000|100%| S|CS|TAMS 0x00000000ebb00000, 0x00000000ebb00000| Complete 
| 188|0x00000000ebc00000, 0x00000000ebd00000, 0x00000000ebd00000|100%| S|CS|TAMS 0x00000000ebc00000, 0x00000000ebc00000| Complete 
| 189|0x00000000ebd00000, 0x00000000ebe00000, 0x00000000ebe00000|100%| E|CS|TAMS 0x00000000ebd00000, 0x00000000ebd00000| Complete 
| 190|0x00000000ebe00000, 0x00000000ebf00000, 0x00000000ebf00000|100%| E|CS|TAMS 0x00000000ebe00000, 0x00000000ebe00000| Complete 
| 191|0x00000000ebf00000, 0x00000000ec000000, 0x00000000ec000000|100%| E|CS|TAMS 0x00000000ebf00000, 0x00000000ebf00000| Complete 
| 192|0x00000000ec000000, 0x00000000ec100000, 0x00000000ec100000|100%| E|CS|TAMS 0x00000000ec000000, 0x00000000ec000000| Complete 
| 193|0x00000000ec100000, 0x00000000ec200000, 0x00000000ec200000|100%| E|CS|TAMS 0x00000000ec100000, 0x00000000ec100000| Complete 
| 194|0x00000000ec200000, 0x00000000ec300000, 0x00000000ec300000|100%| E|CS|TAMS 0x00000000ec200000, 0x00000000ec200000| Complete 
| 195|0x00000000ec300000, 0x00000000ec400000, 0x00000000ec400000|100%| E|CS|TAMS 0x00000000ec300000, 0x00000000ec300000| Complete 
| 196|0x00000000ec400000, 0x00000000ec500000, 0x00000000ec500000|100%| E|CS|TAMS 0x00000000ec400000, 0x00000000ec400000| Complete 
| 197|0x00000000ec500000, 0x00000000ec600000, 0x00000000ec600000|100%| E|CS|TAMS 0x00000000ec500000, 0x00000000ec500000| Complete 
| 198|0x00000000ec600000, 0x00000000ec700000, 0x00000000ec700000|100%| E|CS|TAMS 0x00000000ec600000, 0x00000000ec600000| Complete 
| 199|0x00000000ec700000, 0x00000000ec800000, 0x00000000ec800000|100%| E|CS|TAMS 0x00000000ec700000, 0x00000000ec700000| Complete 
| 200|0x00000000ec800000, 0x00000000ec900000, 0x00000000ec900000|100%| E|CS|TAMS 0x00000000ec800000, 0x00000000ec800000| Complete 
| 201|0x00000000ec900000, 0x00000000eca00000, 0x00000000eca00000|100%| E|CS|TAMS 0x00000000ec900000, 0x00000000ec900000| Complete 
| 202|0x00000000eca00000, 0x00000000ecb00000, 0x00000000ecb00000|100%| E|CS|TAMS 0x00000000eca00000, 0x00000000eca00000| Complete 
| 203|0x00000000ecb00000, 0x00000000ecc00000, 0x00000000ecc00000|100%| E|CS|TAMS 0x00000000ecb00000, 0x00000000ecb00000| Complete 
| 204|0x00000000ecc00000, 0x00000000ecd00000, 0x00000000ecd00000|100%| E|CS|TAMS 0x00000000ecc00000, 0x00000000ecc00000| Complete 
| 205|0x00000000ecd00000, 0x00000000ece00000, 0x00000000ece00000|100%| E|CS|TAMS 0x00000000ecd00000, 0x00000000ecd00000| Complete 
| 206|0x00000000ece00000, 0x00000000ecf00000, 0x00000000ecf00000|100%| E|CS|TAMS 0x00000000ece00000, 0x00000000ece00000| Complete 
| 207|0x00000000ecf00000, 0x00000000ed000000, 0x00000000ed000000|100%| E|CS|TAMS 0x00000000ecf00000, 0x00000000ecf00000| Complete 
| 208|0x00000000ed000000, 0x00000000ed100000, 0x00000000ed100000|100%| E|CS|TAMS 0x00000000ed000000, 0x00000000ed000000| Complete 
| 209|0x00000000ed100000, 0x00000000ed200000, 0x00000000ed200000|100%| E|CS|TAMS 0x00000000ed100000, 0x00000000ed100000| Complete 
| 210|0x00000000ed200000, 0x00000000ed300000, 0x00000000ed300000|100%| E|CS|TAMS 0x00000000ed200000, 0x00000000ed200000| Complete 
| 211|0x00000000ed300000, 0x00000000ed400000, 0x00000000ed400000|100%| E|CS|TAMS 0x00000000ed300000, 0x00000000ed300000| Complete 
| 212|0x00000000ed400000, 0x00000000ed500000, 0x00000000ed500000|100%| E|CS|TAMS 0x00000000ed400000, 0x00000000ed400000| Complete 
| 213|0x00000000ed500000, 0x00000000ed600000, 0x00000000ed600000|100%| E|CS|TAMS 0x00000000ed500000, 0x00000000ed500000| Complete 
| 214|0x00000000ed600000, 0x00000000ed700000, 0x00000000ed700000|100%| E|CS|TAMS 0x00000000ed600000, 0x00000000ed600000| Complete 
| 215|0x00000000ed700000, 0x00000000ed800000, 0x00000000ed800000|100%| E|CS|TAMS 0x00000000ed700000, 0x00000000ed700000| Complete 
| 216|0x00000000ed800000, 0x00000000ed900000, 0x00000000ed900000|100%| E|CS|TAMS 0x00000000ed800000, 0x00000000ed800000| Complete 
| 217|0x00000000ed900000, 0x00000000eda00000, 0x00000000eda00000|100%| E|CS|TAMS 0x00000000ed900000, 0x00000000ed900000| Complete 
| 218|0x00000000eda00000, 0x00000000edb00000, 0x00000000edb00000|100%| E|CS|TAMS 0x00000000eda00000, 0x00000000eda00000| Complete 
| 219|0x00000000edb00000, 0x00000000edc00000, 0x00000000edc00000|100%| E|CS|TAMS 0x00000000edb00000, 0x00000000edb00000| Complete 
| 220|0x00000000edc00000, 0x00000000edd00000, 0x00000000edd00000|100%| E|CS|TAMS 0x00000000edc00000, 0x00000000edc00000| Complete 
| 221|0x00000000edd00000, 0x00000000ede00000, 0x00000000ede00000|100%| E|CS|TAMS 0x00000000edd00000, 0x00000000edd00000| Complete 
| 222|0x00000000ede00000, 0x00000000edf00000, 0x00000000edf00000|100%| E|CS|TAMS 0x00000000ede00000, 0x00000000ede00000| Complete 
| 223|0x00000000edf00000, 0x00000000ee000000, 0x00000000ee000000|100%| E|CS|TAMS 0x00000000edf00000, 0x00000000edf00000| Complete 
| 224|0x00000000ee000000, 0x00000000ee100000, 0x00000000ee100000|100%| E|CS|TAMS 0x00000000ee000000, 0x00000000ee000000| Complete 
| 225|0x00000000ee100000, 0x00000000ee200000, 0x00000000ee200000|100%| E|CS|TAMS 0x00000000ee100000, 0x00000000ee100000| Complete 
| 226|0x00000000ee200000, 0x00000000ee300000, 0x00000000ee300000|100%| E|CS|TAMS 0x00000000ee200000, 0x00000000ee200000| Complete 
| 227|0x00000000ee300000, 0x00000000ee400000, 0x00000000ee400000|100%| E|CS|TAMS 0x00000000ee300000, 0x00000000ee300000| Complete 
| 228|0x00000000ee400000, 0x00000000ee500000, 0x00000000ee500000|100%| E|CS|TAMS 0x00000000ee400000, 0x00000000ee400000| Complete 
| 229|0x00000000ee500000, 0x00000000ee600000, 0x00000000ee600000|100%| E|CS|TAMS 0x00000000ee500000, 0x00000000ee500000| Complete 
| 230|0x00000000ee600000, 0x00000000ee700000, 0x00000000ee700000|100%| E|CS|TAMS 0x00000000ee600000, 0x00000000ee600000| Complete 
| 231|0x00000000ee700000, 0x00000000ee800000, 0x00000000ee800000|100%| E|CS|TAMS 0x00000000ee700000, 0x00000000ee700000| Complete 
| 232|0x00000000ee800000, 0x00000000ee900000, 0x00000000ee900000|100%| E|CS|TAMS 0x00000000ee800000, 0x00000000ee800000| Complete 
| 233|0x00000000ee900000, 0x00000000eea00000, 0x00000000eea00000|100%| E|CS|TAMS 0x00000000ee900000, 0x00000000ee900000| Complete 
| 234|0x00000000eea00000, 0x00000000eeb00000, 0x00000000eeb00000|100%| E|CS|TAMS 0x00000000eea00000, 0x00000000eea00000| Complete 
| 235|0x00000000eeb00000, 0x00000000eec00000, 0x00000000eec00000|100%| E|CS|TAMS 0x00000000eeb00000, 0x00000000eeb00000| Complete 
| 236|0x00000000eec00000, 0x00000000eed00000, 0x00000000eed00000|100%| E|CS|TAMS 0x00000000eec00000, 0x00000000eec00000| Complete 
| 237|0x00000000eed00000, 0x00000000eee00000, 0x00000000eee00000|100%| E|CS|TAMS 0x00000000eed00000, 0x00000000eed00000| Complete 
| 238|0x00000000eee00000, 0x00000000eef00000, 0x00000000eef00000|100%| E|CS|TAMS 0x00000000eee00000, 0x00000000eee00000| Complete 
| 239|0x00000000eef00000, 0x00000000ef000000, 0x00000000ef000000|100%| E|CS|TAMS 0x00000000eef00000, 0x00000000eef00000| Complete 
| 240|0x00000000ef000000, 0x00000000ef100000, 0x00000000ef100000|100%| E|CS|TAMS 0x00000000ef000000, 0x00000000ef000000| Complete 
| 241|0x00000000ef100000, 0x00000000ef200000, 0x00000000ef200000|100%| E|CS|TAMS 0x00000000ef100000, 0x00000000ef100000| Complete 
| 242|0x00000000ef200000, 0x00000000ef300000, 0x00000000ef300000|100%| E|CS|TAMS 0x00000000ef200000, 0x00000000ef200000| Complete 
| 243|0x00000000ef300000, 0x00000000ef400000, 0x00000000ef400000|100%| E|CS|TAMS 0x00000000ef300000, 0x00000000ef300000| Complete 
| 244|0x00000000ef400000, 0x00000000ef500000, 0x00000000ef500000|100%| E|CS|TAMS 0x00000000ef400000, 0x00000000ef400000| Complete 
| 245|0x00000000ef500000, 0x00000000ef600000, 0x00000000ef600000|100%| E|CS|TAMS 0x00000000ef500000, 0x00000000ef500000| Complete 
| 246|0x00000000ef600000, 0x00000000ef700000, 0x00000000ef700000|100%| E|CS|TAMS 0x00000000ef600000, 0x00000000ef600000| Complete 
| 247|0x00000000ef700000, 0x00000000ef800000, 0x00000000ef800000|100%| E|CS|TAMS 0x00000000ef700000, 0x00000000ef700000| Complete 
| 248|0x00000000ef800000, 0x00000000ef900000, 0x00000000ef900000|100%| E|CS|TAMS 0x00000000ef800000, 0x00000000ef800000| Complete 
| 249|0x00000000ef900000, 0x00000000efa00000, 0x00000000efa00000|100%| E|CS|TAMS 0x00000000ef900000, 0x00000000ef900000| Complete 
| 250|0x00000000efa00000, 0x00000000efb00000, 0x00000000efb00000|100%| E|CS|TAMS 0x00000000efa00000, 0x00000000efa00000| Complete 
| 251|0x00000000efb00000, 0x00000000efc00000, 0x00000000efc00000|100%| E|CS|TAMS 0x00000000efb00000, 0x00000000efb00000| Complete 
| 252|0x00000000efc00000, 0x00000000efd00000, 0x00000000efd00000|100%| E|CS|TAMS 0x00000000efc00000, 0x00000000efc00000| Complete 
| 253|0x00000000efd00000, 0x00000000efe00000, 0x00000000efe00000|100%| E|CS|TAMS 0x00000000efd00000, 0x00000000efd00000| Complete 
| 254|0x00000000efe00000, 0x00000000eff00000, 0x00000000eff00000|100%| E|CS|TAMS 0x00000000efe00000, 0x00000000efe00000| Complete 
| 255|0x00000000eff00000, 0x00000000f0000000, 0x00000000f0000000|100%| E|CS|TAMS 0x00000000eff00000, 0x00000000eff00000| Complete 

Card table byte_map: [0x00000206afc50000,0x00000206afd50000] _byte_map_base: 0x00000206af550000

Marking Bits (Prev, Next): (CMBitMap*) 0x00000206984d4078, (CMBitMap*) 0x00000206984d40b0
 Prev Bits: [0x00000206afe50000, 0x00000206b0650000)
 Next Bits: [0x00000206b0650000, 0x00000206b0e50000)

Polling page: 0x00000206963a0000

Metaspace:

Usage:
  Non-class:     85.08 MB capacity,    82.99 MB ( 98%) used,     1.78 MB (  2%) free+waste,   325.19 KB ( <1%) overhead. 
      Class:     13.44 MB capacity,    12.28 MB ( 91%) used,     1.01 MB (  8%) free+waste,   152.19 KB (  1%) overhead. 
       Both:     98.52 MB capacity,    95.26 MB ( 97%) used,     2.79 MB (  3%) free+waste,   477.38 KB ( <1%) overhead. 

Virtual space:
  Non-class space:       86.00 MB reserved,      85.66 MB (>99%) committed 
      Class space:      248.00 MB reserved,      13.75 MB (  6%) committed 
             Both:      334.00 MB reserved,      99.41 MB ( 30%) committed 

Chunk freelists:
   Non-Class:  524.00 KB
       Class:  223.00 KB
        Both:  747.00 KB

MaxMetaspaceSize: 256.00 MB
CompressedClassSpaceSize: 248.00 MB
Initial GC threshold: 20.80 MB
Current GC threshold: 163.18 MB
CDS: off

CodeHeap 'non-profiled nmethods': size=120064Kb used=8163Kb max_used=8163Kb free=111900Kb
 bounds [0x00000206a8710000, 0x00000206a8f10000, 0x00000206afc50000]
CodeHeap 'profiled nmethods': size=120000Kb used=27177Kb max_used=27177Kb free=92822Kb
 bounds [0x00000206a11e0000, 0x00000206a2c70000, 0x00000206a8710000]
CodeHeap 'non-nmethods': size=5696Kb used=2401Kb max_used=2446Kb free=3294Kb
 bounds [0x00000206a0c50000, 0x00000206a0ed0000, 0x00000206a11e0000]
 total_blobs=13326 nmethods=12391 adapters=847
 compilation: enabled
              stopped_count=0, restarted_count=0
 full_count=0

Compilation events (20 events):
Event: 1867.544 Thread 0x00000206b3e01000 12427       4       java.io.ObjectOutputStream$BlockDataOutputStream::getUTFLength (124 bytes)
Event: 1867.544 Thread 0x00000206b3487800 nmethod 12428 0x00000206a8f03e10 code [0x00000206a8f03fc0, 0x00000206a8f04078]
Event: 1867.545 Thread 0x00000206b3487800 12429   !   3       java.util.concurrent.LinkedBlockingQueue::offer (131 bytes)
Event: 1867.547 Thread 0x00000206b3487800 nmethod 12429 0x00000206a2c56210 code [0x00000206a2c565c0, 0x00000206a2c57ef8]
Event: 1867.555 Thread 0x00000206b3487800 12431       3       java.io.ObjectOutputStream$HandleTable::clear (27 bytes)
Event: 1867.555 Thread 0x00000206b3487800 nmethod 12431 0x00000206a2c58990 code [0x00000206a2c58b80, 0x00000206a2c58fb8]
Event: 1867.555 Thread 0x00000206b3487800 12433       3       org.gradle.internal.operations.DefaultBuildOperationListenerManager$ProgressShieldingBuildOperationListener::progress (25 bytes)
Event: 1867.556 Thread 0x00000206b3487800 nmethod 12433 0x00000206a2c59190 code [0x00000206a2c59360, 0x00000206a2c59638]
Event: 1867.556 Thread 0x00000206b3487800 12432       1       org.gradle.internal.operations.OperationProgressEvent::getDetails (5 bytes)
Event: 1867.556 Thread 0x00000206b3487800 nmethod 12432 0x00000206a8f04110 code [0x00000206a8f042c0, 0x00000206a8f04378]
Event: 1867.557 Thread 0x00000206b3e01000 nmethod 12427 0x00000206a8f04410 code [0x00000206a8f045c0, 0x00000206a8f04db8]
Event: 1867.557 Thread 0x00000206b3e01000 12430       4       org.gradle.internal.event.AbstractBroadcastDispatch::dispatch (65 bytes)
Event: 1867.557 Thread 0x00000206b3487800 12434       3       com.esotericsoftware.kryo.io.Input::readUtf8 (90 bytes)
Event: 1867.557 Thread 0x00000206b3487800 nmethod 12434 0x00000206a2c59790 code [0x00000206a2c59980, 0x00000206a2c59d78]
Event: 1867.564 Thread 0x00000206b3487800 12435       1       org.gradle.api.internal.tasks.testing.operations.TestListenerBuildOperationAdapter$OutputProgress::getOutput (5 bytes)
Event: 1867.564 Thread 0x00000206b3487800 nmethod 12435 0x00000206a8f05210 code [0x00000206a8f053c0, 0x00000206a8f05478]
Event: 1867.564 Thread 0x00000206b3487800 12436       1       org.gradle.api.internal.tasks.testing.DefaultTestOutputEvent::getMessage (5 bytes)
Event: 1867.564 Thread 0x00000206b3487800 nmethod 12436 0x00000206a8f05510 code [0x00000206a8f056c0, 0x00000206a8f05778]
Event: 1867.569 Thread 0x00000206b3487800 12437       3       java.io.ObjectOutputStream$HandleTable::<init> (45 bytes)
Event: 1867.570 Thread 0x00000206b3487800 nmethod 12437 0x00000206a2c59f90 code [0x00000206a2c5a1c0, 0x00000206a2c5a9f8]

GC Heap History (20 events):
Event: 29.763 GC heap before
{Heap before GC invocations=5 (full 0):
 garbage-first heap   total 262144K, used 74643K [0x00000000e0000000, 0x0000000100000000)
  region size 1024K, 63 young (64512K), 7 survivors (7168K)
 Metaspace       used 25679K, capacity 26374K, committed 26624K, reserved 278528K
  class space    used 3261K, capacity 3496K, committed 3584K, reserved 253952K
}
Event: 29.774 GC heap after
{Heap after GC invocations=6 (full 0):
 garbage-first heap   total 262144K, used 19286K [0x00000000e0000000, 0x0000000100000000)
  region size 1024K, 5 young (5120K), 5 survivors (5120K)
 Metaspace       used 25679K, capacity 26374K, committed 26624K, reserved 278528K
  class space    used 3261K, capacity 3496K, committed 3584K, reserved 253952K
}
Event: 32.137 GC heap before
{Heap before GC invocations=6 (full 0):
 garbage-first heap   total 262144K, used 107350K [0x00000000e0000000, 0x0000000100000000)
  region size 1024K, 81 young (82944K), 5 survivors (5120K)
 Metaspace       used 33025K, capacity 34050K, committed 34304K, reserved 284672K
  class space    used 4413K, capacity 4759K, committed 4864K, reserved 253952K
}
Event: 32.148 GC heap after
{Heap after GC invocations=7 (full 0):
 garbage-first heap   total 262144K, used 34975K [0x00000000e0000000, 0x0000000100000000)
  region size 1024K, 10 young (10240K), 10 survivors (10240K)
 Metaspace       used 33025K, capacity 34050K, committed 34304K, reserved 284672K
  class space    used 4413K, capacity 4759K, committed 4864K, reserved 253952K
}
Event: 32.372 GC heap before
{Heap before GC invocations=7 (full 0):
 garbage-first heap   total 262144K, used 46239K [0x00000000e0000000, 0x0000000100000000)
  region size 1024K, 22 young (22528K), 10 survivors (10240K)
 Metaspace       used 34497K, capacity 35541K, committed 35628K, reserved 284672K
  class space    used 4615K, capacity 4980K, committed 4992K, reserved 253952K
}
Event: 32.386 GC heap after
{Heap after GC invocations=8 (full 0):
 garbage-first heap   total 262144K, used 35643K [0x00000000e0000000, 0x0000000100000000)
  region size 1024K, 7 young (7168K), 7 survivors (7168K)
 Metaspace       used 34497K, capacity 35541K, committed 35628K, reserved 284672K
  class space    used 4615K, capacity 4980K, committed 4992K, reserved 253952K
}
Event: 34.858 GC heap before
{Heap before GC invocations=9 (full 0):
 garbage-first heap   total 262144K, used 163643K [0x00000000e0000000, 0x0000000100000000)
  region size 1024K, 120 young (122880K), 7 survivors (7168K)
 Metaspace       used 47699K, capacity 49147K, committed 49196K, reserved 296960K
  class space    used 5992K, capacity 6504K, committed 6528K, reserved 253952K
}
Event: 34.876 GC heap after
{Heap after GC invocations=10 (full 0):
 garbage-first heap   total 262144K, used 53720K [0x00000000e0000000, 0x0000000100000000)
  region size 1024K, 15 young (15360K), 15 survivors (15360K)
 Metaspace       used 47699K, capacity 49147K, committed 49196K, reserved 296960K
  class space    used 5992K, capacity 6504K, committed 6528K, reserved 253952K
}
Event: 36.770 GC heap before
{Heap before GC invocations=10 (full 0):
 garbage-first heap   total 262144K, used 154072K [0x00000000e0000000, 0x0000000100000000)
  region size 1024K, 114 young (116736K), 15 survivors (15360K)
 Metaspace       used 57969K, capacity 59669K, committed 59808K, reserved 307200K
  class space    used 7549K, capacity 8138K, committed 8192K, reserved 253952K
}
Event: 36.793 GC heap after
{Heap after GC invocations=11 (full 0):
 garbage-first heap   total 262144K, used 59095K [0x00000000e0000000, 0x0000000100000000)
  region size 1024K, 15 young (15360K), 15 survivors (15360K)
 Metaspace       used 57969K, capacity 59669K, committed 59808K, reserved 307200K
  class space    used 7549K, capacity 8138K, committed 8192K, reserved 253952K
}
Event: 39.739 GC heap before
{Heap before GC invocations=12 (full 0):
 garbage-first heap   total 262144K, used 200407K [0x00000000e0000000, 0x0000000100000000)
  region size 1024K, 140 young (143360K), 15 survivors (15360K)
 Metaspace       used 67552K, capacity 69758K, committed 69920K, reserved 315392K
  class space    used 8954K, capacity 9738K, committed 9856K, reserved 253952K
}
Event: 39.772 GC heap after
{Heap after GC invocations=13 (full 0):
 garbage-first heap   total 262144K, used 80811K [0x00000000e0000000, 0x0000000100000000)
  region size 1024K, 14 young (14336K), 14 survivors (14336K)
 Metaspace       used 67552K, capacity 69758K, committed 69920K, reserved 315392K
  class space    used 8954K, capacity 9738K, committed 9856K, reserved 253952K
}
Event: 485.507 GC heap before
{Heap before GC invocations=13 (full 0):
 garbage-first heap   total 262144K, used 202667K [0x00000000e0000000, 0x0000000100000000)
  region size 1024K, 134 young (137216K), 14 survivors (14336K)
 Metaspace       used 79164K, capacity 81685K, committed 81952K, reserved 325632K
  class space    used 10375K, capacity 11279K, committed 11392K, reserved 253952K
}
Event: 485.547 GC heap after
{Heap after GC invocations=14 (full 0):
 garbage-first heap   total 262144K, used 88223K [0x00000000e0000000, 0x0000000100000000)
  region size 1024K, 16 young (16384K), 16 survivors (16384K)
 Metaspace       used 79164K, capacity 81685K, committed 81952K, reserved 325632K
  class space    used 10375K, capacity 11279K, committed 11392K, reserved 253952K
}
Event: 1837.166 GC heap before
{Heap before GC invocations=14 (full 0):
 garbage-first heap   total 262144K, used 205983K [0x00000000e0000000, 0x0000000100000000)
  region size 1024K, 132 young (135168K), 16 survivors (16384K)
 Metaspace       used 82520K, capacity 85599K, committed 85792K, reserved 329728K
  class space    used 10774K, capacity 11812K, committed 11904K, reserved 253952K
}
Event: 1837.248 GC heap after
{Heap after GC invocations=15 (full 0):
 garbage-first heap   total 262144K, used 96313K [0x00000000e0000000, 0x0000000100000000)
  region size 1024K, 16 young (16384K), 16 survivors (16384K)
 Metaspace       used 82520K, capacity 85599K, committed 85792K, reserved 329728K
  class space    used 10774K, capacity 11812K, committed 11904K, reserved 253952K
}
Event: 1851.373 GC heap before
{Heap before GC invocations=15 (full 0):
 garbage-first heap   total 262144K, used 207929K [0x00000000e0000000, 0x0000000100000000)
  region size 1024K, 126 young (129024K), 16 survivors (16384K)
 Metaspace       used 93747K, capacity 97340K, committed 97568K, reserved 339968K
  class space    used 12217K, capacity 13415K, committed 13440K, reserved 253952K
}
Event: 1851.398 GC heap after
{Heap after GC invocations=16 (full 0):
 garbage-first heap   total 262144K, used 102793K [0x00000000e0000000, 0x0000000100000000)
  region size 1024K, 15 young (15360K), 15 survivors (15360K)
 Metaspace       used 93747K, capacity 97340K, committed 97568K, reserved 339968K
  class space    used 12217K, capacity 13415K, committed 13440K, reserved 253952K
}
Event: 1852.332 GC heap before
{Heap before GC invocations=16 (full 0):
 garbage-first heap   total 262144K, used 169353K [0x00000000e0000000, 0x0000000100000000)
  region size 1024K, 82 young (83968K), 15 survivors (15360K)
 Metaspace       used 96205K, capacity 99842K, committed 100000K, reserved 342016K
  class space    used 12468K, capacity 13701K, committed 13824K, reserved 253952K
}
Event: 1852.367 GC heap after
{Heap after GC invocations=17 (full 0):
 garbage-first heap   total 262144K, used 109728K [0x00000000e0000000, 0x0000000100000000)
  region size 1024K, 15 young (15360K), 15 survivors (15360K)
 Metaspace       used 96205K, capacity 99842K, committed 100000K, reserved 342016K
  class space    used 12468K, capacity 13701K, committed 13824K, reserved 253952K
}

Deoptimization events (20 events):
Event: 1854.502 Thread 0x00000206bc045000 Uncommon trap: trap_request=0xffffffde fr.pc=0x00000206a88491a8 relative=0x00000000000004c8
Event: 1854.502 Thread 0x00000206bc045000 Uncommon trap: reason=class_check action=maybe_recompile pc=0x00000206a88491a8 method=java.io.DataOutputStream.write(I)V @ 5 c2
Event: 1854.502 Thread 0x00000206bc045000 DEOPT PACKING pc=0x00000206a88491a8 sp=0x00000045397fdff0
Event: 1854.502 Thread 0x00000206bc045000 DEOPT UNPACKING pc=0x00000206a0c9a1af sp=0x00000045397fdfd8 mode 2
Event: 1855.724 Thread 0x00000206bc045000 Uncommon trap: trap_request=0xffffffde fr.pc=0x00000206a8dc28b0 relative=0x0000000000000630
Event: 1855.724 Thread 0x00000206bc045000 Uncommon trap: reason=class_check action=maybe_recompile pc=0x00000206a8dc28b0 method=java.security.MessageDigest$Delegate.engineUpdate(B)V @ 5 c2
Event: 1855.724 Thread 0x00000206bc045000 DEOPT PACKING pc=0x00000206a8dc28b0 sp=0x00000045397fc150
Event: 1855.724 Thread 0x00000206bc045000 DEOPT UNPACKING pc=0x00000206a0c9a1af sp=0x00000045397fc128 mode 2
Event: 1867.533 Thread 0x00000206bbbee800 Uncommon trap: trap_request=0xffffff4d fr.pc=0x00000206a8dadb9c relative=0x000000000000129c
Event: 1867.533 Thread 0x00000206bbbee800 Uncommon trap: reason=unstable_if action=reinterpret pc=0x00000206a8dadb9c method=com.esotericsoftware.kryo.io.Input.readUtf8(I)V @ 48 c2
Event: 1867.533 Thread 0x00000206bbbee800 DEOPT PACKING pc=0x00000206a8dadb9c sp=0x000000453a0fe7f0
Event: 1867.533 Thread 0x00000206bbbee800 DEOPT UNPACKING pc=0x00000206a0c9a1af sp=0x000000453a0fe748 mode 2
Event: 1867.539 Thread 0x00000206b7626800 Uncommon trap: trap_request=0xffffff45 fr.pc=0x00000206a8d17d50 relative=0x0000000000000390
Event: 1867.539 Thread 0x00000206b7626800 Uncommon trap: reason=unstable_fused_if action=reinterpret pc=0x00000206a8d17d50 method=java.io.ObjectOutputStream$BlockDataOutputStream.getUTFLength(Ljava/lang/String;)J @ 66 c2
Event: 1867.539 Thread 0x00000206b7626800 DEOPT PACKING pc=0x00000206a8d17d50 sp=0x0000004534efe270
Event: 1867.539 Thread 0x00000206b7626800 DEOPT UNPACKING pc=0x00000206a0c9a1af sp=0x0000004534efe220 mode 2
Event: 1867.556 Thread 0x00000206bbbee800 Uncommon trap: trap_request=0xffffff4d fr.pc=0x00000206a8b3ed4c relative=0x00000000000003ec
Event: 1867.556 Thread 0x00000206bbbee800 Uncommon trap: reason=unstable_if action=reinterpret pc=0x00000206a8b3ed4c method=com.esotericsoftware.kryo.io.Input.readUtf8(I)V @ 48 c2
Event: 1867.556 Thread 0x00000206bbbee800 DEOPT PACKING pc=0x00000206a8b3ed4c sp=0x000000453a0fe790
Event: 1867.556 Thread 0x00000206bbbee800 DEOPT UNPACKING pc=0x00000206a0c9a1af sp=0x000000453a0fe740 mode 2

Classes redefined (0 events):
No events

Internal exceptions (20 events):
Event: 1853.398 Thread 0x00000206b94ee000 Exception <a 'java/security/PrivilegedActionException'{0x00000000ea9275f0}> (0x00000000ea9275f0) thrown at [s\src\hotspot\share\prims\jvm.cpp, line 1306]
Event: 1854.330 Thread 0x00000206b94ee000 Exception <a 'java/lang/ClassNotFoundException'{0x00000000ea422940}: java/net/URLBeanInfo> (0x00000000ea422940) thrown at [s\src\hotspot\share\classfile\systemDictionary.cpp, line 230]
Event: 1854.331 Thread 0x00000206b94ee000 Exception <a 'java/lang/ClassNotFoundException'{0x00000000ea4282e0}: java/net/URLCustomizer> (0x00000000ea4282e0) thrown at [s\src\hotspot\share\classfile\systemDictionary.cpp, line 230]
Event: 1854.345 Thread 0x00000206b94ee000 Exception <a 'java/lang/ClassNotFoundException'{0x00000000ea314148}: java/util/CollectionsBeanInfo> (0x00000000ea314148) thrown at [s\src\hotspot\share\classfile\systemDictionary.cpp, line 230]
Event: 1854.345 Thread 0x00000206b94ee000 Exception <a 'java/lang/ClassNotFoundException'{0x00000000ea326670}: java/util/CollectionsCustomizer> (0x00000000ea326670) thrown at [s\src\hotspot\share\classfile\systemDictionary.cpp, line 230]
Event: 1854.366 Thread 0x00000206b94ee000 Implicit null exception at 0x00000206a8cbdc87 to 0x00000206a8cc20c4
Event: 1854.389 Thread 0x00000206b7626800 Exception <a 'java/lang/NoSuchMethodError'{0x00000000e9f02180}: <clinit>> (0x00000000e9f02180) thrown at [s\src\hotspot\share\prims\jni.cpp, line 1372]
Event: 1854.390 Thread 0x00000206b7626800 Exception <a 'java/lang/NoSuchMethodError'{0x00000000e9f0d050}: <clinit>> (0x00000000e9f0d050) thrown at [s\src\hotspot\share\prims\jni.cpp, line 1372]
Event: 1854.504 Thread 0x00000206bc045000 Exception <a 'java/lang/NoSuchMethodError'{0x00000000e9a0f6c0}: <clinit>> (0x00000000e9a0f6c0) thrown at [s\src\hotspot\share\prims\jni.cpp, line 1372]
Event: 1854.505 Thread 0x00000206bc045000 Exception <a 'java/lang/NoSuchMethodError'{0x00000000e9a22fe8}: <clinit>> (0x00000000e9a22fe8) thrown at [s\src\hotspot\share\prims\jni.cpp, line 1372]
Event: 1854.505 Thread 0x00000206bc045000 Exception <a 'java/lang/NoSuchMethodError'{0x00000000e9a25260}: <clinit>> (0x00000000e9a25260) thrown at [s\src\hotspot\share\prims\jni.cpp, line 1372]
Event: 1854.533 Thread 0x00000206bc047800 Exception <a 'java/lang/NoSuchMethodError'{0x00000000e9ae8cc8}: 'void java.lang.invoke.DirectMethodHandle$Holder.invokeStatic(java.lang.Object, long)'> (0x00000000e9ae8cc8) thrown at [s\src\hotspot\share\interpreter\linkResolver.cpp, line 773]
Event: 1854.533 Thread 0x00000206bc047800 Exception <a 'java/lang/NoSuchMethodError'{0x00000000e9aedaf8}: 'java.lang.Object java.lang.invoke.DirectMethodHandle$Holder.invokeStatic(java.lang.Object, long)'> (0x00000000e9aedaf8) thrown at [s\src\hotspot\share\interpreter\linkResolver.cpp, line 773]
Event: 1854.534 Thread 0x00000206bc047800 Exception <a 'java/lang/NoSuchMethodError'{0x00000000e9af0e20}: 'java.lang.Object java.lang.invoke.DirectMethodHandle$Holder.invokeSpecial(java.lang.Object, java.lang.Object, long)'> (0x00000000e9af0e20) thrown at [s\src\hotspot\share\interpreter\linkResolver.cpp, line 773]
Event: 1854.534 Thread 0x00000206bc047800 Exception <a 'java/lang/NoSuchMethodError'{0x00000000e9af3dd0}: 'java.lang.Object java.lang.invoke.Invokers$Holder.linkToTargetMethod(long, java.lang.Object)'> (0x00000000e9af3dd0) thrown at [s\src\hotspot\share\interpreter\linkResolver.cpp, line 773]
Event: 1854.536 Thread 0x00000206bc047800 Exception <a 'java/lang/NoSuchMethodError'{0x00000000e9af8ef0}: 'java.lang.Object java.lang.invoke.DirectMethodHandle$Holder.invokeStatic(java.lang.Object, java.lang.Object, long, java.lang.Object)'> (0x00000000e9af8ef0) thrown at [s\src\hotspot\share\interpreter\linkResolver.cpp, line 773]
Event: 1854.538 Thread 0x00000206bc047800 Exception <a 'java/lang/NoSuchMethodError'{0x00000000e9afbfd8}: 'java.lang.Object java.lang.invoke.DirectMethodHandle$Holder.invokeStaticInit(java.lang.Object, java.lang.Object, long, java.lang.Object)'> (0x00000000e9afbfd8) thrown at [s\src\hotspot\share\interpreter\linkResolver.cpp, line 773]
Event: 1856.579 Thread 0x00000206b7626800 Exception <a 'java/lang/NoSuchMethodError'{0x00000000e95071f0}: <clinit>> (0x00000000e95071f0) thrown at [s\src\hotspot\share\prims\jni.cpp, line 1372]
Event: 1856.580 Thread 0x00000206b7626800 Exception <a 'java/lang/NoSuchMethodError'{0x00000000e9534c48}: <clinit>> (0x00000000e9534c48) thrown at [s\src\hotspot\share\prims\jni.cpp, line 1372]
Event: 1856.580 Thread 0x00000206b7626800 Exception <a 'java/lang/NoSuchMethodError'{0x00000000e953df60}: <clinit>> (0x00000000e953df60) thrown at [s\src\hotspot\share\prims\jni.cpp, line 1372]

Events (20 events):
Event: 1856.578 loading class org/gradle/api/internal/tasks/testing/junit/result/TestClassResult done
Event: 1856.579 loading class org/gradle/api/internal/tasks/testing/junit/result/TestOutputStore$TestCaseRegion
Event: 1856.579 loading class org/gradle/api/internal/tasks/testing/junit/result/TestOutputStore$TestCaseRegion done
Event: 1856.580 loading class org/gradle/api/internal/tasks/testing/junit/result/TestOutputStore$Region
Event: 1856.580 loading class org/gradle/api/internal/tasks/testing/junit/result/TestOutputStore$Region done
Event: 1857.456 Thread 0x00000206b4b78800 Thread exited: 0x00000206b4b78800
Event: 1866.700 loading class java/time/Clock
Event: 1866.701 loading class java/time/Clock done
Event: 1866.701 loading class java/time/Clock$SystemClock
Event: 1866.702 loading class java/time/Clock$SystemClock done
Event: 1866.702 loading class java/time/Instant$1
Event: 1866.707 loading class java/time/Instant$1 done
Event: 1866.707 loading class org/gradle/execution/plan/DefaultPlanExecutor$ExecutorState$HealthState
Event: 1866.707 loading class org/gradle/execution/plan/DefaultPlanExecutor$ExecutorState$HealthState done
Event: 1866.707 loading class org/gradle/execution/plan/DefaultPlanExecutor$ExecutorState$HealthState
Event: 1866.707 loading class org/gradle/execution/plan/DefaultPlanExecutor$ExecutorState$HealthState done
Event: 1866.708 loading class org/gradle/execution/plan/DefaultPlanExecutor$ExecutorState$HealthState
Event: 1866.708 loading class org/gradle/execution/plan/DefaultPlanExecutor$ExecutorState$HealthState done
Event: 1866.708 loading class org/gradle/execution/plan/DefaultPlanExecutor
Event: 1866.708 loading class org/gradle/execution/plan/DefaultPlanExecutor done


Dynamic libraries:
0x00007ff681ac0000 - 0x00007ff681ace000 	C:\Users\tleva\.jdks\corretto-11.0.26\bin\java.exe
0x00007ffa4eae0000 - 0x00007ffa4ed40000 	C:\WINDOWS\SYSTEM32\ntdll.dll
0x00007ffa4dac0000 - 0x00007ffa4db87000 	C:\WINDOWS\System32\KERNEL32.DLL
0x00007ffa4c060000 - 0x00007ffa4c42a000 	C:\WINDOWS\System32\KERNELBASE.dll
0x00007ffa4bcc0000 - 0x00007ffa4be0b000 	C:\WINDOWS\System32\ucrtbase.dll
0x00007ffa3ce80000 - 0x00007ffa3ce97000 	C:\Users\tleva\.jdks\corretto-11.0.26\bin\jli.dll
0x00007ffa3cf80000 - 0x00007ffa3cf9b000 	C:\Users\tleva\.jdks\corretto-11.0.26\bin\VCRUNTIME140.dll
0x00007ffa4cee0000 - 0x00007ffa4d0ac000 	C:\WINDOWS\System32\USER32.dll
0x00007ffa2f470000 - 0x00007ffa2f707000 	C:\WINDOWS\WinSxS\amd64_microsoft.windows.common-controls_6595b64144ccf1df_6.0.26100.3624_none_3e086962e3345f24\COMCTL32.dll
0x00007ffa4be10000 - 0x00007ffa4be37000 	C:\WINDOWS\System32\win32u.dll
0x00007ffa4e7d0000 - 0x00007ffa4e879000 	C:\WINDOWS\System32\msvcrt.dll
0x00007ffa4e4b0000 - 0x00007ffa4e4da000 	C:\WINDOWS\System32\GDI32.dll
0x00007ffa4c650000 - 0x00007ffa4c781000 	C:\WINDOWS\System32\gdi32full.dll
0x00007ffa4bfb0000 - 0x00007ffa4c053000 	C:\WINDOWS\System32\msvcp_win.dll
0x00007ffa4c9e0000 - 0x00007ffa4ca0f000 	C:\WINDOWS\System32\IMM32.DLL
0x00007ffa45950000 - 0x00007ffa4595c000 	C:\Users\tleva\.jdks\corretto-11.0.26\bin\vcruntime140_1.dll
0x00007ffa1aa20000 - 0x00007ffa1aaad000 	C:\Users\tleva\.jdks\corretto-11.0.26\bin\msvcp140.dll
0x00007ff9d7ab0000 - 0x00007ff9d8675000 	C:\Users\tleva\.jdks\corretto-11.0.26\bin\server\jvm.dll
0x00007ffa4d5b0000 - 0x00007ffa4d662000 	C:\WINDOWS\System32\ADVAPI32.dll
0x00007ffa4e720000 - 0x00007ffa4e7c6000 	C:\WINDOWS\System32\sechost.dll
0x00007ffa4e600000 - 0x00007ffa4e716000 	C:\WINDOWS\System32\RPCRT4.dll
0x00007ffa4dc20000 - 0x00007ffa4dc94000 	C:\WINDOWS\System32\WS2_32.dll
0x00007ffa4ca20000 - 0x00007ffa4ca28000 	C:\WINDOWS\System32\PSAPI.DLL
0x00007ffa428b0000 - 0x00007ffa428bb000 	C:\WINDOWS\SYSTEM32\VERSION.dll
0x00007ffa3c9d0000 - 0x00007ffa3ca06000 	C:\WINDOWS\SYSTEM32\WINMM.dll
0x00007ffa4aaa0000 - 0x00007ffa4aaba000 	C:\WINDOWS\SYSTEM32\kernel.appcore.dll
0x00007ffa44660000 - 0x00007ffa44670000 	C:\Users\tleva\.jdks\corretto-11.0.26\bin\verify.dll
0x00007ffa3c320000 - 0x00007ffa3c561000 	C:\WINDOWS\SYSTEM32\DBGHELP.DLL
0x00007ffa4d670000 - 0x00007ffa4d9f2000 	C:\WINDOWS\System32\combase.dll
0x00007ffa4e3d0000 - 0x00007ffa4e4a6000 	C:\WINDOWS\System32\OLEAUT32.dll
0x00007ff9c9d80000 - 0x00007ff9c9db9000 	C:\WINDOWS\SYSTEM32\dbgcore.DLL
0x00007ffa4c5b0000 - 0x00007ffa4c649000 	C:\WINDOWS\System32\bcryptPrimitives.dll
0x00007ffa3c9a0000 - 0x00007ffa3c9c8000 	C:\Users\tleva\.jdks\corretto-11.0.26\bin\java.dll
0x00007ffa42d80000 - 0x00007ffa42d8a000 	C:\Users\tleva\.jdks\corretto-11.0.26\bin\jimage.dll
0x00007ffa3c960000 - 0x00007ffa3c978000 	C:\Users\tleva\.jdks\corretto-11.0.26\bin\zip.dll
0x00007ffa4dca0000 - 0x00007ffa4e3c9000 	C:\WINDOWS\System32\SHELL32.dll
0x00007ffa4be40000 - 0x00007ffa4bfa8000 	C:\WINDOWS\System32\wintypes.dll
0x00007ffa49940000 - 0x00007ffa4a192000 	C:\WINDOWS\SYSTEM32\windows.storage.dll
0x00007ffa4e510000 - 0x00007ffa4e5fd000 	C:\WINDOWS\System32\SHCORE.dll
0x00007ffa4da00000 - 0x00007ffa4da64000 	C:\WINDOWS\System32\shlwapi.dll
0x00007ffa4bbd0000 - 0x00007ffa4bbff000 	C:\WINDOWS\SYSTEM32\profapi.dll
0x00007ffa3c940000 - 0x00007ffa3c959000 	C:\Users\tleva\.jdks\corretto-11.0.26\bin\net.dll
0x00007ffa3f310000 - 0x00007ffa3f42d000 	C:\WINDOWS\SYSTEM32\WINHTTP.dll
0x00007ffa4aff0000 - 0x00007ffa4b05a000 	C:\WINDOWS\system32\mswsock.dll
0x00007ffa3c8a0000 - 0x00007ffa3c8b2000 	C:\Users\tleva\.jdks\corretto-11.0.26\bin\nio.dll
0x00007ffa2f340000 - 0x00007ffa2f367000 	C:\Users\tleva\.gradle\native\68d5fa5c4cc2d200863cafc0d521ce42e7d3e7ee720ec0a83991735586a16f82\windows-amd64\native-platform.dll
0x00007ffa1a730000 - 0x00007ffa1a874000 	C:\Users\tleva\.gradle\native\e376f236ea51e6404a007f0833ffe2c6e607c4080706a723a18a27aeea778392\windows-amd64\native-platform-file-events.dll
0x00007ffa3dfd0000 - 0x00007ffa3dfd9000 	C:\Users\tleva\.jdks\corretto-11.0.26\bin\management.dll
0x00007ffa3d960000 - 0x00007ffa3d96b000 	C:\Users\tleva\.jdks\corretto-11.0.26\bin\management_ext.dll
0x00007ffa4b290000 - 0x00007ffa4b2ac000 	C:\WINDOWS\SYSTEM32\CRYPTSP.dll
0x00007ffa4aa00000 - 0x00007ffa4aa3a000 	C:\WINDOWS\system32\rsaenh.dll
0x00007ffa4b090000 - 0x00007ffa4b0bb000 	C:\WINDOWS\SYSTEM32\USERENV.dll
0x00007ffa4bba0000 - 0x00007ffa4bbc6000 	C:\WINDOWS\SYSTEM32\bcrypt.dll
0x00007ffa4b2b0000 - 0x00007ffa4b2bc000 	C:\WINDOWS\SYSTEM32\CRYPTBASE.dll
0x00007ffa4a550000 - 0x00007ffa4a583000 	C:\WINDOWS\SYSTEM32\IPHLPAPI.DLL
0x00007ffa4ca30000 - 0x00007ffa4ca3a000 	C:\WINDOWS\System32\NSI.dll
0x00007ffa428c0000 - 0x00007ffa428df000 	C:\WINDOWS\SYSTEM32\dhcpcsvc6.DLL
0x00007ffa3f170000 - 0x00007ffa3f195000 	C:\WINDOWS\SYSTEM32\dhcpcsvc.DLL
0x00007ffa4a5a0000 - 0x00007ffa4a6c5000 	C:\WINDOWS\SYSTEM32\DNSAPI.dll
0x00007ff9ffb00000 - 0x00007ff9ffb27000 	C:\Users\tleva\.jdks\corretto-11.0.26\bin\sunec.dll
0x00007ffa3d370000 - 0x00007ffa3d37b000 	C:\Windows\System32\rasadhlp.dll
0x00007ffa3dcd0000 - 0x00007ffa3dd55000 	C:\WINDOWS\System32\fwpuclnt.dll
0x00007ffa3d760000 - 0x00007ffa3d76e000 	C:\Users\tleva\.jdks\corretto-11.0.26\bin\sunmscapi.dll
0x00007ffa4c430000 - 0x00007ffa4c5a7000 	C:\WINDOWS\System32\CRYPT32.dll
0x00007ffa4b490000 - 0x00007ffa4b4c0000 	C:\WINDOWS\SYSTEM32\ncrypt.dll
0x00007ffa4b440000 - 0x00007ffa4b47f000 	C:\WINDOWS\SYSTEM32\NTASN1.dll

dbghelp: loaded successfully - version: 4.0.5 - missing functions: none
symbol engine: initialized successfully - sym options: 0x614 - pdb path: .;C:\Users\tleva\.jdks\corretto-11.0.26\bin;C:\WINDOWS\SYSTEM32;C:\WINDOWS\WinSxS\amd64_microsoft.windows.common-controls_6595b64144ccf1df_6.0.26100.3624_none_3e086962e3345f24;C:\Users\tleva\.jdks\corretto-11.0.26\bin\server;C:\Users\tleva\.gradle\native\68d5fa5c4cc2d200863cafc0d521ce42e7d3e7ee720ec0a83991735586a16f82\windows-amd64;C:\Users\tleva\.gradle\native\e376f236ea51e6404a007f0833ffe2c6e607c4080706a723a18a27aeea778392\windows-amd64

VM Arguments:
jvm_args: --add-opens=java.base/java.util=ALL-UNNAMED --add-opens=java.base/java.lang=ALL-UNNAMED --add-opens=java.base/java.lang.invoke=ALL-UNNAMED --add-opens=java.prefs/java.util.prefs=ALL-UNNAMED --add-opens=java.base/java.nio.charset=ALL-UNNAMED --add-opens=java.base/java.net=ALL-UNNAMED --add-opens=java.base/java.util.concurrent.atomic=ALL-UNNAMED -XX:MaxMetaspaceSize=256m -XX:+HeapDumpOnOutOfMemoryError -Xms256m -Xmx512m -Dfile.encoding=UTF-8 -Duser.country=RU -Duser.language=ru -Duser.variant 
java_command: org.gradle.launcher.daemon.bootstrap.GradleDaemon 7.6
java_class_path (initial): C:\Users\tleva\.gradle\wrapper\dists\gradle-7.6-bin\9l9tetv7ltxvx3i8an4pb86ye\gradle-7.6\lib\gradle-launcher-7.6.jar
Launcher Type: SUN_STANDARD

[Global flags]
     intx CICompilerCount                          = 3                                         {product} {ergonomic}
   size_t CompressedClassSpaceSize                 = 260046848                                 {product} {ergonomic}
     uint ConcGCThreads                            = 1                                         {product} {ergonomic}
     uint G1ConcRefinementThreads                  = 4                                         {product} {ergonomic}
   size_t G1HeapRegionSize                         = 1048576                                   {product} {ergonomic}
    uintx GCDrainStackTargetSize                   = 64                                        {product} {ergonomic}
     bool HeapDumpOnOutOfMemoryError               = true                                   {manageable} {command line}
   size_t InitialHeapSize                          = 268435456                                 {product} {command line}
   size_t MarkStackSize                            = 4194304                                   {product} {ergonomic}
   size_t MaxHeapSize                              = 536870912                                 {product} {command line}
   size_t MaxMetaspaceSize                         = 268435456                                 {product} {command line}
   size_t MaxNewSize                               = 321912832                                 {product} {ergonomic}
   size_t MinHeapDeltaBytes                        = 1048576                                   {product} {ergonomic}
    uintx NonNMethodCodeHeapSize                   = 5830732                                {pd product} {ergonomic}
    uintx NonProfiledCodeHeapSize                  = 122913754                              {pd product} {ergonomic}
    uintx ProfiledCodeHeapSize                     = 122913754                              {pd product} {ergonomic}
    uintx ReservedCodeCacheSize                    = 251658240                              {pd product} {ergonomic}
     bool SegmentedCodeCache                       = true                                      {product} {ergonomic}
     bool UseCompressedClassPointers               = true                                 {lp64_product} {ergonomic}
     bool UseCompressedOops                        = true                                 {lp64_product} {ergonomic}
     bool UseG1GC                                  = true                                      {product} {ergonomic}
     bool UseLargePagesIndividualAllocation        = false                                  {pd product} {ergonomic}

Logging:
Log output configuration:
 #0: stdout all=warning uptime,level,tags
 #1: stderr all=off uptime,level,tags

Environment Variables:
PATH=C:\WINDOWS\system32;C:\WINDOWS;C:\WINDOWS\System32\Wbem;C:\WINDOWS\System32\WindowsPowerShell\v1.0\;C:\WINDOWS\System32\OpenSSH\;C:\Program Files\Git\cmd;C:\Users\tleva\AppData\Local\Programs\Eclipse Adoptium\jdk-11.0.25.9-hotspot\bin;C:\Users\tleva\AppData\Local\Microsoft\WindowsApps;C:\Users\tleva\AppData\Local\Programs\Microsoft VS Code\bin;
USERNAME=tleva
OS=Windows_NT
PROCESSOR_IDENTIFIER=Intel64 Family 6 Model 142 Stepping 12, GenuineIntel
TMP=C:\Users\tleva\AppData\Local\Temp
TEMP=C:\Users\tleva\AppData\Local\Temp



---------------  S Y S T E M  ---------------

OS: Windows 11 , 64 bit Build 26100 (10.0.26100.3775)
OS uptime: 5 days 14:38 hours
Hyper-V role detected

CPU:total 4 (initial active 4) (2 cores per cpu, 2 threads per core) family 6 model 142 stepping 12 microcode 0xde, cmov, cx8, fxsr, mmx, sse, sse2, sse3, ssse3, sse4.1, sse4.2, popcnt, avx, avx2, aes, clmul, erms, 3dnowpref, lzcnt, ht, tsc, tscinvbit, bmi1, bmi2, adx, fma

Memory: 4k page, system-wide physical 8025M (895M free)
TotalPageFile size 23385M (AvailPageFile size 0M)
current process WorkingSet (physical memory assigned to process): 405M, peak: 439M
current process commit charge ("private bytes"): 536M, peak: 563M

vm_info: OpenJDK 64-Bit Server VM (11.0.26+4-LTS) for windows-amd64 JRE (11.0.26+4-LTS), built on Jan 13 2025 17:23:34 by "Administrator" with MS VC++ 16.10 / 16.11 (VS2019)

END.
