#
# There is insufficient memory for the Java Runtime Environment to continue.
# Native memory allocation (malloc) failed to allocate 1108656 bytes for Chunk::new
# Possible reasons:
#   The system is out of physical RAM or swap space
#   The process is running with CompressedOops enabled, and the Java Heap may be blocking the growth of the native heap
# Possible solutions:
#   Reduce memory load on the system
#   Increase physical memory or swap space
#   Check if swap backing store is full
#   Decrease Java heap size (-Xmx/-Xms)
#   Decrease number of Java threads
#   Decrease Java thread stack sizes (-Xss)
#   Set larger code cache with -XX:ReservedCodeCacheSize=
#   JVM is running with Unscaled Compressed Oops mode in which the Java heap is
#     placed in the first 4GB address space. The Java Heap base address is the
#     maximum limit for the native heap growth. Please use -XX:HeapBaseMinAddress
#     to set the Java Heap base and to place the Java Heap above 4GB virtual address.
# This output file may be truncated or incomplete.
#
#  Out of Memory Error (arena.cpp:197), pid=19540, tid=5028
#
# JRE version: OpenJDK Runtime Environment Corretto-11.0.26.4.1 (11.0.26+4) (build 11.0.26+4-LTS)
# Java VM: OpenJDK 64-Bit Server VM Corretto-11.0.26.4.1 (11.0.26+4-LTS, mixed mode, tiered, compressed oops, g1 gc, windows-amd64)
# No core dump will be written. Minidumps are not enabled by default on client versions of Windows
#

---------------  S U M M A R Y ------------

Command Line: -Dchromeoptions.prefs=profile.password_manager_leak_detection=false -Dorg.gradle.internal.worker.tmpdir=C:\Users\tleva\IdeaProjects\BDD\build\tmp\test\work -Dorg.gradle.native=false -Dselenide.headless -Xmx512m -Dfile.encoding=UTF-8 -Duser.country=RU -Duser.language=ru -Duser.variant -ea worker.org.gradle.process.internal.worker.GradleWorkerMain 'Gradle Test Executor 1'

Host: Intel(R) Core(TM) i3-10110U CPU @ 2.10GHz, 4 cores, 7G,  Windows 11 , 64 bit Build 26100 (10.0.26100.3775)
Time: Wed Apr 16 16:00:20 2025  Windows 11 , 64 bit Build 26100 (10.0.26100.3775) elapsed time: 1.174609 seconds (0d 0h 0m 1s)

---------------  T H R E A D  ---------------

Current thread (0x0000019bfffd7800):  JavaThread "C2 CompilerThread0" daemon [_thread_in_native, id=5028, stack(0x0000002598600000,0x0000002598700000)]


Current CompileTask:
C2:   1174  959   !   4       jdk.internal.loader.URLClassPath$JarLoader::getResource (65 bytes)

Stack: [0x0000002598600000,0x0000002598700000]
Native frames: (J=compiled Java code, j=interpreted, Vv=VM code, C=native code)
V  [jvm.dll+0x64644a]
V  [jvm.dll+0x7dac99]
V  [jvm.dll+0x7dc399]
V  [jvm.dll+0x7dca83]
V  [jvm.dll+0x269da5]
V  [jvm.dll+0xc217c]
V  [jvm.dll+0xc272c]
V  [jvm.dll+0x37a297]
V  [jvm.dll+0x344fd5]
V  [jvm.dll+0x3443aa]
V  [jvm.dll+0x221dff]
V  [jvm.dll+0x220e08]
V  [jvm.dll+0x19ea01]
V  [jvm.dll+0x230cb9]
V  [jvm.dll+0x22ee2f]
V  [jvm.dll+0x79bec1]
V  [jvm.dll+0x794b94]
V  [jvm.dll+0x645205]
C  [ucrtbase.dll+0x37b0]
C  [KERNEL32.DLL+0x2e8d7]
C  [ntdll.dll+0xb14fc]


---------------  P R O C E S S  ---------------

Threads class SMR info:
_java_thread_list=0x0000019b9ae89ed0, length=14, elements={
0x0000019bfc794800, 0x0000019bfffb0800, 0x0000019bfffb9000, 0x0000019bfffd2800,
0x0000019bfffd5800, 0x0000019bfffd6800, 0x0000019bfffd7800, 0x0000019bffff0800,
0x0000019bffff5000, 0x0000019b9a0db000, 0x0000019b9a277800, 0x0000019b9a487800,
0x0000019b9ae33000, 0x0000019b9ae88800
}

Java Threads: ( => current thread )
  0x0000019bfc794800 JavaThread "Test worker" [_thread_in_vm, id=13856, stack(0x0000002597a00000,0x0000002597b00000)]
  0x0000019bfffb0800 JavaThread "Reference Handler" daemon [_thread_blocked, id=18704, stack(0x0000002598100000,0x0000002598200000)]
  0x0000019bfffb9000 JavaThread "Finalizer" daemon [_thread_blocked, id=10532, stack(0x0000002598200000,0x0000002598300000)]
  0x0000019bfffd2800 JavaThread "Signal Dispatcher" daemon [_thread_blocked, id=21216, stack(0x0000002598300000,0x0000002598400000)]
  0x0000019bfffd5800 JavaThread "Attach Listener" daemon [_thread_blocked, id=3436, stack(0x0000002598400000,0x0000002598500000)]
  0x0000019bfffd6800 JavaThread "Service Thread" daemon [_thread_blocked, id=16180, stack(0x0000002598500000,0x0000002598600000)]
=>0x0000019bfffd7800 JavaThread "C2 CompilerThread0" daemon [_thread_in_native, id=5028, stack(0x0000002598600000,0x0000002598700000)]
  0x0000019bffff0800 JavaThread "C1 CompilerThread0" daemon [_thread_in_native, id=21984, stack(0x0000002598700000,0x0000002598800000)]
  0x0000019bffff5000 JavaThread "Sweeper thread" daemon [_thread_blocked, id=23996, stack(0x0000002598800000,0x0000002598900000)]
  0x0000019b9a0db000 JavaThread "Common-Cleaner" daemon [_thread_blocked, id=20024, stack(0x0000002598a00000,0x0000002598b00000)]
  0x0000019b9a277800 JavaThread "C2 CompilerThread1" daemon [_thread_in_native, id=20488, stack(0x0000002598b00000,0x0000002598c00000)]
  0x0000019b9a487800 JavaThread "/127.0.0.1:34367 to /127.0.0.1:34366 workers" [_thread_blocked, id=2588, stack(0x0000002599000000,0x0000002599100000)]
  0x0000019b9ae33000 JavaThread "/127.0.0.1:34367 to /127.0.0.1:34366 workers Thread 2" [_thread_blocked, id=21820, stack(0x0000002599100000,0x0000002599200000)]
  0x0000019b9ae88800 JavaThread "/127.0.0.1:34367 to /127.0.0.1:34366 workers Thread 3" [_thread_in_native, id=6040, stack(0x0000002599200000,0x0000002599300000)]

Other Threads:
  0x0000019bfff8b000 VMThread "VM Thread" [stack: 0x0000002598000000,0x0000002598100000] [id=5780]
  0x0000019b9a19e000 WatcherThread [stack: 0x0000002598900000,0x0000002598a00000] [id=14128]
  0x0000019bfc7ae800 GCTaskThread "GC Thread#0" [stack: 0x0000002597b00000,0x0000002597c00000] [id=2404]
  0x0000019b9ab45800 GCTaskThread "GC Thread#1" [stack: 0x0000002598d00000,0x0000002598e00000] [id=23564]
  0x0000019b9ab7c800 GCTaskThread "GC Thread#2" [stack: 0x0000002598e00000,0x0000002598f00000] [id=23824]
  0x0000019b9ae15800 GCTaskThread "GC Thread#3" [stack: 0x0000002599300000,0x0000002599400000] [id=4008]
  0x0000019bfc7c0000 ConcurrentGCThread "G1 Main Marker" [stack: 0x0000002597c00000,0x0000002597d00000] [id=22556]
  0x0000019bfc7c1800 ConcurrentGCThread "G1 Conc#0" [stack: 0x0000002597d00000,0x0000002597e00000] [id=8760]
  0x0000019bfc7c3800 ConcurrentGCThread "G1 Refine#0" [stack: 0x0000002597e00000,0x0000002597f00000] [id=4628]
  0x0000019bfffe8000 ConcurrentGCThread "G1 Refine#1" [stack: 0x0000002598f00000,0x0000002599000000] [id=1808]
  0x0000019bfc858800 ConcurrentGCThread "G1 Young RemSet Sampling" [stack: 0x0000002597f00000,0x0000002598000000] [id=20344]

Threads with active compile tasks:
C2 CompilerThread0     1226  959   !   4       jdk.internal.loader.URLClassPath$JarLoader::getResource (65 bytes)
C1 CompilerThread0     1226 1087       3       jdk.internal.loader.URLClassPath$JarLoader$2::<init> (31 bytes)
C2 CompilerThread1     1226 1028       4       java.util.jar.JarFile::getEntry (22 bytes)

VM state:not at safepoint (normal execution)

VM Mutex/Monitor currently owned by a thread: None

Heap address: 0x00000000e0000000, size: 512 MB, Compressed Oops mode: 32-bit
Narrow klass base: 0x0000000000000000, Narrow klass shift: 3
Compressed class space size: 1073741824 Address: 0x0000000100000000

Heap:
 garbage-first heap   total 129024K, used 11300K [0x00000000e0000000, 0x0000000100000000)
  region size 1024K, 7 young (7168K), 1 survivors (1024K)
 Metaspace       used 13768K, capacity 14083K, committed 14336K, reserved 1062912K
  class space    used 1440K, capacity 1536K, committed 1536K, reserved 1048576K
Heap Regions: E=young(eden), S=young(survivor), O=old, HS=humongous(starts), HC=humongous(continues), CS=collection set, F=free, A=archive, TAMS=top-at-mark-start (previous, next)
|   0|0x00000000e0000000, 0x00000000e0100000, 0x00000000e0100000|100%| O|  |TAMS 0x00000000e0000000, 0x00000000e0000000| Untracked 
|   1|0x00000000e0100000, 0x00000000e0200000, 0x00000000e0200000|100%| O|  |TAMS 0x00000000e0100000, 0x00000000e0100000| Untracked 
|   2|0x00000000e0200000, 0x00000000e0300000, 0x00000000e0300000|100%| O|  |TAMS 0x00000000e0200000, 0x00000000e0200000| Untracked 
|   3|0x00000000e0300000, 0x00000000e0400000, 0x00000000e0400000|100%| O|  |TAMS 0x00000000e0300000, 0x00000000e0300000| Untracked 
|   4|0x00000000e0400000, 0x00000000e0500000, 0x00000000e0500000|100%| O|  |TAMS 0x00000000e0400000, 0x00000000e0400000| Untracked 
|   5|0x00000000e0500000, 0x00000000e05b7c00, 0x00000000e0600000| 71%| O|  |TAMS 0x00000000e0500000, 0x00000000e0500000| Untracked 
|   6|0x00000000e0600000, 0x00000000e0600000, 0x00000000e0700000|  0%| F|  |TAMS 0x00000000e0600000, 0x00000000e0600000| Untracked 
|   7|0x00000000e0700000, 0x00000000e0700000, 0x00000000e0800000|  0%| F|  |TAMS 0x00000000e0700000, 0x00000000e0700000| Untracked 
|   8|0x00000000e0800000, 0x00000000e0800000, 0x00000000e0900000|  0%| F|  |TAMS 0x00000000e0800000, 0x00000000e0800000| Untracked 
|   9|0x00000000e0900000, 0x00000000e0900000, 0x00000000e0a00000|  0%| F|  |TAMS 0x00000000e0900000, 0x00000000e0900000| Untracked 
|  10|0x00000000e0a00000, 0x00000000e0a00000, 0x00000000e0b00000|  0%| F|  |TAMS 0x00000000e0a00000, 0x00000000e0a00000| Untracked 
|  11|0x00000000e0b00000, 0x00000000e0b00000, 0x00000000e0c00000|  0%| F|  |TAMS 0x00000000e0b00000, 0x00000000e0b00000| Untracked 
|  12|0x00000000e0c00000, 0x00000000e0c00000, 0x00000000e0d00000|  0%| F|  |TAMS 0x00000000e0c00000, 0x00000000e0c00000| Untracked 
|  13|0x00000000e0d00000, 0x00000000e0d00000, 0x00000000e0e00000|  0%| F|  |TAMS 0x00000000e0d00000, 0x00000000e0d00000| Untracked 
|  14|0x00000000e0e00000, 0x00000000e0e00000, 0x00000000e0f00000|  0%| F|  |TAMS 0x00000000e0e00000, 0x00000000e0e00000| Untracked 
|  15|0x00000000e0f00000, 0x00000000e0f00000, 0x00000000e1000000|  0%| F|  |TAMS 0x00000000e0f00000, 0x00000000e0f00000| Untracked 
|  16|0x00000000e1000000, 0x00000000e1000000, 0x00000000e1100000|  0%| F|  |TAMS 0x00000000e1000000, 0x00000000e1000000| Untracked 
|  17|0x00000000e1100000, 0x00000000e1100000, 0x00000000e1200000|  0%| F|  |TAMS 0x00000000e1100000, 0x00000000e1100000| Untracked 
|  18|0x00000000e1200000, 0x00000000e1200000, 0x00000000e1300000|  0%| F|  |TAMS 0x00000000e1200000, 0x00000000e1200000| Untracked 
|  19|0x00000000e1300000, 0x00000000e1300000, 0x00000000e1400000|  0%| F|  |TAMS 0x00000000e1300000, 0x00000000e1300000| Untracked 
|  20|0x00000000e1400000, 0x00000000e1400000, 0x00000000e1500000|  0%| F|  |TAMS 0x00000000e1400000, 0x00000000e1400000| Untracked 
|  21|0x00000000e1500000, 0x00000000e1500000, 0x00000000e1600000|  0%| F|  |TAMS 0x00000000e1500000, 0x00000000e1500000| Untracked 
|  22|0x00000000e1600000, 0x00000000e1600000, 0x00000000e1700000|  0%| F|  |TAMS 0x00000000e1600000, 0x00000000e1600000| Untracked 
|  23|0x00000000e1700000, 0x00000000e1700000, 0x00000000e1800000|  0%| F|  |TAMS 0x00000000e1700000, 0x00000000e1700000| Untracked 
|  24|0x00000000e1800000, 0x00000000e1800000, 0x00000000e1900000|  0%| F|  |TAMS 0x00000000e1800000, 0x00000000e1800000| Untracked 
|  25|0x00000000e1900000, 0x00000000e1900000, 0x00000000e1a00000|  0%| F|  |TAMS 0x00000000e1900000, 0x00000000e1900000| Untracked 
|  26|0x00000000e1a00000, 0x00000000e1a00000, 0x00000000e1b00000|  0%| F|  |TAMS 0x00000000e1a00000, 0x00000000e1a00000| Untracked 
|  27|0x00000000e1b00000, 0x00000000e1b00000, 0x00000000e1c00000|  0%| F|  |TAMS 0x00000000e1b00000, 0x00000000e1b00000| Untracked 
|  28|0x00000000e1c00000, 0x00000000e1c00000, 0x00000000e1d00000|  0%| F|  |TAMS 0x00000000e1c00000, 0x00000000e1c00000| Untracked 
|  29|0x00000000e1d00000, 0x00000000e1d00000, 0x00000000e1e00000|  0%| F|  |TAMS 0x00000000e1d00000, 0x00000000e1d00000| Untracked 
|  30|0x00000000e1e00000, 0x00000000e1e00000, 0x00000000e1f00000|  0%| F|  |TAMS 0x00000000e1e00000, 0x00000000e1e00000| Untracked 
|  31|0x00000000e1f00000, 0x00000000e1f00000, 0x00000000e2000000|  0%| F|  |TAMS 0x00000000e1f00000, 0x00000000e1f00000| Untracked 
|  32|0x00000000e2000000, 0x00000000e2000000, 0x00000000e2100000|  0%| F|  |TAMS 0x00000000e2000000, 0x00000000e2000000| Untracked 
|  33|0x00000000e2100000, 0x00000000e2100000, 0x00000000e2200000|  0%| F|  |TAMS 0x00000000e2100000, 0x00000000e2100000| Untracked 
|  34|0x00000000e2200000, 0x00000000e2200000, 0x00000000e2300000|  0%| F|  |TAMS 0x00000000e2200000, 0x00000000e2200000| Untracked 
|  35|0x00000000e2300000, 0x00000000e2300000, 0x00000000e2400000|  0%| F|  |TAMS 0x00000000e2300000, 0x00000000e2300000| Untracked 
|  36|0x00000000e2400000, 0x00000000e2400000, 0x00000000e2500000|  0%| F|  |TAMS 0x00000000e2400000, 0x00000000e2400000| Untracked 
|  37|0x00000000e2500000, 0x00000000e2500000, 0x00000000e2600000|  0%| F|  |TAMS 0x00000000e2500000, 0x00000000e2500000| Untracked 
|  38|0x00000000e2600000, 0x00000000e2600000, 0x00000000e2700000|  0%| F|  |TAMS 0x00000000e2600000, 0x00000000e2600000| Untracked 
|  39|0x00000000e2700000, 0x00000000e2700000, 0x00000000e2800000|  0%| F|  |TAMS 0x00000000e2700000, 0x00000000e2700000| Untracked 
|  40|0x00000000e2800000, 0x00000000e2800000, 0x00000000e2900000|  0%| F|  |TAMS 0x00000000e2800000, 0x00000000e2800000| Untracked 
|  41|0x00000000e2900000, 0x00000000e2900000, 0x00000000e2a00000|  0%| F|  |TAMS 0x00000000e2900000, 0x00000000e2900000| Untracked 
|  42|0x00000000e2a00000, 0x00000000e2a00000, 0x00000000e2b00000|  0%| F|  |TAMS 0x00000000e2a00000, 0x00000000e2a00000| Untracked 
|  43|0x00000000e2b00000, 0x00000000e2b00000, 0x00000000e2c00000|  0%| F|  |TAMS 0x00000000e2b00000, 0x00000000e2b00000| Untracked 
|  44|0x00000000e2c00000, 0x00000000e2c00000, 0x00000000e2d00000|  0%| F|  |TAMS 0x00000000e2c00000, 0x00000000e2c00000| Untracked 
|  45|0x00000000e2d00000, 0x00000000e2d00000, 0x00000000e2e00000|  0%| F|  |TAMS 0x00000000e2d00000, 0x00000000e2d00000| Untracked 
|  46|0x00000000e2e00000, 0x00000000e2e00000, 0x00000000e2f00000|  0%| F|  |TAMS 0x00000000e2e00000, 0x00000000e2e00000| Untracked 
|  47|0x00000000e2f00000, 0x00000000e2f00000, 0x00000000e3000000|  0%| F|  |TAMS 0x00000000e2f00000, 0x00000000e2f00000| Untracked 
|  48|0x00000000e3000000, 0x00000000e3000000, 0x00000000e3100000|  0%| F|  |TAMS 0x00000000e3000000, 0x00000000e3000000| Untracked 
|  49|0x00000000e3100000, 0x00000000e3100000, 0x00000000e3200000|  0%| F|  |TAMS 0x00000000e3100000, 0x00000000e3100000| Untracked 
|  50|0x00000000e3200000, 0x00000000e3200000, 0x00000000e3300000|  0%| F|  |TAMS 0x00000000e3200000, 0x00000000e3200000| Untracked 
|  51|0x00000000e3300000, 0x00000000e3300000, 0x00000000e3400000|  0%| F|  |TAMS 0x00000000e3300000, 0x00000000e3300000| Untracked 
|  52|0x00000000e3400000, 0x00000000e3400000, 0x00000000e3500000|  0%| F|  |TAMS 0x00000000e3400000, 0x00000000e3400000| Untracked 
|  53|0x00000000e3500000, 0x00000000e3500000, 0x00000000e3600000|  0%| F|  |TAMS 0x00000000e3500000, 0x00000000e3500000| Untracked 
|  54|0x00000000e3600000, 0x00000000e3600000, 0x00000000e3700000|  0%| F|  |TAMS 0x00000000e3600000, 0x00000000e3600000| Untracked 
|  55|0x00000000e3700000, 0x00000000e3700000, 0x00000000e3800000|  0%| F|  |TAMS 0x00000000e3700000, 0x00000000e3700000| Untracked 
|  56|0x00000000e3800000, 0x00000000e3800000, 0x00000000e3900000|  0%| F|  |TAMS 0x00000000e3800000, 0x00000000e3800000| Untracked 
|  57|0x00000000e3900000, 0x00000000e3900000, 0x00000000e3a00000|  0%| F|  |TAMS 0x00000000e3900000, 0x00000000e3900000| Untracked 
|  58|0x00000000e3a00000, 0x00000000e3a00000, 0x00000000e3b00000|  0%| F|  |TAMS 0x00000000e3a00000, 0x00000000e3a00000| Untracked 
|  59|0x00000000e3b00000, 0x00000000e3b00000, 0x00000000e3c00000|  0%| F|  |TAMS 0x00000000e3b00000, 0x00000000e3b00000| Untracked 
|  60|0x00000000e3c00000, 0x00000000e3c00000, 0x00000000e3d00000|  0%| F|  |TAMS 0x00000000e3c00000, 0x00000000e3c00000| Untracked 
|  61|0x00000000e3d00000, 0x00000000e3d00000, 0x00000000e3e00000|  0%| F|  |TAMS 0x00000000e3d00000, 0x00000000e3d00000| Untracked 
|  62|0x00000000e3e00000, 0x00000000e3e00000, 0x00000000e3f00000|  0%| F|  |TAMS 0x00000000e3e00000, 0x00000000e3e00000| Untracked 
|  63|0x00000000e3f00000, 0x00000000e3f00000, 0x00000000e4000000|  0%| F|  |TAMS 0x00000000e3f00000, 0x00000000e3f00000| Untracked 
|  64|0x00000000e4000000, 0x00000000e4000000, 0x00000000e4100000|  0%| F|  |TAMS 0x00000000e4000000, 0x00000000e4000000| Untracked 
|  65|0x00000000e4100000, 0x00000000e4100000, 0x00000000e4200000|  0%| F|  |TAMS 0x00000000e4100000, 0x00000000e4100000| Untracked 
|  66|0x00000000e4200000, 0x00000000e4200000, 0x00000000e4300000|  0%| F|  |TAMS 0x00000000e4200000, 0x00000000e4200000| Untracked 
|  67|0x00000000e4300000, 0x00000000e4300000, 0x00000000e4400000|  0%| F|  |TAMS 0x00000000e4300000, 0x00000000e4300000| Untracked 
|  68|0x00000000e4400000, 0x00000000e4400000, 0x00000000e4500000|  0%| F|  |TAMS 0x00000000e4400000, 0x00000000e4400000| Untracked 
|  69|0x00000000e4500000, 0x00000000e4500000, 0x00000000e4600000|  0%| F|  |TAMS 0x00000000e4500000, 0x00000000e4500000| Untracked 
|  70|0x00000000e4600000, 0x00000000e4600000, 0x00000000e4700000|  0%| F|  |TAMS 0x00000000e4600000, 0x00000000e4600000| Untracked 
|  71|0x00000000e4700000, 0x00000000e4700000, 0x00000000e4800000|  0%| F|  |TAMS 0x00000000e4700000, 0x00000000e4700000| Untracked 
|  72|0x00000000e4800000, 0x00000000e4800000, 0x00000000e4900000|  0%| F|  |TAMS 0x00000000e4800000, 0x00000000e4800000| Untracked 
|  73|0x00000000e4900000, 0x00000000e4900000, 0x00000000e4a00000|  0%| F|  |TAMS 0x00000000e4900000, 0x00000000e4900000| Untracked 
|  74|0x00000000e4a00000, 0x00000000e4a00000, 0x00000000e4b00000|  0%| F|  |TAMS 0x00000000e4a00000, 0x00000000e4a00000| Untracked 
|  75|0x00000000e4b00000, 0x00000000e4b00000, 0x00000000e4c00000|  0%| F|  |TAMS 0x00000000e4b00000, 0x00000000e4b00000| Untracked 
|  76|0x00000000e4c00000, 0x00000000e4c00000, 0x00000000e4d00000|  0%| F|  |TAMS 0x00000000e4c00000, 0x00000000e4c00000| Untracked 
|  77|0x00000000e4d00000, 0x00000000e4d00000, 0x00000000e4e00000|  0%| F|  |TAMS 0x00000000e4d00000, 0x00000000e4d00000| Untracked 
|  78|0x00000000e4e00000, 0x00000000e4e00000, 0x00000000e4f00000|  0%| F|  |TAMS 0x00000000e4e00000, 0x00000000e4e00000| Untracked 
|  79|0x00000000e4f00000, 0x00000000e4f00000, 0x00000000e5000000|  0%| F|  |TAMS 0x00000000e4f00000, 0x00000000e4f00000| Untracked 
|  80|0x00000000e5000000, 0x00000000e5000000, 0x00000000e5100000|  0%| F|  |TAMS 0x00000000e5000000, 0x00000000e5000000| Untracked 
|  81|0x00000000e5100000, 0x00000000e5100000, 0x00000000e5200000|  0%| F|  |TAMS 0x00000000e5100000, 0x00000000e5100000| Untracked 
|  82|0x00000000e5200000, 0x00000000e5200000, 0x00000000e5300000|  0%| F|  |TAMS 0x00000000e5200000, 0x00000000e5200000| Untracked 
|  83|0x00000000e5300000, 0x00000000e5300000, 0x00000000e5400000|  0%| F|  |TAMS 0x00000000e5300000, 0x00000000e5300000| Untracked 
|  84|0x00000000e5400000, 0x00000000e5400000, 0x00000000e5500000|  0%| F|  |TAMS 0x00000000e5400000, 0x00000000e5400000| Untracked 
|  85|0x00000000e5500000, 0x00000000e5500000, 0x00000000e5600000|  0%| F|  |TAMS 0x00000000e5500000, 0x00000000e5500000| Untracked 
|  86|0x00000000e5600000, 0x00000000e5600000, 0x00000000e5700000|  0%| F|  |TAMS 0x00000000e5600000, 0x00000000e5600000| Untracked 
|  87|0x00000000e5700000, 0x00000000e5700000, 0x00000000e5800000|  0%| F|  |TAMS 0x00000000e5700000, 0x00000000e5700000| Untracked 
|  88|0x00000000e5800000, 0x00000000e5800000, 0x00000000e5900000|  0%| F|  |TAMS 0x00000000e5800000, 0x00000000e5800000| Untracked 
|  89|0x00000000e5900000, 0x00000000e5900000, 0x00000000e5a00000|  0%| F|  |TAMS 0x00000000e5900000, 0x00000000e5900000| Untracked 
|  90|0x00000000e5a00000, 0x00000000e5a00000, 0x00000000e5b00000|  0%| F|  |TAMS 0x00000000e5a00000, 0x00000000e5a00000| Untracked 
|  91|0x00000000e5b00000, 0x00000000e5b00000, 0x00000000e5c00000|  0%| F|  |TAMS 0x00000000e5b00000, 0x00000000e5b00000| Untracked 
|  92|0x00000000e5c00000, 0x00000000e5c00000, 0x00000000e5d00000|  0%| F|  |TAMS 0x00000000e5c00000, 0x00000000e5c00000| Untracked 
|  93|0x00000000e5d00000, 0x00000000e5d00000, 0x00000000e5e00000|  0%| F|  |TAMS 0x00000000e5d00000, 0x00000000e5d00000| Untracked 
|  94|0x00000000e5e00000, 0x00000000e5e00000, 0x00000000e5f00000|  0%| F|  |TAMS 0x00000000e5e00000, 0x00000000e5e00000| Untracked 
|  95|0x00000000e5f00000, 0x00000000e5f00000, 0x00000000e6000000|  0%| F|  |TAMS 0x00000000e5f00000, 0x00000000e5f00000| Untracked 
|  96|0x00000000e6000000, 0x00000000e6000000, 0x00000000e6100000|  0%| F|  |TAMS 0x00000000e6000000, 0x00000000e6000000| Untracked 
|  97|0x00000000e6100000, 0x00000000e6100000, 0x00000000e6200000|  0%| F|  |TAMS 0x00000000e6100000, 0x00000000e6100000| Untracked 
|  98|0x00000000e6200000, 0x00000000e6200000, 0x00000000e6300000|  0%| F|  |TAMS 0x00000000e6200000, 0x00000000e6200000| Untracked 
|  99|0x00000000e6300000, 0x00000000e6300000, 0x00000000e6400000|  0%| F|  |TAMS 0x00000000e6300000, 0x00000000e6300000| Untracked 
| 100|0x00000000e6400000, 0x00000000e6400000, 0x00000000e6500000|  0%| F|  |TAMS 0x00000000e6400000, 0x00000000e6400000| Untracked 
| 101|0x00000000e6500000, 0x00000000e6500000, 0x00000000e6600000|  0%| F|  |TAMS 0x00000000e6500000, 0x00000000e6500000| Untracked 
| 102|0x00000000e6600000, 0x00000000e6600000, 0x00000000e6700000|  0%| F|  |TAMS 0x00000000e6600000, 0x00000000e6600000| Untracked 
| 103|0x00000000e6700000, 0x00000000e6700000, 0x00000000e6800000|  0%| F|  |TAMS 0x00000000e6700000, 0x00000000e6700000| Untracked 
| 104|0x00000000e6800000, 0x00000000e6800000, 0x00000000e6900000|  0%| F|  |TAMS 0x00000000e6800000, 0x00000000e6800000| Untracked 
| 105|0x00000000e6900000, 0x00000000e6900000, 0x00000000e6a00000|  0%| F|  |TAMS 0x00000000e6900000, 0x00000000e6900000| Untracked 
| 106|0x00000000e6a00000, 0x00000000e6a00000, 0x00000000e6b00000|  0%| F|  |TAMS 0x00000000e6a00000, 0x00000000e6a00000| Untracked 
| 107|0x00000000e6b00000, 0x00000000e6b00000, 0x00000000e6c00000|  0%| F|  |TAMS 0x00000000e6b00000, 0x00000000e6b00000| Untracked 
| 108|0x00000000e6c00000, 0x00000000e6c00000, 0x00000000e6d00000|  0%| F|  |TAMS 0x00000000e6c00000, 0x00000000e6c00000| Untracked 
| 109|0x00000000e6d00000, 0x00000000e6d00000, 0x00000000e6e00000|  0%| F|  |TAMS 0x00000000e6d00000, 0x00000000e6d00000| Untracked 
| 110|0x00000000e6e00000, 0x00000000e6e00000, 0x00000000e6f00000|  0%| F|  |TAMS 0x00000000e6e00000, 0x00000000e6e00000| Untracked 
| 111|0x00000000e6f00000, 0x00000000e6f00000, 0x00000000e7000000|  0%| F|  |TAMS 0x00000000e6f00000, 0x00000000e6f00000| Untracked 
| 112|0x00000000e7000000, 0x00000000e7000000, 0x00000000e7100000|  0%| F|  |TAMS 0x00000000e7000000, 0x00000000e7000000| Untracked 
| 113|0x00000000e7100000, 0x00000000e7100000, 0x00000000e7200000|  0%| F|  |TAMS 0x00000000e7100000, 0x00000000e7100000| Untracked 
| 114|0x00000000e7200000, 0x00000000e7200000, 0x00000000e7300000|  0%| F|  |TAMS 0x00000000e7200000, 0x00000000e7200000| Untracked 
| 115|0x00000000e7300000, 0x00000000e7300000, 0x00000000e7400000|  0%| F|  |TAMS 0x00000000e7300000, 0x00000000e7300000| Untracked 
| 116|0x00000000e7400000, 0x00000000e7400000, 0x00000000e7500000|  0%| F|  |TAMS 0x00000000e7400000, 0x00000000e7400000| Untracked 
| 117|0x00000000e7500000, 0x00000000e7500000, 0x00000000e7600000|  0%| F|  |TAMS 0x00000000e7500000, 0x00000000e7500000| Untracked 
| 118|0x00000000e7600000, 0x00000000e7600000, 0x00000000e7700000|  0%| F|  |TAMS 0x00000000e7600000, 0x00000000e7600000| Untracked 
| 119|0x00000000e7700000, 0x00000000e7765468, 0x00000000e7800000| 39%| E|  |TAMS 0x00000000e7700000, 0x00000000e7700000| Complete 
| 120|0x00000000e7800000, 0x00000000e7900000, 0x00000000e7900000|100%| E|CS|TAMS 0x00000000e7800000, 0x00000000e7800000| Complete 
| 121|0x00000000e7900000, 0x00000000e79514f8, 0x00000000e7a00000| 31%| S|CS|TAMS 0x00000000e7900000, 0x00000000e7900000| Complete 
| 122|0x00000000e7a00000, 0x00000000e7b00000, 0x00000000e7b00000|100%| E|CS|TAMS 0x00000000e7a00000, 0x00000000e7a00000| Complete 
| 123|0x00000000e7b00000, 0x00000000e7c00000, 0x00000000e7c00000|100%| E|CS|TAMS 0x00000000e7b00000, 0x00000000e7b00000| Complete 
| 124|0x00000000e7c00000, 0x00000000e7d00000, 0x00000000e7d00000|100%| E|CS|TAMS 0x00000000e7c00000, 0x00000000e7c00000| Complete 
| 125|0x00000000e7d00000, 0x00000000e7e00000, 0x00000000e7e00000|100%| E|CS|TAMS 0x00000000e7d00000, 0x00000000e7d00000| Complete 

Card table byte_map: [0x0000019bfe7b0000,0x0000019bfe8b0000] _byte_map_base: 0x0000019bfe0b0000

Marking Bits (Prev, Next): (CMBitMap*) 0x0000019bfc7bd298, (CMBitMap*) 0x0000019bfc7bd2d0
 Prev Bits: [0x0000019bfe9b0000, 0x0000019bff1b0000)
 Next Bits: [0x0000019bff1b0000, 0x0000019bff9b0000)

Polling page: 0x0000019bfc860000

Metaspace:

Usage:
  Non-class:     12.25 MB capacity,    12.06 MB ( 98%) used,   176.04 KB (  1%) free+waste,    23.12 KB ( <1%) overhead. 
      Class:      1.50 MB capacity,     1.41 MB ( 94%) used,    81.63 KB (  5%) free+waste,    11.19 KB ( <1%) overhead. 
       Both:     13.75 MB capacity,    13.47 MB ( 98%) used,   257.67 KB (  2%) free+waste,    34.31 KB ( <1%) overhead. 

Virtual space:
  Non-class space:       14.00 MB reserved,      12.50 MB ( 89%) committed 
      Class space:        1.00 GB reserved,       1.50 MB ( <1%) committed 
             Both:        1.01 GB reserved,      14.00 MB (  1%) committed 

Chunk freelists:
   Non-Class:  0 bytes
       Class:  0 bytes
        Both:  0 bytes

MaxMetaspaceSize: 17179869184.00 GB
CompressedClassSpaceSize: 1.00 GB
Initial GC threshold: 20.80 MB
Current GC threshold: 20.80 MB
CDS: off

CodeHeap 'non-profiled nmethods': size=120064Kb used=345Kb max_used=345Kb free=119718Kb
 bounds [0x0000019b90190000, 0x0000019b90400000, 0x0000019b976d0000]
CodeHeap 'profiled nmethods': size=120000Kb used=2119Kb max_used=2119Kb free=117880Kb
 bounds [0x0000019b88c60000, 0x0000019b88ed0000, 0x0000019b90190000]
CodeHeap 'non-nmethods': size=5696Kb used=1145Kb max_used=1166Kb free=4550Kb
 bounds [0x0000019b886d0000, 0x0000019b88940000, 0x0000019b88c60000]
 total_blobs=1486 nmethods=1081 adapters=318
 compilation: enabled
              stopped_count=0, restarted_count=0
 full_count=0

Compilation events (20 events):
Event: 0.999 Thread 0x0000019bffff0800 nmethod 1062 0x0000019b88e58310 code [0x0000019b88e584c0, 0x0000019b88e586f8]
Event: 0.999 Thread 0x0000019bffff0800 1063       3       java.util.Objects::hash (5 bytes)
Event: 0.999 Thread 0x0000019bffff0800 nmethod 1063 0x0000019b88e58810 code [0x0000019b88e589c0, 0x0000019b88e58ac8]
Event: 0.999 Thread 0x0000019bffff0800 1064       3       jdk.internal.org.objectweb.asm.MethodVisitor::<init> (35 bytes)
Event: 0.999 Thread 0x0000019bffff0800 nmethod 1064 0x0000019b88e58b90 code [0x0000019b88e58d60, 0x0000019b88e59048]
Event: 1.006 Thread 0x0000019bffff0800 1066       3       jdk.internal.org.objectweb.asm.Label::<init> (5 bytes)
Event: 1.006 Thread 0x0000019bffff0800 nmethod 1066 0x0000019b88e59190 code [0x0000019b88e59340, 0x0000019b88e59498]
Event: 1.007 Thread 0x0000019bffff0800 1067       3       jdk.internal.loader.BuiltinClassLoader::loadClass (22 bytes)
Event: 1.007 Thread 0x0000019bffff0800 nmethod 1067 0x0000019b88e59590 code [0x0000019b88e59760, 0x0000019b88e599f8]
Event: 1.009 Thread 0x0000019bffff0800 1068       3       jdk.internal.org.objectweb.asm.MethodWriter::visitLabel (321 bytes)
Event: 1.010 Thread 0x0000019bffff0800 nmethod 1068 0x0000019b88e59b10 code [0x0000019b88e59d60, 0x0000019b88e5a9a8]
Event: 1.010 Thread 0x0000019bffff0800 1069       3       jdk.internal.org.objectweb.asm.MethodWriter::visitInsn (114 bytes)
Event: 1.010 Thread 0x0000019b9a277800 nmethod 1052 0x0000019b901e4590 code [0x0000019b901e4740, 0x0000019b901e4c38]
Event: 1.010 Thread 0x0000019b9a277800 1028       4       java.util.jar.JarFile::getEntry (22 bytes)
Event: 1.011 Thread 0x0000019bffff0800 nmethod 1069 0x0000019b88e5ac90 code [0x0000019b88e5ae80, 0x0000019b88e5b2a8]
Event: 1.011 Thread 0x0000019bffff0800 1070       3       jdk.internal.loader.Resource::<init> (5 bytes)
Event: 1.011 Thread 0x0000019bffff0800 nmethod 1070 0x0000019b88e5b490 code [0x0000019b88e5b640, 0x0000019b88e5b798]
Event: 1.015 Thread 0x0000019bffff0800 1071       3       sun.net.www.protocol.file.Handler::parseURL (18 bytes)
Event: 1.015 Thread 0x0000019bffff0800 nmethod 1071 0x0000019b88e5b890 code [0x0000019b88e5ba60, 0x0000019b88e5bbf8]
Event: 1.015 Thread 0x0000019bffff0800 1072       3       java.net.URLStreamHandler::parseURL (1201 bytes)

GC Heap History (4 events):
Event: 0.572 GC heap before
{Heap before GC invocations=0 (full 0):
 garbage-first heap   total 129024K, used 14336K [0x00000000e0000000, 0x0000000100000000)
  region size 1024K, 14 young (14336K), 0 survivors (0K)
 Metaspace       used 11372K, capacity 11590K, committed 11776K, reserved 1060864K
  class space    used 1141K, capacity 1211K, committed 1280K, reserved 1048576K
}
Event: 0.579 GC heap after
{Heap after GC invocations=1 (full 0):
 garbage-first heap   total 129024K, used 5738K [0x00000000e0000000, 0x0000000100000000)
  region size 1024K, 2 young (2048K), 2 survivors (2048K)
 Metaspace       used 11372K, capacity 11590K, committed 11776K, reserved 1060864K
  class space    used 1141K, capacity 1211K, committed 1280K, reserved 1048576K
}
Event: 0.904 GC heap before
{Heap before GC invocations=1 (full 0):
 garbage-first heap   total 129024K, used 9834K [0x00000000e0000000, 0x0000000100000000)
  region size 1024K, 6 young (6144K), 2 survivors (2048K)
 Metaspace       used 12808K, capacity 13096K, committed 13312K, reserved 1060864K
  class space    used 1328K, capacity 1416K, committed 1536K, reserved 1048576K
}
Event: 0.909 GC heap after
{Heap after GC invocations=2 (full 0):
 garbage-first heap   total 129024K, used 6180K [0x00000000e0000000, 0x0000000100000000)
  region size 1024K, 1 young (1024K), 1 survivors (1024K)
 Metaspace       used 12808K, capacity 13096K, committed 13312K, reserved 1060864K
  class space    used 1328K, capacity 1416K, committed 1536K, reserved 1048576K
}

Deoptimization events (20 events):
Event: 0.586 Thread 0x0000019bfc794800 Uncommon trap: trap_request=0xffffff4d fr.pc=0x0000019b901cc3d8 relative=0x00000000000003d8
Event: 0.586 Thread 0x0000019bfc794800 Uncommon trap: reason=unstable_if action=reinterpret pc=0x0000019b901cc3d8 method=java.util.HashMap.getNode(ILjava/lang/Object;)Ljava/util/HashMap$Node; @ 129 c2
Event: 0.586 Thread 0x0000019bfc794800 DEOPT PACKING pc=0x0000019b901cc3d8 sp=0x0000002597afe950
Event: 0.586 Thread 0x0000019bfc794800 DEOPT UNPACKING pc=0x0000019b8871a1af sp=0x0000002597afe8d0 mode 2
Event: 0.586 Thread 0x0000019bfc794800 Uncommon trap: trap_request=0xffffffde fr.pc=0x0000019b901cebd8 relative=0x0000000000000d98
Event: 0.586 Thread 0x0000019bfc794800 Uncommon trap: reason=class_check action=maybe_recompile pc=0x0000019b901cebd8 method=java.util.HashMap.putVal(ILjava/lang/Object;Ljava/lang/Object;ZZ)Ljava/lang/Object; @ 203 c2
Event: 0.586 Thread 0x0000019bfc794800 DEOPT PACKING pc=0x0000019b901cebd8 sp=0x0000002597afe8c0
Event: 0.586 Thread 0x0000019bfc794800 DEOPT UNPACKING pc=0x0000019b8871a1af sp=0x0000002597afe870 mode 2
Event: 0.615 Thread 0x0000019bfc794800 Uncommon trap: trap_request=0xffffffde fr.pc=0x0000019b901cebd8 relative=0x0000000000000d98
Event: 0.615 Thread 0x0000019bfc794800 Uncommon trap: reason=class_check action=maybe_recompile pc=0x0000019b901cebd8 method=java.util.HashMap.putVal(ILjava/lang/Object;Ljava/lang/Object;ZZ)Ljava/lang/Object; @ 203 c2
Event: 0.615 Thread 0x0000019bfc794800 DEOPT PACKING pc=0x0000019b901cebd8 sp=0x0000002597afe780
Event: 0.615 Thread 0x0000019bfc794800 DEOPT UNPACKING pc=0x0000019b8871a1af sp=0x0000002597afe730 mode 2
Event: 0.894 Thread 0x0000019bfc794800 Uncommon trap: trap_request=0xffffff4d fr.pc=0x0000019b901d3fd8 relative=0x0000000000000f98
Event: 0.894 Thread 0x0000019bfc794800 Uncommon trap: reason=unstable_if action=reinterpret pc=0x0000019b901d3fd8 method=java.util.concurrent.ConcurrentHashMap.putVal(Ljava/lang/Object;Ljava/lang/Object;Z)Ljava/lang/Object; @ 148 c2
Event: 0.894 Thread 0x0000019bfc794800 DEOPT PACKING pc=0x0000019b901d3fd8 sp=0x0000002597afd250
Event: 0.894 Thread 0x0000019bfc794800 DEOPT UNPACKING pc=0x0000019b8871a1af sp=0x0000002597afd1f0 mode 2
Event: 0.982 Thread 0x0000019bfc794800 DEOPT PACKING pc=0x0000019b88cae0ff sp=0x0000002597afc8c0
Event: 0.982 Thread 0x0000019bfc794800 DEOPT UNPACKING pc=0x0000019b8871a95e sp=0x0000002597afbd10 mode 0
Event: 1.001 Thread 0x0000019bfc794800 DEOPT PACKING pc=0x0000019b88cae0ff sp=0x0000002597afcb30
Event: 1.001 Thread 0x0000019bfc794800 DEOPT UNPACKING pc=0x0000019b8871a95e sp=0x0000002597afbf80 mode 0

Classes redefined (0 events):
No events

Internal exceptions (10 events):
Event: 0.327 Thread 0x0000019bfc794800 Exception <a 'java/lang/NoSuchMethodError'{0x00000000e7801348}: <clinit>> (0x00000000e7801348) thrown at [s\src\hotspot\share\prims\jni.cpp, line 1372]
Event: 0.328 Thread 0x0000019bfc794800 Exception <a 'java/lang/NoSuchMethodError'{0x00000000e780bab0}: <clinit>> (0x00000000e780bab0) thrown at [s\src\hotspot\share\prims\jni.cpp, line 1372]
Event: 0.330 Thread 0x0000019bfc794800 Exception <a 'java/lang/NoSuchMethodError'{0x00000000e7816a88}: <clinit>> (0x00000000e7816a88) thrown at [s\src\hotspot\share\prims\jni.cpp, line 1372]
Event: 0.470 Thread 0x0000019bfc794800 Exception <a 'java/lang/NoSuchMethodError'{0x00000000e72466d0}: 'java.lang.Object java.lang.invoke.DirectMethodHandle$Holder.invokeVirtual(java.lang.Object, java.lang.Object, java.lang.Object, java.lang.Object, java.lang.Object, java.lang.Object, java.lang.Object)'> (0x00000000e72466d0) thrown at [s\src\hotspot\share\interpreter\linkResolver.cpp, line 773]
Event: 0.472 Thread 0x0000019bfc794800 Exception <a 'java/lang/NoSuchMethodError'{0x00000000e725a2a0}: 'java.lang.Object java.lang.invoke.Invokers$Holder.invoker(java.lang.Object, java.lang.Object, java.lang.Object)'> (0x00000000e725a2a0) thrown at [s\src\hotspot\share\interpreter\linkResolver.cpp, line 773]
Event: 0.475 Thread 0x0000019bfc794800 Exception <a 'java/lang/NoSuchMethodError'{0x00000000e726a9c8}: 'void java.lang.invoke.DelegatingMethodHandle$Holder.delegate(java.lang.Object, java.lang.Object, int, java.lang.Object)'> (0x00000000e726a9c8) thrown at [s\src\hotspot\share\interpreter\linkResolver.cpp, line 773]
Event: 0.627 Thread 0x0000019bfc794800 Exception <a 'java/lang/NoSuchMethodError'{0x00000000e7cbdc30}: 'java.lang.Object java.lang.invoke.DirectMethodHandle$Holder.invokeStaticInit(java.lang.Object, int, int, int, int)'> (0x00000000e7cbdc30) thrown at [s\src\hotspot\share\interpreter\linkResolver.cpp, line 773]
Event: 0.848 Thread 0x0000019bfc794800 Exception <a 'java/lang/NoSuchMethodError'{0x00000000e7b48ec8}: 'java.lang.Object java.lang.invoke.DirectMethodHandle$Holder.invokeStaticInit(java.lang.Object, java.lang.Object, int, int, int, int)'> (0x00000000e7b48ec8) thrown at [s\src\hotspot\share\interpreter\linkResolver.cpp, line 773]
Event: 0.985 Thread 0x0000019bfc794800 Exception <a 'java/lang/NoSuchMethodError'{0x00000000e7a50410}: 'java.lang.Object java.lang.invoke.DirectMethodHandle$Holder.invokeVirtual(java.lang.Object, java.lang.Object, java.lang.Object)'> (0x00000000e7a50410) thrown at [s\src\hotspot\share\interpreter\linkResolver.cpp, line 773]
Event: 1.016 Thread 0x0000019bfc794800 Exception <a 'java/lang/NoSuchMethodError'{0x00000000e78bd8b0}: 'int java.lang.invoke.DirectMethodHandle$Holder.invokeVirtual(java.lang.Object, java.lang.Object)'> (0x00000000e78bd8b0) thrown at [s\src\hotspot\share\interpreter\linkResolver.cpp, line 773]

Events (20 events):
Event: 1.019 loading class java/io/UnsupportedEncodingException
Event: 1.019 loading class java/io/UnsupportedEncodingException done
Event: 1.020 loading class java/util/Formatter
Event: 1.020 loading class java/util/Formatter done
Event: 1.021 loading class java/util/regex/Pattern$GroupTail
Event: 1.021 loading class java/util/regex/Pattern$GroupTail done
Event: 1.021 loading class java/util/regex/Pattern$BmpCharPropertyGreedy
Event: 1.021 loading class java/util/regex/Pattern$CharPropertyGreedy
Event: 1.021 loading class java/util/regex/Pattern$CharPropertyGreedy done
Event: 1.021 loading class java/util/regex/Pattern$BmpCharPropertyGreedy done
Event: 1.021 loading class java/util/regex/Pattern$Ques
Event: 1.021 loading class java/util/regex/Pattern$Ques done
Event: 1.021 loading class java/util/regex/Pattern$Qtype
Event: 1.021 loading class java/util/regex/Pattern$Qtype done
Event: 1.021 loading class java/util/regex/Pattern$BranchConn
Event: 1.021 loading class java/util/regex/Pattern$BranchConn done
Event: 1.022 loading class java/util/regex/Pattern$Branch
Event: 1.022 loading class java/util/regex/Pattern$Branch done
Event: 1.022 loading class java/util/regex/Pattern$BitClass
Event: 1.022 loading class java/util/regex/Pattern$BitClass done


Dynamic libraries:
0x00007ff681ac0000 - 0x00007ff681ace000 	C:\Users\tleva\.jdks\corretto-11.0.26\bin\java.exe
0x00007ffa4eae0000 - 0x00007ffa4ed40000 	C:\WINDOWS\SYSTEM32\ntdll.dll
0x00007ffa4dac0000 - 0x00007ffa4db87000 	C:\WINDOWS\System32\KERNEL32.DLL
0x00007ffa4c060000 - 0x00007ffa4c42a000 	C:\WINDOWS\System32\KERNELBASE.dll
0x00007ffa4bcc0000 - 0x00007ffa4be0b000 	C:\WINDOWS\System32\ucrtbase.dll
0x00007ffa3cf80000 - 0x00007ffa3cf9b000 	C:\Users\tleva\.jdks\corretto-11.0.26\bin\VCRUNTIME140.dll
0x00007ffa3ce80000 - 0x00007ffa3ce97000 	C:\Users\tleva\.jdks\corretto-11.0.26\bin\jli.dll
0x00007ffa4cee0000 - 0x00007ffa4d0ac000 	C:\WINDOWS\System32\USER32.dll
0x00007ffa2f470000 - 0x00007ffa2f707000 	C:\WINDOWS\WinSxS\amd64_microsoft.windows.common-controls_6595b64144ccf1df_6.0.26100.3624_none_3e086962e3345f24\COMCTL32.dll
0x00007ffa4be10000 - 0x00007ffa4be37000 	C:\WINDOWS\System32\win32u.dll
0x00007ffa4e7d0000 - 0x00007ffa4e879000 	C:\WINDOWS\System32\msvcrt.dll
0x00007ffa4e4b0000 - 0x00007ffa4e4da000 	C:\WINDOWS\System32\GDI32.dll
0x00007ffa4c650000 - 0x00007ffa4c781000 	C:\WINDOWS\System32\gdi32full.dll
0x00007ffa4bfb0000 - 0x00007ffa4c053000 	C:\WINDOWS\System32\msvcp_win.dll
0x00007ffa4c9e0000 - 0x00007ffa4ca0f000 	C:\WINDOWS\System32\IMM32.DLL
0x00007ffa45950000 - 0x00007ffa4595c000 	C:\Users\tleva\.jdks\corretto-11.0.26\bin\vcruntime140_1.dll
0x00007ffa1aa20000 - 0x00007ffa1aaad000 	C:\Users\tleva\.jdks\corretto-11.0.26\bin\msvcp140.dll
0x00007ff9d7ab0000 - 0x00007ff9d8675000 	C:\Users\tleva\.jdks\corretto-11.0.26\bin\server\jvm.dll
0x00007ffa4d5b0000 - 0x00007ffa4d662000 	C:\WINDOWS\System32\ADVAPI32.dll
0x00007ffa4e720000 - 0x00007ffa4e7c6000 	C:\WINDOWS\System32\sechost.dll
0x00007ffa4e600000 - 0x00007ffa4e716000 	C:\WINDOWS\System32\RPCRT4.dll
0x00007ffa4dc20000 - 0x00007ffa4dc94000 	C:\WINDOWS\System32\WS2_32.dll
0x00007ffa4ca20000 - 0x00007ffa4ca28000 	C:\WINDOWS\System32\PSAPI.DLL
0x00007ffa3c9d0000 - 0x00007ffa3ca06000 	C:\WINDOWS\SYSTEM32\WINMM.dll
0x00007ffa428b0000 - 0x00007ffa428bb000 	C:\WINDOWS\SYSTEM32\VERSION.dll
0x00007ffa4aaa0000 - 0x00007ffa4aaba000 	C:\WINDOWS\SYSTEM32\kernel.appcore.dll
0x00007ffa44660000 - 0x00007ffa44670000 	C:\Users\tleva\.jdks\corretto-11.0.26\bin\verify.dll
0x00007ffa3c320000 - 0x00007ffa3c561000 	C:\WINDOWS\SYSTEM32\DBGHELP.DLL
0x00007ffa4d670000 - 0x00007ffa4d9f2000 	C:\WINDOWS\System32\combase.dll
0x00007ffa4e3d0000 - 0x00007ffa4e4a6000 	C:\WINDOWS\System32\OLEAUT32.dll
0x00007ff9c9d80000 - 0x00007ff9c9db9000 	C:\WINDOWS\SYSTEM32\dbgcore.DLL
0x00007ffa4c5b0000 - 0x00007ffa4c649000 	C:\WINDOWS\System32\bcryptPrimitives.dll
0x00007ffa3c9a0000 - 0x00007ffa3c9c8000 	C:\Users\tleva\.jdks\corretto-11.0.26\bin\java.dll
0x00007ffa42d80000 - 0x00007ffa42d8a000 	C:\Users\tleva\.jdks\corretto-11.0.26\bin\jimage.dll
0x00007ffa3c960000 - 0x00007ffa3c978000 	C:\Users\tleva\.jdks\corretto-11.0.26\bin\zip.dll
0x00007ffa4dca0000 - 0x00007ffa4e3c9000 	C:\WINDOWS\System32\SHELL32.dll
0x00007ffa4be40000 - 0x00007ffa4bfa8000 	C:\WINDOWS\System32\wintypes.dll
0x00007ffa49940000 - 0x00007ffa4a192000 	C:\WINDOWS\SYSTEM32\windows.storage.dll
0x00007ffa4e510000 - 0x00007ffa4e5fd000 	C:\WINDOWS\System32\SHCORE.dll
0x00007ffa4da00000 - 0x00007ffa4da64000 	C:\WINDOWS\System32\shlwapi.dll
0x00007ffa4bbd0000 - 0x00007ffa4bbff000 	C:\WINDOWS\SYSTEM32\profapi.dll
0x00007ffa3c940000 - 0x00007ffa3c959000 	C:\Users\tleva\.jdks\corretto-11.0.26\bin\net.dll
0x00007ffa3f310000 - 0x00007ffa3f42d000 	C:\WINDOWS\SYSTEM32\WINHTTP.dll
0x00007ffa4aff0000 - 0x00007ffa4b05a000 	C:\WINDOWS\system32\mswsock.dll
0x00007ffa3c8a0000 - 0x00007ffa3c8b2000 	C:\Users\tleva\.jdks\corretto-11.0.26\bin\nio.dll
0x00007ffa4b290000 - 0x00007ffa4b2ac000 	C:\WINDOWS\SYSTEM32\CRYPTSP.dll
0x00007ffa4aa00000 - 0x00007ffa4aa3a000 	C:\WINDOWS\system32\rsaenh.dll
0x00007ffa4b090000 - 0x00007ffa4b0bb000 	C:\WINDOWS\SYSTEM32\USERENV.dll
0x00007ffa4bba0000 - 0x00007ffa4bbc6000 	C:\WINDOWS\SYSTEM32\bcrypt.dll
0x00007ffa4b2b0000 - 0x00007ffa4b2bc000 	C:\WINDOWS\SYSTEM32\CRYPTBASE.dll
0x00007ffa4a550000 - 0x00007ffa4a583000 	C:\WINDOWS\SYSTEM32\IPHLPAPI.DLL
0x00007ffa4ca30000 - 0x00007ffa4ca3a000 	C:\WINDOWS\System32\NSI.dll
0x00007ffa428c0000 - 0x00007ffa428df000 	C:\WINDOWS\SYSTEM32\dhcpcsvc6.DLL
0x00007ffa3f170000 - 0x00007ffa3f195000 	C:\WINDOWS\SYSTEM32\dhcpcsvc.DLL
0x00007ffa4a5a0000 - 0x00007ffa4a6c5000 	C:\WINDOWS\SYSTEM32\DNSAPI.dll

dbghelp: loaded successfully - version: 4.0.5 - missing functions: none
symbol engine: initialized successfully - sym options: 0x614 - pdb path: .;C:\Users\tleva\.jdks\corretto-11.0.26\bin;C:\WINDOWS\SYSTEM32;C:\WINDOWS\WinSxS\amd64_microsoft.windows.common-controls_6595b64144ccf1df_6.0.26100.3624_none_3e086962e3345f24;C:\Users\tleva\.jdks\corretto-11.0.26\bin\server

VM Arguments:
jvm_args: -Dchromeoptions.prefs=profile.password_manager_leak_detection=false -Dorg.gradle.internal.worker.tmpdir=C:\Users\tleva\IdeaProjects\BDD\build\tmp\test\work -Dorg.gradle.native=false -Dselenide.headless -Xmx512m -Dfile.encoding=UTF-8 -Duser.country=RU -Duser.language=ru -Duser.variant -ea 
java_command: worker.org.gradle.process.internal.worker.GradleWorkerMain 'Gradle Test Executor 1'
java_class_path (initial): C:\\Users\\tleva\\.gradle\\caches\\7.6\\workerMain\\gradle-worker.jar;C:\\Users\\tleva\\IdeaProjects\\BDD\\build\\classes\\java\\test;C:\\Users\\tleva\\IdeaProjects\\BDD\\build\\classes\\java\\main;C:\\Users\\tleva\\.gradle\\caches\\modules-2\\files-2.1\\com.github.javafaker\\javafaker\\1.0.2\\be0ff271b1208416822db4438864df47f90af92f\\javafaker-1.0.2.jar;C:\\Users\\tleva\\.gradle\\caches\\modules-2\\files-2.1\\org.junit.jupiter\\junit-jupiter-params\\5.10.2\\359132c82a9d3fa87a325db6edd33b5fdc67a3d8\\junit-jupiter-params-5.10.2.jar;C:\\Users\\tleva\\.gradle\\caches\\modules-2\\files-2.1\\org.junit.jupiter\\junit-jupiter-engine\\5.10.2\\f1f8fe97bd58e85569205f071274d459c2c4f8cd\\junit-jupiter-engine-5.10.2.jar;C:\\Users\\tleva\\.gradle\\caches\\modules-2\\files-2.1\\org.junit.jupiter\\junit-jupiter-api\\5.10.2\\fb55d6e2bce173f35fd28422e7975539621055ef\\junit-jupiter-api-5.10.2.jar;C:\\Users\\tleva\\.gradle\\caches\\modules-2\\files-2.1\\org.junit.platform\\junit-platform-engine\\1.10.2\\d53bb4e0ce7f211a498705783440614bfaf0df2e\\junit-platform-engine-1.10.2.jar;C:\\Users\\tleva\\.gradle\\caches\\modules-2\\files-2.1\\org.junit.platform\\junit-platform-commons\\1.10.2\\3197154a1f0c88da46c47a9ca27611ac7ec5d797\\junit-platform-commons-1.10.2.jar;C:\\Users\\tleva\\.gradle\\caches\\modules-2\\files-2.1\\org.junit.jupiter\\junit-jupiter\\5.10.2\\831c0b86ddc2ce38391c5b81ea662b0cfdc02cce\\junit-jupiter-5.10.2.jar;C:\\Users\\tleva\\.gradle\\caches\\modules-2\\files-2.1\\com.codeborne\\selenide\\6.19.1\\286edcfef9fbac630b75d8e0220c144e40e6d008\\selenide-6.19.1.jar;C:\\Users\\tleva\\.gradle\\caches\\modules-2\\files-2.1\\com.codeborne\\selenide-core\\6.19.1\\308e55c332289f9d9cfe6e5cd778ab0848721c5b\\selenide-core-6.19.1.jar;C:\\Users\\tleva\\.gradle\\caches\\modules-2\\files-2.1\\org.apache.commons\\commons-lang3\\3.13.0\\b7263237aa89c1f99b327197c41d0669707a462e\\commons-lang3-3.13.0.jar;C:\\Users\\tleva\\.gradle\\caches\\modules-2\\files-2.1\\org.yaml
Launcher Type: SUN_STANDARD

[Global flags]
     intx CICompilerCount                          = 3                                         {product} {ergonomic}
     uint ConcGCThreads                            = 1                                         {product} {ergonomic}
     uint G1ConcRefinementThreads                  = 4                                         {product} {ergonomic}
   size_t G1HeapRegionSize                         = 1048576                                   {product} {ergonomic}
    uintx GCDrainStackTargetSize                   = 64                                        {product} {ergonomic}
   size_t InitialHeapSize                          = 132120576                                 {product} {ergonomic}
   size_t MarkStackSize                            = 4194304                                   {product} {ergonomic}
   size_t MaxHeapSize                              = 536870912                                 {product} {command line}
   size_t MaxNewSize                               = 321912832                                 {product} {ergonomic}
   size_t MinHeapDeltaBytes                        = 1048576                                   {product} {ergonomic}
    uintx NonNMethodCodeHeapSize                   = 5830732                                {pd product} {ergonomic}
    uintx NonProfiledCodeHeapSize                  = 122913754                              {pd product} {ergonomic}
    uintx ProfiledCodeHeapSize                     = 122913754                              {pd product} {ergonomic}
    uintx ReservedCodeCacheSize                    = 251658240                              {pd product} {ergonomic}
     bool SegmentedCodeCache                       = true                                      {product} {ergonomic}
     bool UseCompressedClassPointers               = true                                 {lp64_product} {ergonomic}
     bool UseCompressedOops                        = true                                 {lp64_product} {ergonomic}
     bool UseG1GC                                  = true                                      {product} {ergonomic}
     bool UseLargePagesIndividualAllocation        = false                                  {pd product} {ergonomic}

Logging:
Log output configuration:
 #0: stdout all=warning uptime,level,tags
 #1: stderr all=off uptime,level,tags

Environment Variables:
PATH=C:\WINDOWS\system32;C:\WINDOWS;C:\WINDOWS\System32\Wbem;C:\WINDOWS\System32\WindowsPowerShell\v1.0\;C:\WINDOWS\System32\OpenSSH\;C:\Program Files\Git\cmd;C:\Users\tleva\AppData\Local\Programs\Eclipse Adoptium\jdk-11.0.25.9-hotspot\bin;C:\Users\tleva\AppData\Local\Microsoft\WindowsApps;C:\Users\tleva\AppData\Local\Programs\Microsoft VS Code\bin;
USERNAME=tleva
OS=Windows_NT
PROCESSOR_IDENTIFIER=Intel64 Family 6 Model 142 Stepping 12, GenuineIntel
TMP=C:\Users\tleva\AppData\Local\Temp
TEMP=C:\Users\tleva\AppData\Local\Temp



---------------  S Y S T E M  ---------------

OS: Windows 11 , 64 bit Build 26100 (10.0.26100.3775)
OS uptime: 5 days 15:25 hours
Hyper-V role detected

CPU:total 4 (initial active 4) (2 cores per cpu, 2 threads per core) family 6 model 142 stepping 12 microcode 0xde, cmov, cx8, fxsr, mmx, sse, sse2, sse3, ssse3, sse4.1, sse4.2, popcnt, avx, avx2, aes, clmul, erms, 3dnowpref, lzcnt, ht, tsc, tscinvbit, bmi1, bmi2, adx, fma

Memory: 4k page, system-wide physical 8025M (674M free)
TotalPageFile size 23385M (AvailPageFile size 5M)
current process WorkingSet (physical memory assigned to process): 91M, peak: 91M
current process commit charge ("private bytes"): 228M, peak: 228M

vm_info: OpenJDK 64-Bit Server VM (11.0.26+4-LTS) for windows-amd64 JRE (11.0.26+4-LTS), built on Jan 13 2025 17:23:34 by "Administrator" with MS VC++ 16.10 / 16.11 (VS2019)

END.
